<?xml version="1.0" encoding="utf-8"?>
<TestRun id="0ede68ee-40b7-4c76-ab8f-4278024e6ff0" name="runneradmin@runnervmvmocb 2026-09-11 13:19:13" runUser="runnervmvmocb\runneradmin" xmlns="http://microsoft.com/schemas/VisualStudio/TeamTest/2010">
  <Times creation="2026-09-11T13:19:13.4700351+00:00" queuing="2026-09-11T13:19:13.4700353+00:00" start="2026-09-11T13:19:12.6759351+00:00" finish="2026-09-11T13:19:19.4020622+00:00" />
  <TestSettings name="default" id="3efc1870-8e54-4662-b2e8-16752389ce4f">
    <Deployment runDeploymentRoot="runneradmin_runnervmvmocb_2026-09-11_13_19_13" />
  </TestSettings>
  <Results>
    <UnitTestResult executionId="589921d6-c4d2-466c-b78c-fcec33b9db1b" testId="729a321c-4e7d-ab51-3260-3d6be9d14627" testName="DevBox.Tests.EnvironmentPlatformFollowupTests.SiteUpdate_RejectsPhpRuntimePortCollisionBeforePersistence" computerName="runnervmvmocb" duration="00:00:00.0261906" startTime="2026-09-11T13:19:18.5102190+00:00" endTime="2026-09-11T13:19:18.5362639+00:00" testType="13cdc9d9-ddb5-4fa4-a97d-d965ccfc6d4b" outcome="Passed" testListId="8c84fa94-04c1-424b-9868-57a2d4851a1d" relativeResultsDirectory="589921d6-c4d2-466c-b78c-fcec33b9db1b" />
    <UnitTestResult executionId="244640dd-2751-4c35-ad4e-3b372bbb2e1e" testId="77f8a3cf-2514-876e-f3bf-0cc767ba775a" testName="DevBox.Tests.ProjectWorkspaceServiceTests.Detect_RecognizesLaravelAndComposerExtensions" computerName="runnervmvmocb" duration="00:00:00.0206025" startTime="2026-09-11T13:19:16.0933722+00:00" endTime="2026-09-11T13:19:16.1137257+00:00" testType="13cdc9d9-ddb5-4fa4-a97d-d965ccfc6d4b" outcome="Passed" testListId="8c84fa94-04c1-424b-9868-57a2d4851a1d" relativeResultsDirectory="244640dd-2751-4c35-ad4e-3b372bbb2e1e" />
    <UnitTestResult executionId="c7f58a27-07c9-4eea-a33c-357b7ea56964" testId="629de822-084c-34da-e341-dab2dda9c195" testName="DevBox.Tests.PhpExtensionInspectorTests.CheckAsync_InvalidPhpExecutable_ReportsRuntimeUnavailableInsteadOfThrowing" computerName="runnervmvmocb" duration="00:00:00.0655250" startTime="2026-09-11T13:19:13.4287534+00:00" endTime="2026-09-11T13:19:13.4842348+00:00" testType="13cdc9d9-ddb5-4fa4-a97d-d965ccfc6d4b" outcome="Passed" testListId="8c84fa94-04c1-424b-9868-57a2d4851a1d" relativeResultsDirectory="c7f58a27-07c9-4eea-a33c-357b7ea56964" />
    <UnitTestResult executionId="e04bb23b-f287-4669-890b-632d622194d5" testId="d59005ed-630a-c542-781a-0b9c7fed5afa" testName="DevBox.Tests.SiteManagerTests.Create_RejectsDocumentRootOutsideDevBox" computerName="runnervmvmocb" duration="00:00:00.0032948" startTime="2026-09-11T13:19:13.6502854+00:00" endTime="2026-09-11T13:19:13.6534302+00:00" testType="13cdc9d9-ddb5-4fa4-a97d-d965ccfc6d4b" outcome="Passed" testListId="8c84fa94-04c1-424b-9868-57a2d4851a1d" relativeResultsDirectory="e04bb23b-f287-4669-890b-632d622194d5" />
    <UnitTestResult executionId="7d5eab64-8064-438a-b2e7-c9cd18fcc998" testId="0a90a441-138a-8737-c1ab-5a8fd5d1689a" testName="DevBox.Tests.PhpManagerTests.SetExtensionEnabled_CollapsesDuplicateEntries" computerName="runnervmvmocb" duration="00:00:00.0064349" startTime="2026-09-11T13:19:13.4679960+00:00" endTime="2026-09-11T13:19:13.4742077+00:00" testType="13cdc9d9-ddb5-4fa4-a97d-d965ccfc6d4b" outcome="Passed" testListId="8c84fa94-04c1-424b-9868-57a2d4851a1d" relativeResultsDirectory="7d5eab64-8064-438a-b2e7-c9cd18fcc998" />
    <UnitTestResult executionId="438cb8fd-5c2a-474a-a942-9a9808ef7c4a" testId="830d074f-bc78-8e5c-41cb-4ab03fbc4ee7" testName="DevBox.Tests.ProcessManagerTests.StartAsync_OccupiedPort_RefusesToStartProcess" computerName="runnervmvmocb" duration="00:00:00.0026036" startTime="2026-09-11T13:19:14.0957662+00:00" endTime="2026-09-11T13:19:14.0982316+00:00" testType="13cdc9d9-ddb5-4fa4-a97d-d965ccfc6d4b" outcome="Passed" testListId="8c84fa94-04c1-424b-9868-57a2d4851a1d" relativeResultsDirectory="438cb8fd-5c2a-474a-a942-9a9808ef7c4a" />
    <UnitTestResult executionId="c6350249-1361-43d9-9932-9e6a66008d16" testId="0a3b5d94-fd16-63e8-5f2a-a5263520b8a1" testName="DevBox.Tests.EnvironmentPlatformRegressionTests.SnapshotRestore_RewritesIdentityRestoresDatabasePayloadAndRegistersSite" computerName="runnervmvmocb" duration="00:00:00.5438488" startTime="2026-09-11T13:19:14.4065768+00:00" endTime="2026-09-11T13:19:14.9511282+00:00" testType="13cdc9d9-ddb5-4fa4-a97d-d965ccfc6d4b" outcome="Passed" testListId="8c84fa94-04c1-424b-9868-57a2d4851a1d" relativeResultsDirectory="c6350249-1361-43d9-9932-9e6a66008d16" />
    <UnitTestResult executionId="c6f0f2a0-b38d-4632-995c-bc498e4cfd46" testId="4e61e85e-45b9-46ed-5960-97b250468b1d" testName="DevBox.Tests.RuntimeManagerTests.InstallAsync_RejectsPackageWithWrongHash" computerName="runnervmvmocb" duration="00:00:00.1650918" startTime="2026-09-11T13:19:14.6798673+00:00" endTime="2026-09-11T13:19:14.8452468+00:00" testType="13cdc9d9-ddb5-4fa4-a97d-d965ccfc6d4b" outcome="Passed" testListId="8c84fa94-04c1-424b-9868-57a2d4851a1d" relativeResultsDirectory="c6f0f2a0-b38d-4632-995c-bc498e4cfd46" />
    <UnitTestResult executionId="a6cbf336-84ed-41dc-950f-d1177a8ecd14" testId="8da41082-77d2-f6ac-db24-112c29ba5e87" testName="DevBox.Tests.DatabaseManagerTests.ValidateDatabaseName_RejectsUnsafeNames(value: &quot;app-test&quot;)" computerName="runnervmvmocb" duration="00:00:00.0000390" startTime="2026-09-11T13:19:13.7160332+00:00" endTime="2026-09-11T13:19:13.7161131+00:00" testType="13cdc9d9-ddb5-4fa4-a97d-d965ccfc6d4b" outcome="Passed" testListId="8c84fa94-04c1-424b-9868-57a2d4851a1d" relativeResultsDirectory="a6cbf336-84ed-41dc-950f-d1177a8ecd14" />
    <UnitTestResult executionId="962d7ff0-f935-4b0b-9448-b6df14d1f820" testId="503dfa1d-13b2-2060-3fe6-8ff5b36279c4" testName="DevBox.Tests.PostMergeAuditRound3Tests.PhpMyAdminPort_PrefersRunningRegisteredDatabase" computerName="runnervmvmocb" duration="00:00:00.0012935" startTime="2026-09-11T13:19:14.6137842+00:00" endTime="2026-09-11T13:19:14.6150633+00:00" testType="13cdc9d9-ddb5-4fa4-a97d-d965ccfc6d4b" outcome="Passed" testListId="8c84fa94-04c1-424b-9868-57a2d4851a1d" relativeResultsDirectory="962d7ff0-f935-4b0b-9448-b6df14d1f820" />
    <UnitTestResult executionId="8ff567d9-c9ab-4736-92df-519a9ab5ac49" testId="37780ad8-5a18-3c69-756e-a4867c876a4e" testName="DevBox.Tests.RollbackFinalTests.RollbackExecutor_ContinuesAfterFailureAndAggregatesErrors" computerName="runnervmvmocb" duration="00:00:00.0010312" startTime="2026-09-11T13:19:14.9506137+00:00" endTime="2026-09-11T13:19:14.9516390+00:00" testType="13cdc9d9-ddb5-4fa4-a97d-d965ccfc6d4b" outcome="Passed" testListId="8c84fa94-04c1-424b-9868-57a2d4851a1d" relativeResultsDirectory="8ff567d9-c9ab-4736-92df-519a9ab5ac49" />
    <UnitTestResult executionId="89d87746-d4d6-4533-b41f-a964841637fb" testId="d91f5c36-5fe8-0360-2844-906210fe9454" testName="DevBox.Tests.DatabaseManagerTests.ValidateDatabaseName_RejectsUnsafeNames(value: &quot;app;DROP DATABASE mysql&quot;)" computerName="runnervmvmocb" duration="00:00:00.0003797" startTime="2026-09-11T13:19:13.7141455+00:00" endTime="2026-09-11T13:19:13.7144240+00:00" testType="13cdc9d9-ddb5-4fa4-a97d-d965ccfc6d4b" outcome="Passed" testListId="8c84fa94-04c1-424b-9868-57a2d4851a1d" relativeResultsDirectory="89d87746-d4d6-4533-b41f-a964841637fb" />
    <UnitTestResult executionId="61ea66e1-79a7-40ac-8a74-efb5c11e9ddd" testId="aff299fa-fd83-b965-54db-542ab9c64198" testName="DevBox.Tests.SiteManagerTests.SetPhpVersion_UpdatesMetadataAndRoutesToDedicatedFastCgiPort" computerName="runnervmvmocb" duration="00:00:00.0662050" startTime="2026-09-11T13:19:13.4876243+00:00" endTime="2026-09-11T13:19:13.5538449+00:00" testType="13cdc9d9-ddb5-4fa4-a97d-d965ccfc6d4b" outcome="Passed" testListId="8c84fa94-04c1-424b-9868-57a2d4851a1d" relativeResultsDirectory="61ea66e1-79a7-40ac-8a74-efb5c11e9ddd" />
    <UnitTestResult executionId="0b2f5fe6-2902-4be8-a71f-45176fa277db" testId="0e66f654-46ac-3f0e-f8cc-4c7e2c774bc2" testName="DevBox.Tests.SiteManagerTests.Create_WritesMetadataDocumentRootAndNginxConfig" computerName="runnervmvmocb" duration="00:00:00.0080376" startTime="2026-09-11T13:19:13.6421526+00:00" endTime="2026-09-11T13:19:13.6500614+00:00" testType="13cdc9d9-ddb5-4fa4-a97d-d965ccfc6d4b" outcome="Passed" testListId="8c84fa94-04c1-424b-9868-57a2d4851a1d" relativeResultsDirectory="0b2f5fe6-2902-4be8-a71f-45176fa277db" />
    <UnitTestResult executionId="96458dcc-5a8a-4275-9705-f05f4001b803" testId="cca63c8f-8263-6629-e605-419fd02a3590" testName="DevBox.Tests.ProjectDatabaseProvisionerTests.EscapePgPass_RejectsLineBreaks" computerName="runnervmvmocb" duration="00:00:00.0002656" startTime="2026-09-11T13:19:13.9586897+00:00" endTime="2026-09-11T13:19:13.9587565+00:00" testType="13cdc9d9-ddb5-4fa4-a97d-d965ccfc6d4b" outcome="Passed" testListId="8c84fa94-04c1-424b-9868-57a2d4851a1d" relativeResultsDirectory="96458dcc-5a8a-4275-9705-f05f4001b803" />
    <UnitTestResult executionId="b0379921-d0c7-4f68-b24a-2cb3e663b08f" testId="feeb2574-463c-6fe5-0ba4-a19b41b1ca59" testName="DevBox.Tests.BundledRuntimeTests.InstallAsync_BundledOnlyRuntimeMissing_FailsWithoutNetworkFallback" computerName="runnervmvmocb" duration="00:00:00.0064436" startTime="2026-09-11T13:19:14.6514056+00:00" endTime="2026-09-11T13:19:14.6577596+00:00" testType="13cdc9d9-ddb5-4fa4-a97d-d965ccfc6d4b" outcome="Passed" testListId="8c84fa94-04c1-424b-9868-57a2d4851a1d" relativeResultsDirectory="b0379921-d0c7-4f68-b24a-2cb3e663b08f" />
    <UnitTestResult executionId="26bbb34b-eaa3-43b6-9dc0-0f77c32817b0" testId="8b8af3fd-675d-5d33-8d26-bbd0ac7fd01a" testName="DevBox.Tests.EnvironmentPlatformFollowupTests.SiteRegistration_RestoresPreexistingVhostWhenMetadataPersistenceFails" computerName="runnervmvmocb" duration="00:00:00.0143540" startTime="2026-09-11T13:19:18.5364843+00:00" endTime="2026-09-11T13:19:18.5507565+00:00" testType="13cdc9d9-ddb5-4fa4-a97d-d965ccfc6d4b" outcome="Passed" testListId="8c84fa94-04c1-424b-9868-57a2d4851a1d" relativeResultsDirectory="26bbb34b-eaa3-43b6-9dc0-0f77c32817b0" />
    <UnitTestResult executionId="da6927ad-70f4-4202-9031-2ba13e04fcc7" testId="38944981-5b11-3bd3-6a9a-3ad2f3c52c22" testName="DevBox.Tests.ProjectWorkspaceServiceTests.Import_InPlaceOutsideWwwIsRejected" computerName="runnervmvmocb" duration="00:00:00.0373504" startTime="2026-09-11T13:19:16.0057358+00:00" endTime="2026-09-11T13:19:16.0428164+00:00" testType="13cdc9d9-ddb5-4fa4-a97d-d965ccfc6d4b" outcome="Passed" testListId="8c84fa94-04c1-424b-9868-57a2d4851a1d" relativeResultsDirectory="da6927ad-70f4-4202-9031-2ba13e04fcc7" />
    <UnitTestResult executionId="45611853-4869-404b-841a-997162f1f077" testId="9e218de8-42f9-a1e3-e4eb-ca768bbc229f" testName="DevBox.Tests.ProcessManagerTests.StartAsync_InvalidExecutable_ReportsControlledError" computerName="runnervmvmocb" duration="00:00:00.0479885" startTime="2026-09-11T13:19:14.1681832+00:00" endTime="2026-09-11T13:19:14.2159690+00:00" testType="13cdc9d9-ddb5-4fa4-a97d-d965ccfc6d4b" outcome="Passed" testListId="8c84fa94-04c1-424b-9868-57a2d4851a1d" relativeResultsDirectory="45611853-4869-404b-841a-997162f1f077" />
    <UnitTestResult executionId="79253dcb-6d0d-46ef-907d-21a9a74f9889" testId="50e94035-1e9a-243e-7abf-8f5453fdae40" testName="DevBox.Tests.ArchiveSafetyTests.DownloadToFileAsync_RejectsOversizedDeclaredContentLength" computerName="runnervmvmocb" duration="00:00:00.0023816" startTime="2026-09-11T13:19:13.7377989+00:00" endTime="2026-09-11T13:19:13.7397822+00:00" testType="13cdc9d9-ddb5-4fa4-a97d-d965ccfc6d4b" outcome="Passed" testListId="8c84fa94-04c1-424b-9868-57a2d4851a1d" relativeResultsDirectory="79253dcb-6d0d-46ef-907d-21a9a74f9889" />
    <UnitTestResult executionId="53602aa0-d6f8-4982-80b7-2de74b902ba7" testId="517217fb-3d73-bae3-4c69-cd2cdda46d21" testName="DevBox.Tests.PhpRuntimePoolManagerTests.BuildVersionIni_RejectsRuntimeDirectoryForDifferentVersion" computerName="runnervmvmocb" duration="00:00:00.0032296" startTime="2026-09-11T13:19:14.8585699+00:00" endTime="2026-09-11T13:19:14.8602498+00:00" testType="13cdc9d9-ddb5-4fa4-a97d-d965ccfc6d4b" outcome="Passed" testListId="8c84fa94-04c1-424b-9868-57a2d4851a1d" relativeResultsDirectory="53602aa0-d6f8-4982-80b7-2de74b902ba7" />
    <UnitTestResult executionId="8b3a8f02-f8d2-4fc8-a8b4-cef99be9784c" testId="dab6ad05-cee1-2563-0c4f-ce9f1050c99f" testName="DevBox.Tests.PostMergeRegressionTests.EnvironmentLock_PrerequisiteWarning_DoesNotCommitProjectMetadata" computerName="runnervmvmocb" duration="00:00:00.0299299" startTime="2026-09-11T13:19:14.1915539+00:00" endTime="2026-09-11T13:19:14.2213681+00:00" testType="13cdc9d9-ddb5-4fa4-a97d-d965ccfc6d4b" outcome="Passed" testListId="8c84fa94-04c1-424b-9868-57a2d4851a1d" relativeResultsDirectory="8b3a8f02-f8d2-4fc8-a8b4-cef99be9784c" />
    <UnitTestResult executionId="37914db0-5858-4017-bfa4-6c2fa8567ea3" testId="c5e87dc4-8ae2-f6e4-2944-c523b0ae8d96" testName="DevBox.Tests.PhpManagerTests.SetExtensionEnabled_RecognizesInlineCommentAndCanonicalizesEntry" computerName="runnervmvmocb" duration="00:00:00.0182175" startTime="2026-09-11T13:19:13.4284421+00:00" endTime="2026-09-11T13:19:13.4372281+00:00" testType="13cdc9d9-ddb5-4fa4-a97d-d965ccfc6d4b" outcome="Passed" testListId="8c84fa94-04c1-424b-9868-57a2d4851a1d" relativeResultsDirectory="37914db0-5858-4017-bfa4-6c2fa8567ea3" />
    <UnitTestResult executionId="a90d4d14-8ebb-4d77-9eaf-295bd0798b80" testId="9d4a21fd-276f-e9e7-857d-c05e8a738567" testName="DevBox.Tests.PostMergeAuditRound2Tests.LocalCertificateManager_Ensure_ReplacesWrongDomainMaterial" computerName="runnervmvmocb" duration="00:00:00.8158467" startTime="2026-09-11T13:19:15.4968907+00:00" endTime="2026-09-11T13:19:16.3125152+00:00" testType="13cdc9d9-ddb5-4fa4-a97d-d965ccfc6d4b" outcome="Passed" testListId="8c84fa94-04c1-424b-9868-57a2d4851a1d" relativeResultsDirectory="a90d4d14-8ebb-4d77-9eaf-295bd0798b80" />
    <UnitTestResult executionId="d2152455-11da-4770-9270-a970e28e9d57" testId="e888f9d6-422e-c443-03e6-93bb962ce9d4" testName="DevBox.Tests.EnvironmentPlatformRegressionTests.MarketplaceSync_RemovesWithdrawnRemoteEntries" computerName="runnervmvmocb" duration="00:00:00.1434528" startTime="2026-09-11T13:19:14.2629227+00:00" endTime="2026-09-11T13:19:14.4063410+00:00" testType="13cdc9d9-ddb5-4fa4-a97d-d965ccfc6d4b" outcome="Passed" testListId="8c84fa94-04c1-424b-9868-57a2d4851a1d" relativeResultsDirectory="d2152455-11da-4770-9270-a970e28e9d57" />
    <UnitTestResult executionId="49454828-44c8-4311-aac1-ce1a252d5b8d" testId="9d889ca3-0e5e-ec06-c81d-ef10b040c4a4" testName="DevBox.Tests.EnvironmentPlatformFollowupTests.SiteUpdate_RestoresVhostsWhenMetadataPersistenceFails" computerName="runnervmvmocb" duration="00:00:00.0148134" startTime="2026-09-11T13:19:16.9140477+00:00" endTime="2026-09-11T13:19:16.9286767+00:00" testType="13cdc9d9-ddb5-4fa4-a97d-d965ccfc6d4b" outcome="Passed" testListId="8c84fa94-04c1-424b-9868-57a2d4851a1d" relativeResultsDirectory="49454828-44c8-4311-aac1-ce1a252d5b8d" />
    <UnitTestResult executionId="627f3f27-2112-495c-9bd4-cdcc81b702ae" testId="869c6ae8-14d3-77fa-efe0-74f156582fcd" testName="DevBox.Tests.DatabaseManagerTests.ValidateMutableDatabaseName_AllowsApplicationDatabase" computerName="runnervmvmocb" duration="00:00:00.0000591" startTime="2026-09-11T13:19:13.7173132+00:00" endTime="2026-09-11T13:19:13.7173857+00:00" testType="13cdc9d9-ddb5-4fa4-a97d-d965ccfc6d4b" outcome="Passed" testListId="8c84fa94-04c1-424b-9868-57a2d4851a1d" relativeResultsDirectory="627f3f27-2112-495c-9bd4-cdcc81b702ae" />
    <UnitTestResult executionId="be624b7e-8a8b-45c0-9f39-1ea38ffe22e5" testId="d586e30d-e27f-f432-c457-64822892371b" testName="DevBox.Tests.ProjectStackProfileServiceTests.CustomProfileCanOverrideBuiltInProfile" computerName="runnervmvmocb" duration="00:00:00.0227537" startTime="2026-09-11T13:19:13.6586293+00:00" endTime="2026-09-11T13:19:13.6816180+00:00" testType="13cdc9d9-ddb5-4fa4-a97d-d965ccfc6d4b" outcome="Passed" testListId="8c84fa94-04c1-424b-9868-57a2d4851a1d" relativeResultsDirectory="be624b7e-8a8b-45c0-9f39-1ea38ffe22e5" />
    <UnitTestResult executionId="489e4d1b-e6c3-4983-9f22-0c20f850d855" testId="4792a317-115c-da09-da87-7e9483d72fe6" testName="DevBox.Tests.DatabaseManagerTests.ValidateDatabaseName_AcceptsSafeNames(value: &quot;app&quot;)" computerName="runnervmvmocb" duration="00:00:00.0000077" startTime="2026-09-11T13:19:13.7167761+00:00" endTime="2026-09-11T13:19:13.7168495+00:00" testType="13cdc9d9-ddb5-4fa4-a97d-d965ccfc6d4b" outcome="Passed" testListId="8c84fa94-04c1-424b-9868-57a2d4851a1d" relativeResultsDirectory="489e4d1b-e6c3-4983-9f22-0c20f850d855" />
    <UnitTestResult executionId="17daab22-6cb3-406c-83ff-8db96df29195" testId="ca8829f2-f3ef-41ec-9cd4-9e644442cf9f" testName="DevBox.Tests.AddonCatalogTests.Manifest_PhpExtensionDirectiveInjection_IsRejected" computerName="runnervmvmocb" duration="00:00:00.0024058" startTime="2026-09-11T13:19:13.8109071+00:00" endTime="2026-09-11T13:19:13.8131680+00:00" testType="13cdc9d9-ddb5-4fa4-a97d-d965ccfc6d4b" outcome="Passed" testListId="8c84fa94-04c1-424b-9868-57a2d4851a1d" relativeResultsDirectory="17daab22-6cb3-406c-83ff-8db96df29195" />
    <UnitTestResult executionId="693a6677-16d7-4749-9695-69fa355e3580" testId="83516319-995f-1d80-1fde-241833ad60f1" testName="DevBox.Tests.ApplicationUpdateServiceTests.ParseReleaseVersion_UnsupportedTag_Throws(tag: &quot;v1.2.3-beta.1&quot;)" computerName="runnervmvmocb" duration="00:00:00.0003297" startTime="2026-09-11T13:19:13.4101091+00:00" endTime="2026-09-11T13:19:13.4101943+00:00" testType="13cdc9d9-ddb5-4fa4-a97d-d965ccfc6d4b" outcome="Passed" testListId="8c84fa94-04c1-424b-9868-57a2d4851a1d" relativeResultsDirectory="693a6677-16d7-4749-9695-69fa355e3580" />
    <UnitTestResult executionId="ddb066e3-ae0a-45da-8482-941764e2aa51" testId="ac263c4e-4fb3-4e83-d075-4b0adefdbd16" testName="DevBox.Tests.PostMergeRegressionTests.LocalCertificateManager_MismatchedPrivateKey_IsNotHealthy" computerName="runnervmvmocb" duration="00:00:00.4521673" startTime="2026-09-11T13:19:13.7401128+00:00" endTime="2026-09-11T13:19:14.1913464+00:00" testType="13cdc9d9-ddb5-4fa4-a97d-d965ccfc6d4b" outcome="Passed" testListId="8c84fa94-04c1-424b-9868-57a2d4851a1d" relativeResultsDirectory="ddb066e3-ae0a-45da-8482-941764e2aa51" />
    <UnitTestResult executionId="05a914d6-fdad-4283-a454-9d27d42686fe" testId="e6c309b5-3a4d-997f-780f-692b6799f096" testName="DevBox.Tests.AddonCatalogTests.Manifest_MissingSha256_IsRejectedAsInvalidData" computerName="runnervmvmocb" duration="00:00:00.0023728" startTime="2026-09-11T13:19:13.8133604+00:00" endTime="2026-09-11T13:19:13.8156148+00:00" testType="13cdc9d9-ddb5-4fa4-a97d-d965ccfc6d4b" outcome="Passed" testListId="8c84fa94-04c1-424b-9868-57a2d4851a1d" relativeResultsDirectory="05a914d6-fdad-4283-a454-9d27d42686fe" />
    <UnitTestResult executionId="5c90787a-9e01-4796-ab6e-a29110b84f9e" testId="861539b8-5d76-fc23-54e4-bfd1acefd912" testName="DevBox.Tests.EnvironmentPlatformFollowupTests.LocalCa_RemoveAuthorityKeepsPasswordAndTrustWhenPfxDeletionFails" computerName="runnervmvmocb" duration="00:00:01.5810554" startTime="2026-09-11T13:19:16.9289478+00:00" endTime="2026-09-11T13:19:18.5099058+00:00" testType="13cdc9d9-ddb5-4fa4-a97d-d965ccfc6d4b" outcome="Passed" testListId="8c84fa94-04c1-424b-9868-57a2d4851a1d" relativeResultsDirectory="5c90787a-9e01-4796-ab6e-a29110b84f9e" />
    <UnitTestResult executionId="66d7b62d-bcef-4ca5-acea-b652e3af0386" testId="d6d3a757-79b5-8ccc-858f-dd43496a28c9" testName="DevBox.Tests.LogReaderTests.ReadTail_ReturnsRequestedLastLines" computerName="runnervmvmocb" duration="00:00:00.0115105" startTime="2026-09-11T13:19:13.4069098+00:00" endTime="2026-09-11T13:19:13.4281132+00:00" testType="13cdc9d9-ddb5-4fa4-a97d-d965ccfc6d4b" outcome="Passed" testListId="8c84fa94-04c1-424b-9868-57a2d4851a1d" relativeResultsDirectory="66d7b62d-bcef-4ca5-acea-b652e3af0386" />
    <UnitTestResult executionId="73e24f95-aa6d-4258-a906-b3c3732fc2b7" testId="deb64315-532c-be1e-d8a1-23aeff9d1d1e" testName="DevBox.Tests.XdebugBinaryInstallerTests.InstallFromFile_RejectsWrongChecksumWithoutReplacingExistingBinary" computerName="runnervmvmocb" duration="00:00:00.0198639" startTime="2026-09-11T13:19:13.9038700+00:00" endTime="2026-09-11T13:19:13.9223419+00:00" testType="13cdc9d9-ddb5-4fa4-a97d-d965ccfc6d4b" outcome="Passed" testListId="8c84fa94-04c1-424b-9868-57a2d4851a1d" relativeResultsDirectory="73e24f95-aa6d-4258-a906-b3c3732fc2b7" />
    <UnitTestResult executionId="6828ccd4-55ce-472d-86b7-7b2ea399d327" testId="5da855be-0ae3-7202-54f9-893f8d4b9a93" testName="DevBox.Tests.DatabaseManagerTests.ValidateDatabaseName_AcceptsSafeNames(value: &quot;A1&quot;)" computerName="runnervmvmocb" duration="00:00:00.0001142" startTime="2026-09-11T13:19:13.7165553+00:00" endTime="2026-09-11T13:19:13.7166293+00:00" testType="13cdc9d9-ddb5-4fa4-a97d-d965ccfc6d4b" outcome="Passed" testListId="8c84fa94-04c1-424b-9868-57a2d4851a1d" relativeResultsDirectory="6828ccd4-55ce-472d-86b7-7b2ea399d327" />
    <UnitTestResult executionId="9d73ca70-bc51-4b65-9a57-2161369c4f68" testId="c2ab07b1-9995-31f2-eb42-e448be1f646f" testName="DevBox.Tests.AddonInstallerTests.UninstallAsync_PathOutsideWww_IsRejected" computerName="runnervmvmocb" duration="00:00:00.0013549" startTime="2026-09-11T13:19:13.4858304+00:00" endTime="2026-09-11T13:19:13.4859036+00:00" testType="13cdc9d9-ddb5-4fa4-a97d-d965ccfc6d4b" outcome="Passed" testListId="8c84fa94-04c1-424b-9868-57a2d4851a1d" relativeResultsDirectory="9d73ca70-bc51-4b65-9a57-2161369c4f68" />
    <UnitTestResult executionId="82d73f9d-ff77-425b-81f9-d9333c4d1169" testId="28209eef-d1a2-d7d2-179b-8431bd1b9990" testName="DevBox.Tests.EnvironmentPlatformRegressionTests.DatabaseRuntime_ReregisterWithoutPortPreservesExistingPort" computerName="runnervmvmocb" duration="00:00:00.0363080" startTime="2026-09-11T13:19:14.9701098+00:00" endTime="2026-09-11T13:19:15.0062928+00:00" testType="13cdc9d9-ddb5-4fa4-a97d-d965ccfc6d4b" outcome="Passed" testListId="8c84fa94-04c1-424b-9868-57a2d4851a1d" relativeResultsDirectory="82d73f9d-ff77-425b-81f9-d9333c4d1169" />
    <UnitTestResult executionId="9d08d219-a662-4201-bcba-d18edbde16fc" testId="719bb473-f3f8-e90e-c51f-20e1a2bcac1d" testName="DevBox.Tests.ApplicationUpdateServiceTests.ParseReleaseVersion_StableTag_ReturnsVersion(tag: &quot;2.0.1&quot;, major: 2, minor: 0, patch: 1)" computerName="runnervmvmocb" duration="00:00:00.0003290" startTime="2026-09-11T13:19:13.4047869+00:00" endTime="2026-09-11T13:19:13.4048853+00:00" testType="13cdc9d9-ddb5-4fa4-a97d-d965ccfc6d4b" outcome="Passed" testListId="8c84fa94-04c1-424b-9868-57a2d4851a1d" relativeResultsDirectory="9d08d219-a662-4201-bcba-d18edbde16fc" />
    <UnitTestResult executionId="9b12de68-ca12-46a4-a202-1c2777578802" testId="2b985e99-e544-b07b-848c-9ccd45a9e22a" testName="DevBox.Tests.PhpExtensionInspectorTests.EnsureConfigured_DoesNotTreatExtensionDirAsConfiguredExtension" computerName="runnervmvmocb" duration="00:00:00.0056254" startTime="2026-09-11T13:19:13.4947332+00:00" endTime="2026-09-11T13:19:13.5002451+00:00" testType="13cdc9d9-ddb5-4fa4-a97d-d965ccfc6d4b" outcome="Passed" testListId="8c84fa94-04c1-424b-9868-57a2d4851a1d" relativeResultsDirectory="9b12de68-ca12-46a4-a202-1c2777578802" />
    <UnitTestResult executionId="8416d03c-6bca-402c-a7a7-4dc718fe22cf" testId="171e4570-2b23-e467-86ea-7f8976c94ae9" testName="DevBox.Tests.DeveloperToolsServiceTests.ResolveCommand_ReturnsNullWhenCandidateDoesNotExist" computerName="runnervmvmocb" duration="00:00:00.0014849" startTime="2026-09-11T13:19:14.8036918+00:00" endTime="2026-09-11T13:19:14.8038593+00:00" testType="13cdc9d9-ddb5-4fa4-a97d-d965ccfc6d4b" outcome="Passed" testListId="8c84fa94-04c1-424b-9868-57a2d4851a1d" relativeResultsDirectory="8416d03c-6bca-402c-a7a7-4dc718fe22cf" />
    <UnitTestResult executionId="bec68059-f1a1-4054-9312-adcbef76dcc3" testId="0918793d-fab4-9000-2fd3-6611e232be54" testName="DevBox.Tests.LocalCertificateManagerTests.Ensure_GeneratesReusableCertificateAndPrivateKey" computerName="runnervmvmocb" duration="00:00:00.3133053" startTime="2026-09-11T13:19:14.2654674+00:00" endTime="2026-09-11T13:19:14.5787072+00:00" testType="13cdc9d9-ddb5-4fa4-a97d-d965ccfc6d4b" outcome="Passed" testListId="8c84fa94-04c1-424b-9868-57a2d4851a1d" relativeResultsDirectory="bec68059-f1a1-4054-9312-adcbef76dcc3" />
    <UnitTestResult executionId="100c3c13-a3e5-4e8f-91a4-7dd264d0154a" testId="7e5a3c88-0a72-8436-9dc4-f9678f65fa89" testName="DevBox.Tests.AppSettingsServiceTests.IsStartupCommandForExecutable_RejectsLookalikeCommands(command: &quot;cmd.exe /c \&quot;C:\\Apps\\DevBox.exe\&quot; --startup&quot;)" computerName="runnervmvmocb" duration="00:00:00.0000099" startTime="2026-09-11T13:19:13.7070976+00:00" endTime="2026-09-11T13:19:13.7071595+00:00" testType="13cdc9d9-ddb5-4fa4-a97d-d965ccfc6d4b" outcome="Passed" testListId="8c84fa94-04c1-424b-9868-57a2d4851a1d" relativeResultsDirectory="100c3c13-a3e5-4e8f-91a4-7dd264d0154a" />
    <UnitTestResult executionId="eb1a3769-2808-42e6-8942-423262073b0e" testId="c52374e3-4254-c106-417f-9539e96e86dc" testName="DevBox.Tests.LogReaderTests.ReadTail_RejectsTraversal" computerName="runnervmvmocb" duration="00:00:00.0028589" startTime="2026-09-11T13:19:13.4053979+00:00" endTime="2026-09-11T13:19:13.4066665+00:00" testType="13cdc9d9-ddb5-4fa4-a97d-d965ccfc6d4b" outcome="Passed" testListId="8c84fa94-04c1-424b-9868-57a2d4851a1d" relativeResultsDirectory="eb1a3769-2808-42e6-8942-423262073b0e" />
    <UnitTestResult executionId="bc5b11a1-fd5f-4f60-9ac4-1a3111fb28b4" testId="f8e422a6-cd07-b558-0689-baf3f1ad2327" testName="DevBox.Tests.SiteManagerTests.Create_RejectsNonTestDomain" computerName="runnervmvmocb" duration="00:00:00.0058182" startTime="2026-09-11T13:19:13.4816535+00:00" endTime="2026-09-11T13:19:13.4874010+00:00" testType="13cdc9d9-ddb5-4fa4-a97d-d965ccfc6d4b" outcome="Passed" testListId="8c84fa94-04c1-424b-9868-57a2d4851a1d" relativeResultsDirectory="bc5b11a1-fd5f-4f60-9ac4-1a3111fb28b4" />
    <UnitTestResult executionId="6a48835d-d5ea-4c0f-80b1-c6885a9fc1d4" testId="50f5a84a-716e-f379-9837-cbcd9fdfed22" testName="DevBox.Tests.XdebugConfigurationServiceTests.Configure_RequiresXdebugBinaryWhenEnabling" computerName="runnervmvmocb" duration="00:00:00.0199582" startTime="2026-09-11T13:19:13.6411231+00:00" endTime="2026-09-11T13:19:13.6609607+00:00" testType="13cdc9d9-ddb5-4fa4-a97d-d965ccfc6d4b" outcome="Passed" testListId="8c84fa94-04c1-424b-9868-57a2d4851a1d" relativeResultsDirectory="6a48835d-d5ea-4c0f-80b1-c6885a9fc1d4" />
    <UnitTestResult executionId="cf650745-4c6b-4ece-ac42-7ee778721475" testId="9c6c9501-4666-58a2-7f67-aec69a2884e5" testName="DevBox.Tests.RegressionTests.HostsEnsureMapping_RemovesConflictingEntriesForSameDomain" computerName="runnervmvmocb" duration="00:00:00.0083175" startTime="2026-09-11T13:19:13.6867092+00:00" endTime="2026-09-11T13:19:13.6948986+00:00" testType="13cdc9d9-ddb5-4fa4-a97d-d965ccfc6d4b" outcome="Passed" testListId="8c84fa94-04c1-424b-9868-57a2d4851a1d" relativeResultsDirectory="cf650745-4c6b-4ece-ac42-7ee778721475" />
    <UnitTestResult executionId="de673a07-ac49-40db-afb7-07b3e4be4306" testId="4a6f0ca5-2736-a8fa-243e-b135db1ab610" testName="DevBox.Tests.PhpRuntimePoolManagerTests.GetPort_IsStableAndInDedicatedRange" computerName="runnervmvmocb" duration="00:00:00.0008644" startTime="2026-09-11T13:19:14.8681837+00:00" endTime="2026-09-11T13:19:14.8689199+00:00" testType="13cdc9d9-ddb5-4fa4-a97d-d965ccfc6d4b" outcome="Passed" testListId="8c84fa94-04c1-424b-9868-57a2d4851a1d" relativeResultsDirectory="de673a07-ac49-40db-afb7-07b3e4be4306" />
    <UnitTestResult executionId="e1258d79-ca2d-431c-bccb-7fd5131c74a6" testId="be5bf9b1-deb2-c10f-1194-67e524a0220b" testName="DevBox.Tests.ArchiveSafetyTests.ExtractZipSafely_RejectsAlternateDataStreamSyntax" computerName="runnervmvmocb" duration="00:00:00.0030396" startTime="2026-09-11T13:19:13.7179114+00:00" endTime="2026-09-11T13:19:13.7190850+00:00" testType="13cdc9d9-ddb5-4fa4-a97d-d965ccfc6d4b" outcome="Passed" testListId="8c84fa94-04c1-424b-9868-57a2d4851a1d" relativeResultsDirectory="e1258d79-ca2d-431c-bccb-7fd5131c74a6" />
    <UnitTestResult executionId="bd594ab2-c54e-4df3-ae3e-fdb37c53de77" testId="2b65be37-f6fb-abe2-6978-2d3691e6c0cd" testName="DevBox.Tests.AddonCatalogTests.Manifest_WwwRootInstallPath_IsRejected" computerName="runnervmvmocb" duration="00:00:00.0026527" startTime="2026-09-11T13:19:13.7909346+00:00" endTime="2026-09-11T13:19:13.7922961+00:00" testType="13cdc9d9-ddb5-4fa4-a97d-d965ccfc6d4b" outcome="Passed" testListId="8c84fa94-04c1-424b-9868-57a2d4851a1d" relativeResultsDirectory="bd594ab2-c54e-4df3-ae3e-fdb37c53de77" />
    <UnitTestResult executionId="75855856-1ffb-4066-97ad-770926cb867d" testId="79a9467b-0b38-3ccd-c74c-7b30041c426b" testName="DevBox.Tests.EnvironmentPlatformFollowupTests.TlsRollback_PropagatesFailureToDeleteNewlyCreatedCertificate" computerName="runnervmvmocb" duration="00:00:00.0061225" startTime="2026-09-11T13:19:18.5509760+00:00" endTime="2026-09-11T13:19:18.5569901+00:00" testType="13cdc9d9-ddb5-4fa4-a97d-d965ccfc6d4b" outcome="Passed" testListId="8c84fa94-04c1-424b-9868-57a2d4851a1d" relativeResultsDirectory="75855856-1ffb-4066-97ad-770926cb867d" />
    <UnitTestResult executionId="23266700-b433-4cc9-97f8-f196bd1d9cb3" testId="2aa280df-1f61-2565-b5e9-b20035e9f874" testName="DevBox.Tests.ProjectDatabaseProvisionerTests.EscapePgPass_EscapesReservedCharacters(value: &quot;a\\b&quot;, expected: &quot;a\\\\b&quot;)" computerName="runnervmvmocb" duration="00:00:00.0002327" startTime="2026-09-11T13:19:13.9579409+00:00" endTime="2026-09-11T13:19:13.9580723+00:00" testType="13cdc9d9-ddb5-4fa4-a97d-d965ccfc6d4b" outcome="Passed" testListId="8c84fa94-04c1-424b-9868-57a2d4851a1d" relativeResultsDirectory="23266700-b433-4cc9-97f8-f196bd1d9cb3" />
    <UnitTestResult executionId="71337333-a073-4091-bf9d-2935c8c0d6a3" testId="06dba620-e459-985a-cedb-af96d7751986" testName="DevBox.Tests.ProcessManagerTests.StartAsync_RunningService_DoesNotCreateSecondInstance" computerName="runnervmvmocb" duration="00:00:00.0668205" startTime="2026-09-11T13:19:14.0041737+00:00" endTime="2026-09-11T13:19:14.0932681+00:00" testType="13cdc9d9-ddb5-4fa4-a97d-d965ccfc6d4b" outcome="Passed" testListId="8c84fa94-04c1-424b-9868-57a2d4851a1d" relativeResultsDirectory="71337333-a073-4091-bf9d-2935c8c0d6a3" />
    <UnitTestResult executionId="e66bff20-24e5-4839-95e7-aa51f36087db" testId="facede80-a112-e32c-ce25-3aed6df9e79f" testName="DevBox.Tests.ProjectDatabaseProvisionerTests.IsAvailable_DetectsMariaDbAndPostgreSqlClientLayouts" computerName="runnervmvmocb" duration="00:00:00.0233329" startTime="2026-09-11T13:19:13.9589542+00:00" endTime="2026-09-11T13:19:13.9821186+00:00" testType="13cdc9d9-ddb5-4fa4-a97d-d965ccfc6d4b" outcome="Passed" testListId="8c84fa94-04c1-424b-9868-57a2d4851a1d" relativeResultsDirectory="e66bff20-24e5-4839-95e7-aa51f36087db" />
    <UnitTestResult executionId="61645b29-c9ef-4eb4-913f-b384279c8436" testId="04ce479f-e18e-57e4-6437-5b4d80ef73c8" testName="DevBox.Tests.EnvironmentPlatformFollowupTests.ExportProjectLock_ReportsWhenActionsWereOmitted" computerName="runnervmvmocb" duration="00:00:00.0708233" startTime="2026-09-11T13:19:13.6959588+00:00" endTime="2026-09-11T13:19:13.7668253+00:00" testType="13cdc9d9-ddb5-4fa4-a97d-d965ccfc6d4b" outcome="Passed" testListId="8c84fa94-04c1-424b-9868-57a2d4851a1d" relativeResultsDirectory="61645b29-c9ef-4eb4-913f-b384279c8436" />
    <UnitTestResult executionId="f0cd90bb-df33-4e8f-bc07-f5fd95ba78ec" testId="c64341eb-503d-8856-fdae-fa9c0a998b74" testName="DevBox.Tests.RollbackFinalTests.LocalCa_RemoveAuthorityRemovesPfxOnlyWithoutStoredPassword" computerName="runnervmvmocb" duration="00:00:00.9979629" startTime="2026-09-11T13:19:14.9529428+00:00" endTime="2026-09-11T13:19:15.9498391+00:00" testType="13cdc9d9-ddb5-4fa4-a97d-d965ccfc6d4b" outcome="Passed" testListId="8c84fa94-04c1-424b-9868-57a2d4851a1d" relativeResultsDirectory="f0cd90bb-df33-4e8f-bc07-f5fd95ba78ec" />
    <UnitTestResult executionId="91500d77-816b-4472-9917-4ce9905caa20" testId="a1efa50c-7231-3ac6-4cf9-3dbab3acf05f" testName="DevBox.Tests.SiteManagerTests.GetSites_UnsafeDocumentRoot_IsQuarantinedInsteadOfLoaded" computerName="runnervmvmocb" duration="00:00:00.0061986" startTime="2026-09-11T13:19:13.5889941+00:00" endTime="2026-09-11T13:19:13.5950141+00:00" testType="13cdc9d9-ddb5-4fa4-a97d-d965ccfc6d4b" outcome="Passed" testListId="8c84fa94-04c1-424b-9868-57a2d4851a1d" relativeResultsDirectory="91500d77-816b-4472-9917-4ce9905caa20" />
    <UnitTestResult executionId="7ad7f56e-488a-4d17-95db-14fb124b30d2" testId="3ab04371-c6d0-84be-d5b2-41245711269c" testName="DevBox.Tests.XdebugConfigurationServiceTests.Configure_EnablesXdebugAndWritesCanonicalDirectives" computerName="runnervmvmocb" duration="00:00:00.0643519" startTime="2026-09-11T13:19:13.5540614+00:00" endTime="2026-09-11T13:19:13.6180682+00:00" testType="13cdc9d9-ddb5-4fa4-a97d-d965ccfc6d4b" outcome="Passed" testListId="8c84fa94-04c1-424b-9868-57a2d4851a1d" relativeResultsDirectory="7ad7f56e-488a-4d17-95db-14fb124b30d2" />
    <UnitTestResult executionId="bad2f435-8454-4f23-b1c3-5e1c43f60e1e" testId="85d2c53c-b756-3556-5ecb-a8371bb3557a" testName="DevBox.Tests.ProjectCommandServiceTests.ResolveTool_UsesNodeVersionPinnedByProjectManifest" computerName="runnervmvmocb" duration="00:00:00.0211289" startTime="2026-09-11T13:19:14.7271531+00:00" endTime="2026-09-11T13:19:14.7481583+00:00" testType="13cdc9d9-ddb5-4fa4-a97d-d965ccfc6d4b" outcome="Passed" testListId="8c84fa94-04c1-424b-9868-57a2d4851a1d" relativeResultsDirectory="bad2f435-8454-4f23-b1c3-5e1c43f60e1e" />
    <UnitTestResult executionId="2bd28368-778b-4c57-935e-9207765a0912" testId="e54f9061-6fed-ee77-07bb-1e36389723d2" testName="DevBox.Tests.XdebugConfigurationServiceTests.Configure_RejectsInvalidPort(port: 65536)" computerName="runnervmvmocb" duration="00:00:00.0354205" startTime="2026-09-11T13:19:13.5182572+00:00" endTime="2026-09-11T13:19:13.5536166+00:00" testType="13cdc9d9-ddb5-4fa4-a97d-d965ccfc6d4b" outcome="Passed" testListId="8c84fa94-04c1-424b-9868-57a2d4851a1d" relativeResultsDirectory="2bd28368-778b-4c57-935e-9207765a0912" />
    <UnitTestResult executionId="2e752410-c8af-429f-8676-8e1d06a5ff3a" testId="cbfed4d4-5320-fe7e-31b5-1c811c64a36d" testName="DevBox.Tests.PhpRuntimePoolManagerTests.GetPort_RejectsUnsupportedVersion(version: &quot;../../8.5.10&quot;)" computerName="runnervmvmocb" duration="00:00:00.0000436" startTime="2026-09-11T13:19:14.8580691+00:00" endTime="2026-09-11T13:19:14.8581565+00:00" testType="13cdc9d9-ddb5-4fa4-a97d-d965ccfc6d4b" outcome="Passed" testListId="8c84fa94-04c1-424b-9868-57a2d4851a1d" relativeResultsDirectory="2e752410-c8af-429f-8676-8e1d06a5ff3a" />
    <UnitTestResult executionId="f7c5bd3b-c74b-46a1-b4f4-d4c8f3ab5e27" testId="df3d330c-165c-98c1-24b8-df956e872d52" testName="DevBox.Tests.PostMergeRegressionTests.SecureSecretStore_ConcurrentInstances_PreserveAllKeys" computerName="runnervmvmocb" duration="00:00:00.2928523" startTime="2026-09-11T13:19:14.2229856+00:00" endTime="2026-09-11T13:19:14.5149291+00:00" testType="13cdc9d9-ddb5-4fa4-a97d-d965ccfc6d4b" outcome="Passed" testListId="8c84fa94-04c1-424b-9868-57a2d4851a1d" relativeResultsDirectory="f7c5bd3b-c74b-46a1-b4f4-d4c8f3ab5e27" />
    <UnitTestResult executionId="3cb5f8ff-c2b0-40f4-8b19-797121d11f12" testId="a83c2314-01eb-2ff3-daa0-6a9e9a6c1e36" testName="DevBox.Tests.ProcessManagerTests.StopAsync_BrokenGracefulStopCommand_FallsBackToManagedTermination" computerName="runnervmvmocb" duration="00:00:00.0694812" startTime="2026-09-11T13:19:14.0984370+00:00" endTime="2026-09-11T13:19:14.1678507+00:00" testType="13cdc9d9-ddb5-4fa4-a97d-d965ccfc6d4b" outcome="Passed" testListId="8c84fa94-04c1-424b-9868-57a2d4851a1d" relativeResultsDirectory="3cb5f8ff-c2b0-40f4-8b19-797121d11f12" />
    <UnitTestResult executionId="6631482c-26e9-4887-90ed-fcc195dffd3f" testId="b8c1deb1-8024-5a55-346d-629cb87f37cf" testName="DevBox.Tests.PostMergeAuditRound3Tests.ApplyProfile_DoesNotWriteLockWhenPrerequisiteFails" computerName="runnervmvmocb" duration="00:00:00.0330041" startTime="2026-09-11T13:19:14.6468142+00:00" endTime="2026-09-11T13:19:14.6795472+00:00" testType="13cdc9d9-ddb5-4fa4-a97d-d965ccfc6d4b" outcome="Passed" testListId="8c84fa94-04c1-424b-9868-57a2d4851a1d" relativeResultsDirectory="6631482c-26e9-4887-90ed-fcc195dffd3f" />
    <UnitTestResult executionId="2018515f-9e5c-44cf-8143-52031c75ed08" testId="cc578efa-a966-6860-c407-b23027776ea2" testName="DevBox.Tests.XdebugBinaryInstallerTests.InstallFromFile_RejectsNonPeDll" computerName="runnervmvmocb" duration="00:00:00.0173167" startTime="2026-09-11T13:19:13.8850629+00:00" endTime="2026-09-11T13:19:13.9024119+00:00" testType="13cdc9d9-ddb5-4fa4-a97d-d965ccfc6d4b" outcome="Passed" testListId="8c84fa94-04c1-424b-9868-57a2d4851a1d" relativeResultsDirectory="2018515f-9e5c-44cf-8143-52031c75ed08" />
    <UnitTestResult executionId="d3071403-a253-4bad-8cf8-37705178e6f4" testId="1b622819-1d8b-5c84-fe2b-2dd2e7c74f9b" testName="DevBox.Tests.EnvironmentPlatformRegressionTests.ProjectActions_PreserveManifestDeclarationOrder" computerName="runnervmvmocb" duration="00:00:00.0144547" startTime="2026-09-11T13:19:15.0065002+00:00" endTime="2026-09-11T13:19:15.0208458+00:00" testType="13cdc9d9-ddb5-4fa4-a97d-d965ccfc6d4b" outcome="Passed" testListId="8c84fa94-04c1-424b-9868-57a2d4851a1d" relativeResultsDirectory="d3071403-a253-4bad-8cf8-37705178e6f4" />
    <UnitTestResult executionId="d296d4a3-63ad-437c-a8fb-fc09d26b39eb" testId="14a2c7b9-6e5a-42e5-11c8-c135aa46f6fe" testName="DevBox.Tests.ApplicationSelfUpdateServiceTests.ParseChecksum_ReturnsHashForExactInstallerName" computerName="runnervmvmocb" duration="00:00:00.0001678" startTime="2026-09-11T13:19:13.4792300+00:00" endTime="2026-09-11T13:19:13.4793070+00:00" testType="13cdc9d9-ddb5-4fa4-a97d-d965ccfc6d4b" outcome="Passed" testListId="8c84fa94-04c1-424b-9868-57a2d4851a1d" relativeResultsDirectory="d296d4a3-63ad-437c-a8fb-fc09d26b39eb" />
    <UnitTestResult executionId="cb25048d-1251-46a2-b3ab-c71b7068f17d" testId="4f73cd03-fe43-8dac-e8f9-25c4b8f3366b" testName="DevBox.Tests.RuntimeManagerTests.InstallAsync_VerifiesInstallsAndActivatesRuntime" computerName="runnervmvmocb" duration="00:00:00.0450768" startTime="2026-09-11T13:19:14.8834518+00:00" endTime="2026-09-11T13:19:14.9277217+00:00" testType="13cdc9d9-ddb5-4fa4-a97d-d965ccfc6d4b" outcome="Passed" testListId="8c84fa94-04c1-424b-9868-57a2d4851a1d" relativeResultsDirectory="cb25048d-1251-46a2-b3ab-c71b7068f17d" />
    <UnitTestResult executionId="86ffeb7f-9557-4e45-af37-ef240071d986" testId="8ae8b513-b8e6-8f95-9b05-4e3b61d8d467" testName="DevBox.Tests.RegressionTests.DeveloperTool_CommandScript_UsesCommandProcessor" computerName="runnervmvmocb" duration="00:00:00.0011988" startTime="2026-09-11T13:19:13.6639724+00:00" endTime="2026-09-11T13:19:13.6641197+00:00" testType="13cdc9d9-ddb5-4fa4-a97d-d965ccfc6d4b" outcome="Passed" testListId="8c84fa94-04c1-424b-9868-57a2d4851a1d" relativeResultsDirectory="86ffeb7f-9557-4e45-af37-ef240071d986" />
    <UnitTestResult executionId="cb26908d-a68e-469b-a9dd-736945a5be7e" testId="1a40ae9b-407b-24c1-8b15-9b79fbd3a927" testName="DevBox.Tests.AddonInstallerTests.InstallAsync_VerifiedArchive_InstallsAndConfiguresPhpMyAdmin" computerName="runnervmvmocb" duration="00:00:00.1528212" startTime="2026-09-11T13:19:13.5221792+00:00" endTime="2026-09-11T13:19:13.6755584+00:00" testType="13cdc9d9-ddb5-4fa4-a97d-d965ccfc6d4b" outcome="Passed" testListId="8c84fa94-04c1-424b-9868-57a2d4851a1d" relativeResultsDirectory="cb26908d-a68e-469b-a9dd-736945a5be7e" />
    <UnitTestResult executionId="70ca38df-44be-4bc7-a40f-fa18aa344796" testId="755ee5d6-0148-45dc-ac68-2900e34bea1f" testName="DevBox.Tests.PhpManagerTests.SetExtensionEnabled_RejectsUnsafeName" computerName="runnervmvmocb" duration="00:00:00.0033639" startTime="2026-09-11T13:19:13.4744196+00:00" endTime="2026-09-11T13:19:13.4776728+00:00" testType="13cdc9d9-ddb5-4fa4-a97d-d965ccfc6d4b" outcome="Passed" testListId="8c84fa94-04c1-424b-9868-57a2d4851a1d" relativeResultsDirectory="70ca38df-44be-4bc7-a40f-fa18aa344796" />
    <UnitTestResult executionId="00e942b4-328e-4e3f-8345-a9930eda8a73" testId="e8e12d1b-ba23-6fcc-3e69-f753c8676bf7" testName="DevBox.Tests.XdebugConfigurationServiceTests.Configure_RejectsInvalidPort(port: 0)" computerName="runnervmvmocb" duration="00:00:00.0165237" startTime="2026-09-11T13:19:13.5026975+00:00" endTime="2026-09-11T13:19:13.5180950+00:00" testType="13cdc9d9-ddb5-4fa4-a97d-d965ccfc6d4b" outcome="Passed" testListId="8c84fa94-04c1-424b-9868-57a2d4851a1d" relativeResultsDirectory="00e942b4-328e-4e3f-8345-a9930eda8a73" />
    <UnitTestResult executionId="de66c7fd-d786-4568-9ca9-c645261a180c" testId="2d1dce2f-858b-45ca-367a-74eab051c355" testName="DevBox.Tests.AsyncRelayCommandTests.ExecuteAsync_FaultedAction_IsReportedWithoutEscapingToDispatcher" computerName="runnervmvmocb" duration="00:00:00.0081593" startTime="2026-09-11T13:19:13.8751908+00:00" endTime="2026-09-11T13:19:13.8831673+00:00" testType="13cdc9d9-ddb5-4fa4-a97d-d965ccfc6d4b" outcome="Passed" testListId="8c84fa94-04c1-424b-9868-57a2d4851a1d" relativeResultsDirectory="de66c7fd-d786-4568-9ca9-c645261a180c" />
    <UnitTestResult executionId="0ec69e34-a686-423f-b0d8-57f75cf65344" testId="29d0969d-16bf-5a00-0e74-a1a2b7c8c4be" testName="DevBox.Tests.AddonCatalogTests.PhpMyAdmin_IsInstalledOnlyWhenRealEntryPointExists" computerName="runnervmvmocb" duration="00:00:00.0178565" startTime="2026-09-11T13:19:13.7926329+00:00" endTime="2026-09-11T13:19:13.8106944+00:00" testType="13cdc9d9-ddb5-4fa4-a97d-d965ccfc6d4b" outcome="Passed" testListId="8c84fa94-04c1-424b-9868-57a2d4851a1d" relativeResultsDirectory="0ec69e34-a686-423f-b0d8-57f75cf65344" />
    <UnitTestResult executionId="688005d8-e992-42a0-9538-1f2f1df0f2ed" testId="02d4f925-101c-2415-c0ca-856cf0bceca7" testName="DevBox.Tests.PostMergeAuditRound3Tests.ConfigurationRestore_RejectsBackupFromAnotherConfigurationKind" computerName="runnervmvmocb" duration="00:00:00.0036649" startTime="2026-09-11T13:19:14.6152636+00:00" endTime="2026-09-11T13:19:14.6187990+00:00" testType="13cdc9d9-ddb5-4fa4-a97d-d965ccfc6d4b" outcome="Passed" testListId="8c84fa94-04c1-424b-9868-57a2d4851a1d" relativeResultsDirectory="688005d8-e992-42a0-9538-1f2f1df0f2ed" />
    <UnitTestResult executionId="7cf8b2c3-ca3e-4570-8e6b-d24fd98cfe47" testId="2de243a9-c4eb-38d2-a545-dee48bad0260" testName="DevBox.Tests.DatabaseManagerTests.ValidateMutableDatabaseName_ProtectsSystemDatabases(value: &quot;sys&quot;)" computerName="runnervmvmocb" duration="00:00:00.0000307" startTime="2026-09-11T13:19:13.7119045+00:00" endTime="2026-09-11T13:19:13.7119732+00:00" testType="13cdc9d9-ddb5-4fa4-a97d-d965ccfc6d4b" outcome="Passed" testListId="8c84fa94-04c1-424b-9868-57a2d4851a1d" relativeResultsDirectory="7cf8b2c3-ca3e-4570-8e6b-d24fd98cfe47" />
    <UnitTestResult executionId="367bf67f-b365-4cee-9600-f84af8ab3f35" testId="44d6372d-0ef2-144b-e4db-3c5420e7a124" testName="DevBox.Tests.DatabaseManagerTests.ValidateMutableDatabaseName_ProtectsSystemDatabases(value: &quot;performance_schema&quot;)" computerName="runnervmvmocb" duration="00:00:00.0000369" startTime="2026-09-11T13:19:13.7116937+00:00" endTime="2026-09-11T13:19:13.7117591+00:00" testType="13cdc9d9-ddb5-4fa4-a97d-d965ccfc6d4b" outcome="Passed" testListId="8c84fa94-04c1-424b-9868-57a2d4851a1d" relativeResultsDirectory="367bf67f-b365-4cee-9600-f84af8ab3f35" />
    <UnitTestResult executionId="feae016d-e186-4e9d-a757-1adabf7bf8be" testId="df31489d-4f17-be62-843f-6f15d28dbeb5" testName="DevBox.Tests.PhpRuntimePoolManagerTests.GetPort_RejectsUnsupportedVersion(version: &quot;8.5.10-rc1&quot;)" computerName="runnervmvmocb" duration="00:00:00.0000383" startTime="2026-09-11T13:19:14.8582978+00:00" endTime="2026-09-11T13:19:14.8583733+00:00" testType="13cdc9d9-ddb5-4fa4-a97d-d965ccfc6d4b" outcome="Passed" testListId="8c84fa94-04c1-424b-9868-57a2d4851a1d" relativeResultsDirectory="feae016d-e186-4e9d-a757-1adabf7bf8be" />
    <UnitTestResult executionId="8e8a221d-7710-4655-9a3d-e197531cfab7" testId="8a358e5c-0945-6122-2ce6-0fc45bc7a89e" testName="DevBox.Tests.DeveloperToolsServiceTests.ResolveCommand_ReturnsExistingAbsoluteCandidate" computerName="runnervmvmocb" duration="00:00:00.0022898" startTime="2026-09-11T13:19:14.8041159+00:00" endTime="2026-09-11T13:19:14.8065756+00:00" testType="13cdc9d9-ddb5-4fa4-a97d-d965ccfc6d4b" outcome="Passed" testListId="8c84fa94-04c1-424b-9868-57a2d4851a1d" relativeResultsDirectory="8e8a221d-7710-4655-9a3d-e197531cfab7" />
    <UnitTestResult executionId="ecc46591-0d91-4d6d-94ab-3b9f9c9f6426" testId="38908af2-ebb3-3ab6-c053-6bec4db03ea3" testName="DevBox.Tests.OptionalRuntimeCatalogTests.MailpitDefinitionUsesPinnedHttpsPackage" computerName="runnervmvmocb" duration="00:00:00.0002383" startTime="2026-09-11T13:19:13.6636567+00:00" endTime="2026-09-11T13:19:13.6637210+00:00" testType="13cdc9d9-ddb5-4fa4-a97d-d965ccfc6d4b" outcome="Passed" testListId="8c84fa94-04c1-424b-9868-57a2d4851a1d" relativeResultsDirectory="ecc46591-0d91-4d6d-94ab-3b9f9c9f6426" />
    <UnitTestResult executionId="5d75e31f-eed5-48f2-8569-9210135d339f" testId="7b4d9e9d-0e54-5ae0-f9c8-1200dd3f80cf" testName="DevBox.Tests.ProjectWorkspaceServiceTests.Import_CopiesExternalProjectAndDetectsFramework" computerName="runnervmvmocb" duration="00:00:00.0295071" startTime="2026-09-11T13:19:15.9760565+00:00" endTime="2026-09-11T13:19:16.0053239+00:00" testType="13cdc9d9-ddb5-4fa4-a97d-d965ccfc6d4b" outcome="Passed" testListId="8c84fa94-04c1-424b-9868-57a2d4851a1d" relativeResultsDirectory="5d75e31f-eed5-48f2-8569-9210135d339f" />
    <UnitTestResult executionId="8e675ffd-7425-43d1-9a0d-e2174ff448fa" testId="903ec948-82c8-866f-52b0-a870e6aad203" testName="DevBox.Tests.ProjectCommandServiceTests.RunAsync_RejectsUnknownPresetBeforeProcessStart" computerName="runnervmvmocb" duration="00:00:00.0276367" startTime="2026-09-11T13:19:14.6710758+00:00" endTime="2026-09-11T13:19:14.6989970+00:00" testType="13cdc9d9-ddb5-4fa4-a97d-d965ccfc6d4b" outcome="Passed" testListId="8c84fa94-04c1-424b-9868-57a2d4851a1d" relativeResultsDirectory="8e675ffd-7425-43d1-9a0d-e2174ff448fa" />
    <UnitTestResult executionId="3034c21a-859a-4764-be74-f16be37b05e3" testId="a9089216-5045-7065-cf6c-4f1d5d0a0ce0" testName="DevBox.Tests.ApplicationSelfUpdateServiceTests.ParseChecksum_RejectsMissingInstaller" computerName="runnervmvmocb" duration="00:00:00.0010022" startTime="2026-09-11T13:19:13.4780623+00:00" endTime="2026-09-11T13:19:13.4790345+00:00" testType="13cdc9d9-ddb5-4fa4-a97d-d965ccfc6d4b" outcome="Passed" testListId="8c84fa94-04c1-424b-9868-57a2d4851a1d" relativeResultsDirectory="3034c21a-859a-4764-be74-f16be37b05e3" />
    <UnitTestResult executionId="e9189730-7414-4747-b8eb-697196bbf516" testId="a9dc90f2-b343-a790-faf2-91d380ecc2bf" testName="DevBox.Tests.ProjectStackProfileServiceTests.CustomProfilePersistsAndCanBeRemoved" computerName="runnervmvmocb" duration="00:00:00.0089273" startTime="2026-09-11T13:19:13.6818545+00:00" endTime="2026-09-11T13:19:13.6906662+00:00" testType="13cdc9d9-ddb5-4fa4-a97d-d965ccfc6d4b" outcome="Passed" testListId="8c84fa94-04c1-424b-9868-57a2d4851a1d" relativeResultsDirectory="e9189730-7414-4747-b8eb-697196bbf516" />
    <UnitTestResult executionId="48715f5c-b06e-4b48-a737-4aa68ec7ad0a" testId="b3581289-0f72-c683-9663-8b3385d6ef3a" testName="DevBox.Tests.OptionalRuntimeCatalogTests.RedisDefinitionUsesPinnedGarnetWindowsPackage" computerName="runnervmvmocb" duration="00:00:00.0003497" startTime="2026-09-11T13:19:13.6634061+00:00" endTime="2026-09-11T13:19:13.6634843+00:00" testType="13cdc9d9-ddb5-4fa4-a97d-d965ccfc6d4b" outcome="Passed" testListId="8c84fa94-04c1-424b-9868-57a2d4851a1d" relativeResultsDirectory="48715f5c-b06e-4b48-a737-4aa68ec7ad0a" />
    <UnitTestResult executionId="c3825960-cc92-413e-b96e-c64bdadb8c91" testId="1eb59eaa-76ec-8c24-c982-47e2802ab57b" testName="DevBox.Tests.OptionalRuntimeCatalogTests.ManagedServiceTemplatesMatchOptionalRuntimeLayout" computerName="runnervmvmocb" duration="00:00:00.0008783" startTime="2026-09-11T13:19:13.6612453+00:00" endTime="2026-09-11T13:19:13.6620384+00:00" testType="13cdc9d9-ddb5-4fa4-a97d-d965ccfc6d4b" outcome="Passed" testListId="8c84fa94-04c1-424b-9868-57a2d4851a1d" relativeResultsDirectory="c3825960-cc92-413e-b96e-c64bdadb8c91" />
    <UnitTestResult executionId="c38e0d61-e906-4acd-8e41-25abdeaa2a9f" testId="7e5227d4-23ca-a330-134a-3fd7106b5cde" testName="DevBox.Tests.DatabaseManagerTests.DatabaseConnectionOptions_RecordRetainsPasswordInMemory" computerName="runnervmvmocb" duration="00:00:00.0001784" startTime="2026-09-11T13:19:13.7170499+00:00" endTime="2026-09-11T13:19:13.7171250+00:00" testType="13cdc9d9-ddb5-4fa4-a97d-d965ccfc6d4b" outcome="Passed" testListId="8c84fa94-04c1-424b-9868-57a2d4851a1d" relativeResultsDirectory="c38e0d61-e906-4acd-8e41-25abdeaa2a9f" />
    <UnitTestResult executionId="8f5b51d5-dd2c-4449-8ac8-5bd2beb23fbb" testId="b2dd6bfc-be9f-aee0-305d-1d1fb9d09c8b" testName="DevBox.Tests.AddonCatalogTests.Manifest_PhpExtensionNames_AreNormalized" computerName="runnervmvmocb" duration="00:00:00.0027461" startTime="2026-09-11T13:19:13.7869683+00:00" endTime="2026-09-11T13:19:13.7895914+00:00" testType="13cdc9d9-ddb5-4fa4-a97d-d965ccfc6d4b" outcome="Passed" testListId="8c84fa94-04c1-424b-9868-57a2d4851a1d" relativeResultsDirectory="8f5b51d5-dd2c-4449-8ac8-5bd2beb23fbb" />
    <UnitTestResult executionId="d6c5245a-674b-490c-a3de-29dcf46382d6" testId="5098484d-d8a2-9531-f9f6-ca9ed4393490" testName="DevBox.Tests.EnvironmentPlatformRegressionTests.TaskCenter_LateProgressCannotReopenCompletedTask" computerName="runnervmvmocb" duration="00:00:00.3800323" startTime="2026-09-11T13:19:13.7050462+00:00" endTime="2026-09-11T13:19:14.1179667+00:00" testType="13cdc9d9-ddb5-4fa4-a97d-d965ccfc6d4b" outcome="Passed" testListId="8c84fa94-04c1-424b-9868-57a2d4851a1d" relativeResultsDirectory="d6c5245a-674b-490c-a3de-29dcf46382d6" />
    <UnitTestResult executionId="52e8d6d6-2e58-4949-a152-b05e76093460" testId="6fa77776-5b19-e228-9cd2-e4068a9c1383" testName="DevBox.Tests.ApplicationUpdateServiceTests.ParseReleaseVersion_StableTag_ReturnsVersion(tag: &quot;v1.2.3&quot;, major: 1, minor: 2, patch: 3)" computerName="runnervmvmocb" duration="00:00:00.0064830" startTime="2026-09-11T13:19:13.4034241+00:00" endTime="2026-09-11T13:19:13.4035734+00:00" testType="13cdc9d9-ddb5-4fa4-a97d-d965ccfc6d4b" outcome="Passed" testListId="8c84fa94-04c1-424b-9868-57a2d4851a1d" relativeResultsDirectory="52e8d6d6-2e58-4949-a152-b05e76093460" />
    <UnitTestResult executionId="9a22c197-870f-48b0-ab39-c8586f3889f1" testId="4e7e5147-cb00-ad11-828b-fdfb16e73efa" testName="DevBox.Tests.RegressionTests.PhpMyAdminRepairValidator_RejectsIncompleteConfig" computerName="runnervmvmocb" duration="00:00:00.0000935" startTime="2026-09-11T13:19:13.6950759+00:00" endTime="2026-09-11T13:19:13.6951906+00:00" testType="13cdc9d9-ddb5-4fa4-a97d-d965ccfc6d4b" outcome="Passed" testListId="8c84fa94-04c1-424b-9868-57a2d4851a1d" relativeResultsDirectory="9a22c197-870f-48b0-ab39-c8586f3889f1" />
    <UnitTestResult executionId="cf86db6d-d82c-4d29-954b-a94db3b6546b" testId="eb508664-7da4-ae2c-4983-0f31f021a6b1" testName="DevBox.Tests.SiteMetadataIntegrityTests.GetSites_CollidingPhpPorts_IsQuarantined" computerName="runnervmvmocb" duration="00:00:00.0154644" startTime="2026-09-11T13:19:14.5791126+00:00" endTime="2026-09-11T13:19:14.5946221+00:00" testType="13cdc9d9-ddb5-4fa4-a97d-d965ccfc6d4b" outcome="Passed" testListId="8c84fa94-04c1-424b-9868-57a2d4851a1d" relativeResultsDirectory="cf86db6d-d82c-4d29-954b-a94db3b6546b" />
    <UnitTestResult executionId="9e8880d3-596c-4225-a37c-3340cf538a00" testId="d03a8e7b-83a0-c277-4243-eb66ad8dc328" testName="DevBox.Tests.DatabaseManagerTests.ValidateMutableDatabaseName_ProtectsSystemDatabases(value: &quot;mysql&quot;)" computerName="runnervmvmocb" duration="00:00:00.0001663" startTime="2026-09-11T13:19:13.7114936+00:00" endTime="2026-09-11T13:19:13.7115653+00:00" testType="13cdc9d9-ddb5-4fa4-a97d-d965ccfc6d4b" outcome="Passed" testListId="8c84fa94-04c1-424b-9868-57a2d4851a1d" relativeResultsDirectory="9e8880d3-596c-4225-a37c-3340cf538a00" />
    <UnitTestResult executionId="809f5d4d-957e-4b25-985a-7d919a7738d0" testId="3c058e36-f46a-7d24-bdbf-fb6fea8c53d6" testName="DevBox.Tests.HostsFileManagerTests.EnsureMapping_AddsMappingWithoutDuplicatingIt" computerName="runnervmvmocb" duration="00:00:00.0059702" startTime="2026-09-11T13:19:13.7557967+00:00" endTime="2026-09-11T13:19:13.7616290+00:00" testType="13cdc9d9-ddb5-4fa4-a97d-d965ccfc6d4b" outcome="Passed" testListId="8c84fa94-04c1-424b-9868-57a2d4851a1d" relativeResultsDirectory="809f5d4d-957e-4b25-985a-7d919a7738d0" />
    <UnitTestResult executionId="d5e6d9e0-06ae-435a-81da-5ffbf4773f44" testId="a6e5d08c-bb72-128d-85a5-90d82d70280d" testName="DevBox.Tests.AsyncRelayCommandTests.ExecuteAsync_DisablesCommandUntilActionCompletes" computerName="runnervmvmocb" duration="00:00:00.0388084" startTime="2026-09-11T13:19:13.8217799+00:00" endTime="2026-09-11T13:19:13.8749145+00:00" testType="13cdc9d9-ddb5-4fa4-a97d-d965ccfc6d4b" outcome="Passed" testListId="8c84fa94-04c1-424b-9868-57a2d4851a1d" relativeResultsDirectory="d5e6d9e0-06ae-435a-81da-5ffbf4773f44" />
    <UnitTestResult executionId="70a19dea-19f8-4e33-9b43-3144ea54c845" testId="d60494f2-c6cf-ccc8-bb4f-188de49b0b5a" testName="DevBox.Tests.ProjectStackProfileServiceTests.BuiltInLaravelProfileProducesCreateRequest" computerName="runnervmvmocb" duration="00:00:00.0049707" startTime="2026-09-11T13:19:13.6918258+00:00" endTime="2026-09-11T13:19:13.6957040+00:00" testType="13cdc9d9-ddb5-4fa4-a97d-d965ccfc6d4b" outcome="Passed" testListId="8c84fa94-04c1-424b-9868-57a2d4851a1d" relativeResultsDirectory="70a19dea-19f8-4e33-9b43-3144ea54c845" />
    <UnitTestResult executionId="da730b50-afdf-4dd3-9401-3414064d8957" testId="233455ea-33d0-77d7-42da-0e9d731b299d" testName="DevBox.Tests.BundledRuntimeTests.Readiness_AllowsAutomaticMySqlActivationOnlyWhenBundleExists" computerName="runnervmvmocb" duration="00:00:00.0049871" startTime="2026-09-11T13:19:14.6464892+00:00" endTime="2026-09-11T13:19:14.6512220+00:00" testType="13cdc9d9-ddb5-4fa4-a97d-d965ccfc6d4b" outcome="Passed" testListId="8c84fa94-04c1-424b-9868-57a2d4851a1d" relativeResultsDirectory="da730b50-afdf-4dd3-9401-3414064d8957" />
    <UnitTestResult executionId="cbc79f7a-6a79-4cf6-adf7-e3d29ecca21f" testId="6e1c45c4-ca35-3dae-79e4-c7949d4aff2a" testName="DevBox.Tests.XdebugBinaryInstallerTests.InstallFromFile_CopiesValidPeAndRecordsChecksum" computerName="runnervmvmocb" duration="00:00:00.0277585" startTime="2026-09-11T13:19:13.9225770+00:00" endTime="2026-09-11T13:19:13.9502436+00:00" testType="13cdc9d9-ddb5-4fa4-a97d-d965ccfc6d4b" outcome="Passed" testListId="8c84fa94-04c1-424b-9868-57a2d4851a1d" relativeResultsDirectory="cbc79f7a-6a79-4cf6-adf7-e3d29ecca21f" />
    <UnitTestResult executionId="915130e0-aa09-42e7-888d-a130e0b12aea" testId="4c99b994-430f-a822-f426-42c7dc1295ec" testName="DevBox.Tests.RegressionTests.RuntimeManager_SortsVersionsSemantically" computerName="runnervmvmocb" duration="00:00:00.0094099" startTime="2026-09-11T13:19:13.6953934+00:00" endTime="2026-09-11T13:19:13.7045486+00:00" testType="13cdc9d9-ddb5-4fa4-a97d-d965ccfc6d4b" outcome="Passed" testListId="8c84fa94-04c1-424b-9868-57a2d4851a1d" relativeResultsDirectory="915130e0-aa09-42e7-888d-a130e0b12aea" />
    <UnitTestResult executionId="7bbfcf80-b8f2-4417-9655-bcdb987f660e" testId="168ef436-4ced-387d-35ad-825364137939" testName="DevBox.Tests.ProjectCommandServiceTests.GetPresets_LaravelExposesOnlyKnownCommands" computerName="runnervmvmocb" duration="00:00:00.0225539" startTime="2026-09-11T13:19:14.7483767+00:00" endTime="2026-09-11T13:19:14.7708160+00:00" testType="13cdc9d9-ddb5-4fa4-a97d-d965ccfc6d4b" outcome="Passed" testListId="8c84fa94-04c1-424b-9868-57a2d4851a1d" relativeResultsDirectory="7bbfcf80-b8f2-4417-9655-bcdb987f660e" />
    <UnitTestResult executionId="a13ce392-6702-421f-a261-50d2d7f8c339" testId="4ddac9c6-52f8-b1a1-7aac-4eea5c0aee6c" testName="DevBox.Tests.RuntimeManagerTests.ExtractZipSafely_RejectsTraversal" computerName="runnervmvmocb" duration="00:00:00.0029129" startTime="2026-09-11T13:19:14.8795521+00:00" endTime="2026-09-11T13:19:14.8821158+00:00" testType="13cdc9d9-ddb5-4fa4-a97d-d965ccfc6d4b" outcome="Passed" testListId="8c84fa94-04c1-424b-9868-57a2d4851a1d" relativeResultsDirectory="a13ce392-6702-421f-a261-50d2d7f8c339" />
    <UnitTestResult executionId="3bc36b79-3635-4fc5-9279-f4e5b78c7a00" testId="cdd38b56-3bb5-0d9f-de6b-880c9141a5b7" testName="DevBox.Tests.AddonCatalogTests.Manifest_PathTraversal_IsRejected" computerName="runnervmvmocb" duration="00:00:00.0095504" startTime="2026-09-11T13:19:13.7618577+00:00" endTime="2026-09-11T13:19:13.7714171+00:00" testType="13cdc9d9-ddb5-4fa4-a97d-d965ccfc6d4b" outcome="Passed" testListId="8c84fa94-04c1-424b-9868-57a2d4851a1d" relativeResultsDirectory="3bc36b79-3635-4fc5-9279-f4e5b78c7a00" />
    <UnitTestResult executionId="f7429ec4-f66b-4a79-a9fa-13744be5c7ec" testId="b8407b91-18e7-39b4-208e-eae8bfb62968" testName="DevBox.Tests.ApplicationUpdateServiceTests.ParseReleaseVersion_UnsupportedTag_Throws(tag: &quot;v1.2&quot;)" computerName="runnervmvmocb" duration="00:00:00.0001908" startTime="2026-09-11T13:19:13.4098157+00:00" endTime="2026-09-11T13:19:13.4099063+00:00" testType="13cdc9d9-ddb5-4fa4-a97d-d965ccfc6d4b" outcome="Passed" testListId="8c84fa94-04c1-424b-9868-57a2d4851a1d" relativeResultsDirectory="f7429ec4-f66b-4a79-a9fa-13744be5c7ec" />
    <UnitTestResult executionId="7baffde2-b46c-44b2-bdfe-1b2c969507af" testId="3e0c7f0c-e21a-af38-6936-bcb0b7c58000" testName="DevBox.Tests.PostMergeAuditRound3Tests.RuntimeArchitecture_AllowsX64FallbackOnWindowsArm64" computerName="runnervmvmocb" duration="00:00:00.0002444" startTime="2026-09-11T13:19:14.6465235+00:00" endTime="2026-09-11T13:19:14.6466192+00:00" testType="13cdc9d9-ddb5-4fa4-a97d-d965ccfc6d4b" outcome="Passed" testListId="8c84fa94-04c1-424b-9868-57a2d4851a1d" relativeResultsDirectory="7baffde2-b46c-44b2-bdfe-1b2c969507af" />
    <UnitTestResult executionId="18589b83-8628-49ee-b9fa-1e0df579637f" testId="a7ad8c5f-cfee-56e1-32ec-04c09ddba7ce" testName="DevBox.Tests.ApplicationUpdateServiceTests.CheckAsync_NewerRelease_ReturnsUpdateAvailable" computerName="runnervmvmocb" duration="00:00:00.0012018" startTime="2026-09-11T13:19:13.4275052+00:00" endTime="2026-09-11T13:19:13.4276065+00:00" testType="13cdc9d9-ddb5-4fa4-a97d-d965ccfc6d4b" outcome="Passed" testListId="8c84fa94-04c1-424b-9868-57a2d4851a1d" relativeResultsDirectory="18589b83-8628-49ee-b9fa-1e0df579637f" />
    <UnitTestResult executionId="b099bcaa-a1bb-4c67-bd23-5e0a7a94fddd" testId="9dbf1b1f-0099-cafa-7d3d-7675b65bb790" testName="DevBox.Tests.ArchiveSafetyTests.ExtractZipSafely_RejectsSuspiciousCompressionRatioBeforeExtraction" computerName="runnervmvmocb" duration="00:00:00.0172950" startTime="2026-09-11T13:19:13.7192830+00:00" endTime="2026-09-11T13:19:13.7364658+00:00" testType="13cdc9d9-ddb5-4fa4-a97d-d965ccfc6d4b" outcome="Passed" testListId="8c84fa94-04c1-424b-9868-57a2d4851a1d" relativeResultsDirectory="b099bcaa-a1bb-4c67-bd23-5e0a7a94fddd" />
    <UnitTestResult executionId="22da2297-748e-4027-b4b0-d79645fcae0c" testId="d7cb3608-7cbc-40dd-a009-bdc6e2f2b5e3" testName="DevBox.Tests.SiteManagerTests.GetSites_CorruptMetadata_IsQuarantinedInsteadOfThrowing" computerName="runnervmvmocb" duration="00:00:00.0032496" startTime="2026-09-11T13:19:13.5952663+00:00" endTime="2026-09-11T13:19:13.5983418+00:00" testType="13cdc9d9-ddb5-4fa4-a97d-d965ccfc6d4b" outcome="Passed" testListId="8c84fa94-04c1-424b-9868-57a2d4851a1d" relativeResultsDirectory="22da2297-748e-4027-b4b0-d79645fcae0c" />
    <UnitTestResult executionId="59b362c5-901f-487e-98aa-8fbdec5d4c27" testId="3b1601aa-5d01-d18f-6ee6-40c80c9c2f50" testName="DevBox.Tests.ApplicationUpdateServiceTests.ParseReleaseVersion_UnsupportedTag_Throws(tag: &quot;&quot;)" computerName="runnervmvmocb" duration="00:00:00.0000382" startTime="2026-09-11T13:19:13.4270077+00:00" endTime="2026-09-11T13:19:13.4271183+00:00" testType="13cdc9d9-ddb5-4fa4-a97d-d965ccfc6d4b" outcome="Passed" testListId="8c84fa94-04c1-424b-9868-57a2d4851a1d" relativeResultsDirectory="59b362c5-901f-487e-98aa-8fbdec5d4c27" />
    <UnitTestResult executionId="75e5a9db-79f8-45d7-ab2b-5b6de9a94b96" testId="0b9ca123-7f7a-8aa3-2738-09f4dfce1ade" testName="DevBox.Tests.PostMergeAuditRound2Tests.ProjectProvisioning_FailureAfterCreate_RollsBackSiteAndPreservesEmptyRoot" computerName="runnervmvmocb" duration="00:00:00.0240797" startTime="2026-09-11T13:19:15.4726414+00:00" endTime="2026-09-11T13:19:15.4964908+00:00" testType="13cdc9d9-ddb5-4fa4-a97d-d965ccfc6d4b" outcome="Passed" testListId="8c84fa94-04c1-424b-9868-57a2d4851a1d" relativeResultsDirectory="75e5a9db-79f8-45d7-ab2b-5b6de9a94b96" />
    <UnitTestResult executionId="a8ef5dd6-5076-4a69-b88f-593508227b65" testId="8a71c8f3-e8a0-4104-705e-b5a3c66bb037" testName="DevBox.Tests.ProjectCommandServiceTests.GetPresets_RejectsProjectOutsideDevBoxWww" computerName="runnervmvmocb" duration="00:00:00.0307936" startTime="2026-09-11T13:19:14.7710543+00:00" endTime="2026-09-11T13:19:14.8017442+00:00" testType="13cdc9d9-ddb5-4fa4-a97d-d965ccfc6d4b" outcome="Passed" testListId="8c84fa94-04c1-424b-9868-57a2d4851a1d" relativeResultsDirectory="a8ef5dd6-5076-4a69-b88f-593508227b65" />
    <UnitTestResult executionId="4637a1b7-a1a9-4265-9f49-3c6dc436ebb3" testId="229d55aa-8806-f3bd-32c0-ac01e0981a2a" testName="DevBox.Tests.RegressionTests.MySqlDataDirectory_RequiresSystemDatabase" computerName="runnervmvmocb" duration="00:00:00.0030885" startTime="2026-09-11T13:19:13.6835987+00:00" endTime="2026-09-11T13:19:13.6865081+00:00" testType="13cdc9d9-ddb5-4fa4-a97d-d965ccfc6d4b" outcome="Passed" testListId="8c84fa94-04c1-424b-9868-57a2d4851a1d" relativeResultsDirectory="4637a1b7-a1a9-4265-9f49-3c6dc436ebb3" />
    <UnitTestResult executionId="19bb545b-ab34-4285-9acc-001803461f6d" testId="73dd54d0-0367-0532-7d22-9da39a5fea12" testName="DevBox.Tests.AppSettingsServiceTests.IsStartupCommandForExecutable_RejectsLookalikeCommands(command: &quot;\&quot;C:\\Apps\\DevBox.exe\&quot; --startup --unexpected&quot;)" computerName="runnervmvmocb" duration="00:00:00.0010221" startTime="2026-09-11T13:19:13.7053107+00:00" endTime="2026-09-11T13:19:13.7064855+00:00" testType="13cdc9d9-ddb5-4fa4-a97d-d965ccfc6d4b" outcome="Passed" testListId="8c84fa94-04c1-424b-9868-57a2d4851a1d" relativeResultsDirectory="19bb545b-ab34-4285-9acc-001803461f6d" />
    <UnitTestResult executionId="e2fb4480-d924-4651-8902-9b756ea57ecf" testId="1c3e4512-1a62-38d1-73d4-1aa15470d92f" testName="DevBox.Tests.EnvironmentPlatformFollowupTests.LocalCa_RemoveAuthorityRestoresFilesAfterPartialDeletionFailure" computerName="runnervmvmocb" duration="00:00:00.7790036" startTime="2026-09-11T13:19:18.5571675+00:00" endTime="2026-09-11T13:19:19.3361365+00:00" testType="13cdc9d9-ddb5-4fa4-a97d-d965ccfc6d4b" outcome="Passed" testListId="8c84fa94-04c1-424b-9868-57a2d4851a1d" relativeResultsDirectory="e2fb4480-d924-4651-8902-9b756ea57ecf" />
    <UnitTestResult executionId="7d973edc-136e-44fa-8ce0-e4ffc97be887" testId="c880c8e0-00b2-4e93-16a4-220546774966" testName="DevBox.Tests.EnvironmentPlatformRegressionTests.RuntimeImport_AcceptsFlatArchiveWithoutArchiveRoot" computerName="runnervmvmocb" duration="00:00:01.0756669" startTime="2026-09-11T13:19:15.0563058+00:00" endTime="2026-09-11T13:19:16.1322336+00:00" testType="13cdc9d9-ddb5-4fa4-a97d-d965ccfc6d4b" outcome="Passed" testListId="8c84fa94-04c1-424b-9868-57a2d4851a1d" relativeResultsDirectory="7d973edc-136e-44fa-8ce0-e4ffc97be887" />
    <UnitTestResult executionId="357e72bf-be0e-4b40-acc3-2ea6d9892c4e" testId="2c5225d8-72e2-f0dd-b2e9-806536a34018" testName="DevBox.Tests.PostMergeAuditRound3Tests.SiteManager_ConcurrentWritersDoNotLoseSites" computerName="runnervmvmocb" duration="00:00:00.0272653" startTime="2026-09-11T13:19:14.6190104+00:00" endTime="2026-09-11T13:19:14.6462499+00:00" testType="13cdc9d9-ddb5-4fa4-a97d-d965ccfc6d4b" outcome="Passed" testListId="8c84fa94-04c1-424b-9868-57a2d4851a1d" relativeResultsDirectory="357e72bf-be0e-4b40-acc3-2ea6d9892c4e" />
    <UnitTestResult executionId="3b4fa8d9-e2c9-46ae-9a9d-de484df348dd" testId="1e9c6a20-7200-ffe4-1bd3-2e5e59114afb" testName="DevBox.Tests.ProjectDatabaseProvisionerTests.EscapePgPass_EscapesReservedCharacters(value: &quot;plain&quot;, expected: &quot;plain&quot;)" computerName="runnervmvmocb" duration="00:00:00.0001785" startTime="2026-09-11T13:19:13.9582145+00:00" endTime="2026-09-11T13:19:13.9582865+00:00" testType="13cdc9d9-ddb5-4fa4-a97d-d965ccfc6d4b" outcome="Passed" testListId="8c84fa94-04c1-424b-9868-57a2d4851a1d" relativeResultsDirectory="3b4fa8d9-e2c9-46ae-9a9d-de484df348dd" />
    <UnitTestResult executionId="98463494-e03a-45f2-94ef-5dcf4125804f" testId="b37d88af-0938-85a3-b332-dfaf3b6ef183" testName="DevBox.Tests.ProcessIdentityTests.StartAsync_PersistsProcessStartTimeInPidMarker" computerName="runnervmvmocb" duration="00:00:00.0337073" startTime="2026-09-11T13:19:14.8809427+00:00" endTime="2026-09-11T13:19:14.9150143+00:00" testType="13cdc9d9-ddb5-4fa4-a97d-d965ccfc6d4b" outcome="Passed" testListId="8c84fa94-04c1-424b-9868-57a2d4851a1d" relativeResultsDirectory="98463494-e03a-45f2-94ef-5dcf4125804f" />
    <UnitTestResult executionId="093da391-096d-4dc1-8c5f-486cddb3fd83" testId="86514b41-afdc-0b52-5691-a140e24bc0b7" testName="DevBox.Tests.AppSettingsServiceTests.IsStartupCommandForExecutable_RejectsLookalikeCommands(command: &quot;\&quot;C:\\Apps\\DevBox.exe.bak\&quot; --startup&quot;)" computerName="runnervmvmocb" duration="00:00:00.0001361" startTime="2026-09-11T13:19:13.7066843+00:00" endTime="2026-09-11T13:19:13.7069505+00:00" testType="13cdc9d9-ddb5-4fa4-a97d-d965ccfc6d4b" outcome="Passed" testListId="8c84fa94-04c1-424b-9868-57a2d4851a1d" relativeResultsDirectory="093da391-096d-4dc1-8c5f-486cddb3fd83" />
    <UnitTestResult executionId="efa0c227-fd14-43d0-a023-0c4ad5103143" testId="ec805671-4434-6af4-e651-cf7e0de4794f" testName="DevBox.Tests.AppSettingsServiceTests.IsStartupCommandForExecutable_AcceptsExactGeneratedCommand" computerName="runnervmvmocb" duration="00:00:00.0020772" startTime="2026-09-11T13:19:13.7084501+00:00" endTime="2026-09-11T13:19:13.7100358+00:00" testType="13cdc9d9-ddb5-4fa4-a97d-d965ccfc6d4b" outcome="Passed" testListId="8c84fa94-04c1-424b-9868-57a2d4851a1d" relativeResultsDirectory="efa0c227-fd14-43d0-a023-0c4ad5103143" />
    <UnitTestResult executionId="c4341446-2908-4101-a4b1-a542be5199e9" testId="74fe55b5-a754-7ad1-ac1f-28ca9253c70c" testName="DevBox.Tests.ProjectWorkspaceServiceTests.Create_LaravelProjectUsesPublicDocumentRootAndWritesManifest" computerName="runnervmvmocb" duration="00:00:00.0253986" startTime="2026-09-11T13:19:15.9518114+00:00" endTime="2026-09-11T13:19:15.9756535+00:00" testType="13cdc9d9-ddb5-4fa4-a97d-d965ccfc6d4b" outcome="Passed" testListId="8c84fa94-04c1-424b-9868-57a2d4851a1d" relativeResultsDirectory="c4341446-2908-4101-a4b1-a542be5199e9" />
    <UnitTestResult executionId="4158b7e3-0674-4b71-b6c6-50b16295c659" testId="bcd8b28a-3622-50b6-fe48-0191981722fd" testName="DevBox.Tests.PhpExtensionInspectorTests.CheckAsync_MissingPhpRuntime_ReportsRequiredExtensionsAsMissing" computerName="runnervmvmocb" duration="00:00:00.0012538" startTime="2026-09-11T13:19:13.4935103+00:00" endTime="2026-09-11T13:19:13.4945117+00:00" testType="13cdc9d9-ddb5-4fa4-a97d-d965ccfc6d4b" outcome="Passed" testListId="8c84fa94-04c1-424b-9868-57a2d4851a1d" relativeResultsDirectory="4158b7e3-0674-4b71-b6c6-50b16295c659" />
    <UnitTestResult executionId="db3ef7ee-07a3-41c6-a96d-b9396e49209c" testId="2b66ac65-eb40-cbe7-ea4b-d72b0aba53b6" testName="DevBox.Tests.PhpRuntimePoolManagerTests.BuildVersionIni_RewritesExtensionDirectoryToRequestedRuntime" computerName="runnervmvmocb" duration="00:00:00.0075821" startTime="2026-09-11T13:19:14.8604429+00:00" endTime="2026-09-11T13:19:14.8679644+00:00" testType="13cdc9d9-ddb5-4fa4-a97d-d965ccfc6d4b" outcome="Passed" testListId="8c84fa94-04c1-424b-9868-57a2d4851a1d" relativeResultsDirectory="db3ef7ee-07a3-41c6-a96d-b9396e49209c" />
    <UnitTestResult executionId="f75b662c-ab97-4c03-b83e-8acdc5424ec0" testId="d7b038f4-8726-8418-0ef3-fe01d43a559f" testName="DevBox.Tests.ProjectWorkspaceServiceTests.CheckHealthAndRepair_RecreatesMissingVhostAndManifest" computerName="runnervmvmocb" duration="00:00:00.0314417" startTime="2026-09-11T13:19:16.0432257+00:00" endTime="2026-09-11T13:19:16.0744440+00:00" testType="13cdc9d9-ddb5-4fa4-a97d-d965ccfc6d4b" outcome="Passed" testListId="8c84fa94-04c1-424b-9868-57a2d4851a1d" relativeResultsDirectory="f75b662c-ab97-4c03-b83e-8acdc5424ec0" />
    <UnitTestResult executionId="991aeb00-bc51-4ade-af71-2367c22a29ea" testId="d436b409-77cc-e233-77ea-c56d1b7add97" testName="DevBox.Tests.ApplicationSelfUpdateServiceTests.VerifySha256_AcceptsMatchingFileAndRejectsMismatch" computerName="runnervmvmocb" duration="00:00:00.0020083" startTime="2026-09-11T13:19:13.4795187+00:00" endTime="2026-09-11T13:19:13.4813344+00:00" testType="13cdc9d9-ddb5-4fa4-a97d-d965ccfc6d4b" outcome="Passed" testListId="8c84fa94-04c1-424b-9868-57a2d4851a1d" relativeResultsDirectory="991aeb00-bc51-4ade-af71-2367c22a29ea" />
    <UnitTestResult executionId="077ddda8-a0bd-44d4-b044-d44a3270286e" testId="1535b0a6-eba6-5e03-ebb4-513d7d899c3d" testName="DevBox.Tests.ProcessIdentityTests.GetStatus_RejectsMarkerForReusedPidWithWrongStartTime" computerName="runnervmvmocb" duration="00:00:00.0113786" startTime="2026-09-11T13:19:14.8693374+00:00" endTime="2026-09-11T13:19:14.8807223+00:00" testType="13cdc9d9-ddb5-4fa4-a97d-d965ccfc6d4b" outcome="Passed" testListId="8c84fa94-04c1-424b-9868-57a2d4851a1d" relativeResultsDirectory="077ddda8-a0bd-44d4-b044-d44a3270286e" />
    <UnitTestResult executionId="ab6ee5d2-ce12-41a9-981b-62815b5bb009" testId="4cedab83-dfc3-598b-3012-778ea1df4dc7" testName="DevBox.Tests.HostsFileManagerTests.RemoveMapping_PreservesOtherHostnamesOnSameLine" computerName="runnervmvmocb" duration="00:00:00.0064503" startTime="2026-09-11T13:19:13.7491036+00:00" endTime="2026-09-11T13:19:13.7555794+00:00" testType="13cdc9d9-ddb5-4fa4-a97d-d965ccfc6d4b" outcome="Passed" testListId="8c84fa94-04c1-424b-9868-57a2d4851a1d" relativeResultsDirectory="ab6ee5d2-ce12-41a9-981b-62815b5bb009" />
    <UnitTestResult executionId="eebc816c-1127-40f8-abde-e14568cc9fb5" testId="2c33ec3d-3c5f-1359-3ab7-00009d0a3431" testName="DevBox.Tests.DatabaseManagerTests.ConnectionOptions_RejectInvalidPort" computerName="runnervmvmocb" duration="00:00:00.0002717" startTime="2026-09-11T13:19:13.7175676+00:00" endTime="2026-09-11T13:19:13.7176397+00:00" testType="13cdc9d9-ddb5-4fa4-a97d-d965ccfc6d4b" outcome="Passed" testListId="8c84fa94-04c1-424b-9868-57a2d4851a1d" relativeResultsDirectory="eebc816c-1127-40f8-abde-e14568cc9fb5" />
    <UnitTestResult executionId="107c500e-645f-4e25-8c06-3922f0fb86fb" testId="1acac50b-1d8d-aa05-3961-a6e3a05ba8e7" testName="DevBox.Tests.BundledRuntimeTests.InstallAsync_ActivatesBundledRuntimeWithoutNetworkRequest" computerName="runnervmvmocb" duration="00:00:00.0125756" startTime="2026-09-11T13:19:14.6590870+00:00" endTime="2026-09-11T13:19:14.6703944+00:00" testType="13cdc9d9-ddb5-4fa4-a97d-d965ccfc6d4b" outcome="Passed" testListId="8c84fa94-04c1-424b-9868-57a2d4851a1d" relativeResultsDirectory="107c500e-645f-4e25-8c06-3922f0fb86fb" />
    <UnitTestResult executionId="b3cfca80-efa5-4f33-878f-cb9c532f03fa" testId="97ee4f7d-5caa-3dc2-c850-9dda56e8b90c" testName="DevBox.Tests.DatabaseManagerTests.ValidateDatabaseName_AcceptsSafeNames(value: &quot;app_test_2026&quot;)" computerName="runnervmvmocb" duration="00:00:00.0000543" startTime="2026-09-11T13:19:13.7162860+00:00" endTime="2026-09-11T13:19:13.7163602+00:00" testType="13cdc9d9-ddb5-4fa4-a97d-d965ccfc6d4b" outcome="Passed" testListId="8c84fa94-04c1-424b-9868-57a2d4851a1d" relativeResultsDirectory="b3cfca80-efa5-4f33-878f-cb9c532f03fa" />
    <UnitTestResult executionId="f6080a53-e9e0-4c17-ae94-1a061d2b3c08" testId="a153be53-e975-af58-3f08-59e95762531a" testName="DevBox.Tests.AddonInstallerTests.VerifySha256_ValidHashWithWhitespace_IsAccepted" computerName="runnervmvmocb" duration="00:00:00.0029116" startTime="2026-09-11T13:19:13.4861875+00:00" endTime="2026-09-11T13:19:13.4887923+00:00" testType="13cdc9d9-ddb5-4fa4-a97d-d965ccfc6d4b" outcome="Passed" testListId="8c84fa94-04c1-424b-9868-57a2d4851a1d" relativeResultsDirectory="f6080a53-e9e0-4c17-ae94-1a061d2b3c08" />
    <UnitTestResult executionId="4d55c794-ae77-41b0-b96a-c6b34a05b9cf" testId="f7b3fc18-95d6-d73a-61b3-ee5491422ac9" testName="DevBox.Tests.AddonInstallerTests.RepairAsync_LegacyNoPasswordFalse_RegeneratesPasswordlessConfig" computerName="runnervmvmocb" duration="00:00:00.0394163" startTime="2026-09-11T13:19:13.4302593+00:00" endTime="2026-09-11T13:19:13.4696044+00:00" testType="13cdc9d9-ddb5-4fa4-a97d-d965ccfc6d4b" outcome="Passed" testListId="8c84fa94-04c1-424b-9868-57a2d4851a1d" relativeResultsDirectory="4d55c794-ae77-41b0-b96a-c6b34a05b9cf" />
    <UnitTestResult executionId="6c4afb17-ae4b-47c8-826b-1a00d3143883" testId="6d5a33d5-9ae8-9831-7da7-2f4c46c7e84f" testName="DevBox.Tests.AddonInstallerTests.UninstallAsync_RemovesAddonDirectoryAndOwnedVhostOnly" computerName="runnervmvmocb" duration="00:00:00.0146914" startTime="2026-09-11T13:19:13.4698191+00:00" endTime="2026-09-11T13:19:13.4856421+00:00" testType="13cdc9d9-ddb5-4fa4-a97d-d965ccfc6d4b" outcome="Passed" testListId="8c84fa94-04c1-424b-9868-57a2d4851a1d" relativeResultsDirectory="6c4afb17-ae4b-47c8-826b-1a00d3143883" />
    <UnitTestResult executionId="66c8ba2f-c900-4f9d-be22-a900ea80778a" testId="1e31ee7f-1b95-b91f-191e-cc9c59327413" testName="DevBox.Tests.EnvironmentPlatformFollowupTests.LocalCa_ReplacesCorruptExistingLeafPem" computerName="runnervmvmocb" duration="00:00:01.0543289" startTime="2026-09-11T13:19:13.7670090+00:00" endTime="2026-09-11T13:19:14.8212665+00:00" testType="13cdc9d9-ddb5-4fa4-a97d-d965ccfc6d4b" outcome="Passed" testListId="8c84fa94-04c1-424b-9868-57a2d4851a1d" relativeResultsDirectory="66c8ba2f-c900-4f9d-be22-a900ea80778a" />
    <UnitTestResult executionId="61c29e2c-706e-4518-926a-be6c6126af87" testId="0a58e389-8848-051d-44a9-f42d81cdf869" testName="DevBox.Tests.EnvironmentPlatformFollowupTests.SnapshotRestore_RejectsUnsafeManifestDomainBeforeTlsAccess" computerName="runnervmvmocb" duration="00:00:00.0691995" startTime="2026-09-11T13:19:14.8215020+00:00" endTime="2026-09-11T13:19:14.8912194+00:00" testType="13cdc9d9-ddb5-4fa4-a97d-d965ccfc6d4b" outcome="Passed" testListId="8c84fa94-04c1-424b-9868-57a2d4851a1d" relativeResultsDirectory="61c29e2c-706e-4518-926a-be6c6126af87" />
    <UnitTestResult executionId="e3228eb4-fbb1-4063-a3b8-4c60c892682a" testId="61ee2aab-bf8c-86e4-a855-afbd74b62766" testName="DevBox.Tests.AddonCatalogTests.Manifest_MissingKey_IsRejectedAsInvalidData" computerName="runnervmvmocb" duration="00:00:00.0024148" startTime="2026-09-11T13:19:13.8158058+00:00" endTime="2026-09-11T13:19:13.8181091+00:00" testType="13cdc9d9-ddb5-4fa4-a97d-d965ccfc6d4b" outcome="Passed" testListId="8c84fa94-04c1-424b-9868-57a2d4851a1d" relativeResultsDirectory="e3228eb4-fbb1-4063-a3b8-4c60c892682a" />
    <UnitTestResult executionId="e40984ec-c896-40d1-aff3-755fdd730e9f" testId="6d860dec-10da-7ea4-360f-5f482938c103" testName="DevBox.Tests.ApplicationUpdateServiceTests.CheckAsync_NonGithubUrl_IsRejected" computerName="runnervmvmocb" duration="00:00:00.0079777" startTime="2026-09-11T13:19:13.4051903+00:00" endTime="2026-09-11T13:19:13.4095545+00:00" testType="13cdc9d9-ddb5-4fa4-a97d-d965ccfc6d4b" outcome="Passed" testListId="8c84fa94-04c1-424b-9868-57a2d4851a1d" relativeResultsDirectory="e40984ec-c896-40d1-aff3-755fdd730e9f" />
    <UnitTestResult executionId="5186c848-4cdf-4359-9ab7-62a577f1ba6c" testId="278857ff-de1e-aa3f-2f3e-dc56f7c3c5ec" testName="DevBox.Tests.ProjectCommandServiceTests.ResolveTool_DoesNotFallBackWhenPinnedNodeIsMissing" computerName="runnervmvmocb" duration="00:00:00.0277963" startTime="2026-09-11T13:19:14.6992304+00:00" endTime="2026-09-11T13:19:14.7269335+00:00" testType="13cdc9d9-ddb5-4fa4-a97d-d965ccfc6d4b" outcome="Passed" testListId="8c84fa94-04c1-424b-9868-57a2d4851a1d" relativeResultsDirectory="5186c848-4cdf-4359-9ab7-62a577f1ba6c" />
    <UnitTestResult executionId="900ab6d3-0739-49b6-86a7-5b53f8977358" testId="25e82b58-2069-367c-4f29-064cacc0517b" testName="DevBox.Tests.PhpManagerTests.SetExtensionEnabled_TogglesConfiguredExtensionAtomically" computerName="runnervmvmocb" duration="00:00:00.0252879" startTime="2026-09-11T13:19:13.4448831+00:00" endTime="2026-09-11T13:19:13.4621119+00:00" testType="13cdc9d9-ddb5-4fa4-a97d-d965ccfc6d4b" outcome="Passed" testListId="8c84fa94-04c1-424b-9868-57a2d4851a1d" relativeResultsDirectory="900ab6d3-0739-49b6-86a7-5b53f8977358" />
    <UnitTestResult executionId="817ab297-b3e9-4d52-ac20-2e1e3f66a4ed" testId="eef9922f-1456-f2e9-aa12-4fc635a5b0c7" testName="DevBox.Tests.EnvironmentPlatformFollowupTests.LocalCa_RemoveAuthorityCleansTrustWhenOnlyPemRemains" computerName="runnervmvmocb" duration="00:00:00.7669021" startTime="2026-09-11T13:19:16.1469847+00:00" endTime="2026-09-11T13:19:16.9137326+00:00" testType="13cdc9d9-ddb5-4fa4-a97d-d965ccfc6d4b" outcome="Passed" testListId="8c84fa94-04c1-424b-9868-57a2d4851a1d" relativeResultsDirectory="817ab297-b3e9-4d52-ac20-2e1e3f66a4ed" />
    <UnitTestResult executionId="17b3bdcb-ce99-4886-861d-62e9abb3afee" testId="c12dcf40-0979-5554-0cff-e203e1a37890" testName="DevBox.Tests.DatabaseManagerTests.ValidateDatabaseName_RejectsUnsafeNames(value: &quot;../mysql&quot;)" computerName="runnervmvmocb" duration="00:00:00.0001503" startTime="2026-09-11T13:19:13.7145669+00:00" endTime="2026-09-11T13:19:13.7146433+00:00" testType="13cdc9d9-ddb5-4fa4-a97d-d965ccfc6d4b" outcome="Passed" testListId="8c84fa94-04c1-424b-9868-57a2d4851a1d" relativeResultsDirectory="17b3bdcb-ce99-4886-861d-62e9abb3afee" />
    <UnitTestResult executionId="e15645af-4df9-470b-82b5-3b0a101b5b75" testId="8d1542c4-5103-4c33-83f0-35086344596e" testName="DevBox.Tests.LocalCertificateManagerTests.Ensure_RejectsNonTestDomain" computerName="runnervmvmocb" duration="00:00:00.0038141" startTime="2026-09-11T13:19:14.2614309+00:00" endTime="2026-09-11T13:19:14.2652721+00:00" testType="13cdc9d9-ddb5-4fa4-a97d-d965ccfc6d4b" outcome="Passed" testListId="8c84fa94-04c1-424b-9868-57a2d4851a1d" relativeResultsDirectory="e15645af-4df9-470b-82b5-3b0a101b5b75" />
    <UnitTestResult executionId="961ed243-d8b1-4a0d-8f17-763520ea4ad1" testId="ed6124c8-4bb6-e1aa-5bc0-edfe996e962a" testName="DevBox.Tests.PostMergeAuditRound2Tests.EnvironmentLock_DriftDetectsExistingButInvalidTlsMaterial" computerName="runnervmvmocb" duration="00:00:00.4832747" startTime="2026-09-11T13:19:14.9890724+00:00" endTime="2026-09-11T13:19:15.4722704+00:00" testType="13cdc9d9-ddb5-4fa4-a97d-d965ccfc6d4b" outcome="Passed" testListId="8c84fa94-04c1-424b-9868-57a2d4851a1d" relativeResultsDirectory="961ed243-d8b1-4a0d-8f17-763520ea4ad1" />
    <UnitTestResult executionId="d8e2adeb-e530-4dfa-b766-59fef3d3d54c" testId="a40fae56-de59-a0a8-5ee7-95f15784c898" testName="DevBox.Tests.LocalCaEdgeCaseTests.RemoveAuthority_AllowsCorruptPemOnlyPartialState" computerName="runnervmvmocb" duration="00:00:00.0070052" startTime="2026-09-11T13:19:13.9506006+00:00" endTime="2026-09-11T13:19:13.9576214+00:00" testType="13cdc9d9-ddb5-4fa4-a97d-d965ccfc6d4b" outcome="Passed" testListId="8c84fa94-04c1-424b-9868-57a2d4851a1d" relativeResultsDirectory="d8e2adeb-e530-4dfa-b766-59fef3d3d54c" />
[...]
    <TestEntry testId="b8c1deb1-8024-5a55-346d-629cb87f37cf" executionId="6631482c-26e9-4887-90ed-fcc195dffd3f" testListId="8c84fa94-04c1-424b-9868-57a2d4851a1d" />
    <TestEntry testId="cc578efa-a966-6860-c407-b23027776ea2" executionId="2018515f-9e5c-44cf-8143-52031c75ed08" testListId="8c84fa94-04c1-424b-9868-57a2d4851a1d" />
    <TestEntry testId="1b622819-1d8b-5c84-fe2b-2dd2e7c74f9b" executionId="d3071403-a253-4bad-8cf8-37705178e6f4" testListId="8c84fa94-04c1-424b-9868-57a2d4851a1d" />
    <TestEntry testId="14a2c7b9-6e5a-42e5-11c8-c135aa46f6fe" executionId="d296d4a3-63ad-437c-a8fb-fc09d26b39eb" testListId="8c84fa94-04c1-424b-9868-57a2d4851a1d" />
    <TestEntry testId="4f73cd03-fe43-8dac-e8f9-25c4b8f3366b" executionId="cb25048d-1251-46a2-b3ab-c71b7068f17d" testListId="8c84fa94-04c1-424b-9868-57a2d4851a1d" />
    <TestEntry testId="8ae8b513-b8e6-8f95-9b05-4e3b61d8d467" executionId="86ffeb7f-9557-4e45-af37-ef240071d986" testListId="8c84fa94-04c1-424b-9868-57a2d4851a1d" />
    <TestEntry testId="1a40ae9b-407b-24c1-8b15-9b79fbd3a927" executionId="cb26908d-a68e-469b-a9dd-736945a5be7e" testListId="8c84fa94-04c1-424b-9868-57a2d4851a1d" />
    <TestEntry testId="755ee5d6-0148-45dc-ac68-2900e34bea1f" executionId="70ca38df-44be-4bc7-a40f-fa18aa344796" testListId="8c84fa94-04c1-424b-9868-57a2d4851a1d" />
    <TestEntry testId="e8e12d1b-ba23-6fcc-3e69-f753c8676bf7" executionId="00e942b4-328e-4e3f-8345-a9930eda8a73" testListId="8c84fa94-04c1-424b-9868-57a2d4851a1d" />
    <TestEntry testId="2d1dce2f-858b-45ca-367a-74eab051c355" executionId="de66c7fd-d786-4568-9ca9-c645261a180c" testListId="8c84fa94-04c1-424b-9868-57a2d4851a1d" />
    <TestEntry testId="29d0969d-16bf-5a00-0e74-a1a2b7c8c4be" executionId="0ec69e34-a686-423f-b0d8-57f75cf65344" testListId="8c84fa94-04c1-424b-9868-57a2d4851a1d" />
    <TestEntry testId="02d4f925-101c-2415-c0ca-856cf0bceca7" executionId="688005d8-e992-42a0-9538-1f2f1df0f2ed" testListId="8c84fa94-04c1-424b-9868-57a2d4851a1d" />
    <TestEntry testId="2de243a9-c4eb-38d2-a545-dee48bad0260" executionId="7cf8b2c3-ca3e-4570-8e6b-d24fd98cfe47" testListId="8c84fa94-04c1-424b-9868-57a2d4851a1d" />
    <TestEntry testId="44d6372d-0ef2-144b-e4db-3c5420e7a124" executionId="367bf67f-b365-4cee-9600-f84af8ab3f35" testListId="8c84fa94-04c1-424b-9868-57a2d4851a1d" />
    <TestEntry testId="df31489d-4f17-be62-843f-6f15d28dbeb5" executionId="feae016d-e186-4e9d-a757-1adabf7bf8be" testListId="8c84fa94-04c1-424b-9868-57a2d4851a1d" />
    <TestEntry testId="8a358e5c-0945-6122-2ce6-0fc45bc7a89e" executionId="8e8a221d-7710-4655-9a3d-e197531cfab7" testListId="8c84fa94-04c1-424b-9868-57a2d4851a1d" />
    <TestEntry testId="38908af2-ebb3-3ab6-c053-6bec4db03ea3" executionId="ecc46591-0d91-4d6d-94ab-3b9f9c9f6426" testListId="8c84fa94-04c1-424b-9868-57a2d4851a1d" />
    <TestEntry testId="7b4d9e9d-0e54-5ae0-f9c8-1200dd3f80cf" executionId="5d75e31f-eed5-48f2-8569-9210135d339f" testListId="8c84fa94-04c1-424b-9868-57a2d4851a1d" />
    <TestEntry testId="903ec948-82c8-866f-52b0-a870e6aad203" executionId="8e675ffd-7425-43d1-9a0d-e2174ff448fa" testListId="8c84fa94-04c1-424b-9868-57a2d4851a1d" />
    <TestEntry testId="a9089216-5045-7065-cf6c-4f1d5d0a0ce0" executionId="3034c21a-859a-4764-be74-f16be37b05e3" testListId="8c84fa94-04c1-424b-9868-57a2d4851a1d" />
    <TestEntry testId="a9dc90f2-b343-a790-faf2-91d380ecc2bf" executionId="e9189730-7414-4747-b8eb-697196bbf516" testListId="8c84fa94-04c1-424b-9868-57a2d4851a1d" />
    <TestEntry testId="b3581289-0f72-c683-9663-8b3385d6ef3a" executionId="48715f5c-b06e-4b48-a737-4aa68ec7ad0a" testListId="8c84fa94-04c1-424b-9868-57a2d4851a1d" />
    <TestEntry testId="1eb59eaa-76ec-8c24-c982-47e2802ab57b" executionId="c3825960-cc92-413e-b96e-c64bdadb8c91" testListId="8c84fa94-04c1-424b-9868-57a2d4851a1d" />
    <TestEntry testId="7e5227d4-23ca-a330-134a-3fd7106b5cde" executionId="c38e0d61-e906-4acd-8e41-25abdeaa2a9f" testListId="8c84fa94-04c1-424b-9868-57a2d4851a1d" />
    <TestEntry testId="b2dd6bfc-be9f-aee0-305d-1d1fb9d09c8b" executionId="8f5b51d5-dd2c-4449-8ac8-5bd2beb23fbb" testListId="8c84fa94-04c1-424b-9868-57a2d4851a1d" />
    <TestEntry testId="5098484d-d8a2-9531-f9f6-ca9ed4393490" executionId="d6c5245a-674b-490c-a3de-29dcf46382d6" testListId="8c84fa94-04c1-424b-9868-57a2d4851a1d" />
    <TestEntry testId="6fa77776-5b19-e228-9cd2-e4068a9c1383" executionId="52e8d6d6-2e58-4949-a152-b05e76093460" testListId="8c84fa94-04c1-424b-9868-57a2d4851a1d" />
    <TestEntry testId="4e7e5147-cb00-ad11-828b-fdfb16e73efa" executionId="9a22c197-870f-48b0-ab39-c8586f3889f1" testListId="8c84fa94-04c1-424b-9868-57a2d4851a1d" />
    <TestEntry testId="eb508664-7da4-ae2c-4983-0f31f021a6b1" executionId="cf86db6d-d82c-4d29-954b-a94db3b6546b" testListId="8c84fa94-04c1-424b-9868-57a2d4851a1d" />
    <TestEntry testId="d03a8e7b-83a0-c277-4243-eb66ad8dc328" executionId="9e8880d3-596c-4225-a37c-3340cf538a00" testListId="8c84fa94-04c1-424b-9868-57a2d4851a1d" />
    <TestEntry testId="3c058e36-f46a-7d24-bdbf-fb6fea8c53d6" executionId="809f5d4d-957e-4b25-985a-7d919a7738d0" testListId="8c84fa94-04c1-424b-9868-57a2d4851a1d" />
    <TestEntry testId="a6e5d08c-bb72-128d-85a5-90d82d70280d" executionId="d5e6d9e0-06ae-435a-81da-5ffbf4773f44" testListId="8c84fa94-04c1-424b-9868-57a2d4851a1d" />
    <TestEntry testId="d60494f2-c6cf-ccc8-bb4f-188de49b0b5a" executionId="70a19dea-19f8-4e33-9b43-3144ea54c845" testListId="8c84fa94-04c1-424b-9868-57a2d4851a1d" />
    <TestEntry testId="233455ea-33d0-77d7-42da-0e9d731b299d" executionId="da730b50-afdf-4dd3-9401-3414064d8957" testListId="8c84fa94-04c1-424b-9868-57a2d4851a1d" />
    <TestEntry testId="6e1c45c4-ca35-3dae-79e4-c7949d4aff2a" executionId="cbc79f7a-6a79-4cf6-adf7-e3d29ecca21f" testListId="8c84fa94-04c1-424b-9868-57a2d4851a1d" />
    <TestEntry testId="4c99b994-430f-a822-f426-42c7dc1295ec" executionId="915130e0-aa09-42e7-888d-a130e0b12aea" testListId="8c84fa94-04c1-424b-9868-57a2d4851a1d" />
    <TestEntry testId="168ef436-4ced-387d-35ad-825364137939" executionId="7bbfcf80-b8f2-4417-9655-bcdb987f660e" testListId="8c84fa94-04c1-424b-9868-57a2d4851a1d" />
    <TestEntry testId="4ddac9c6-52f8-b1a1-7aac-4eea5c0aee6c" executionId="a13ce392-6702-421f-a261-50d2d7f8c339" testListId="8c84fa94-04c1-424b-9868-57a2d4851a1d" />
    <TestEntry testId="cdd38b56-3bb5-0d9f-de6b-880c9141a5b7" executionId="3bc36b79-3635-4fc5-9279-f4e5b78c7a00" testListId="8c84fa94-04c1-424b-9868-57a2d4851a1d" />
    <TestEntry testId="b8407b91-18e7-39b4-208e-eae8bfb62968" executionId="f7429ec4-f66b-4a79-a9fa-13744be5c7ec" testListId="8c84fa94-04c1-424b-9868-57a2d4851a1d" />
    <TestEntry testId="3e0c7f0c-e21a-af38-6936-bcb0b7c58000" executionId="7baffde2-b46c-44b2-bdfe-1b2c969507af" testListId="8c84fa94-04c1-424b-9868-57a2d4851a1d" />
    <TestEntry testId="a7ad8c5f-cfee-56e1-32ec-04c09ddba7ce" executionId="18589b83-8628-49ee-b9fa-1e0df579637f" testListId="8c84fa94-04c1-424b-9868-57a2d4851a1d" />
    <TestEntry testId="9dbf1b1f-0099-cafa-7d3d-7675b65bb790" executionId="b099bcaa-a1bb-4c67-bd23-5e0a7a94fddd" testListId="8c84fa94-04c1-424b-9868-57a2d4851a1d" />
    <TestEntry testId="d7cb3608-7cbc-40dd-a009-bdc6e2f2b5e3" executionId="22da2297-748e-4027-b4b0-d79645fcae0c" testListId="8c84fa94-04c1-424b-9868-57a2d4851a1d" />
    <TestEntry testId="3b1601aa-5d01-d18f-6ee6-40c80c9c2f50" executionId="59b362c5-901f-487e-98aa-8fbdec5d4c27" testListId="8c84fa94-04c1-424b-9868-57a2d4851a1d" />
    <TestEntry testId="0b9ca123-7f7a-8aa3-2738-09f4dfce1ade" executionId="75e5a9db-79f8-45d7-ab2b-5b6de9a94b96" testListId="8c84fa94-04c1-424b-9868-57a2d4851a1d" />
    <TestEntry testId="8a71c8f3-e8a0-4104-705e-b5a3c66bb037" executionId="a8ef5dd6-5076-4a69-b88f-593508227b65" testListId="8c84fa94-04c1-424b-9868-57a2d4851a1d" />
    <TestEntry testId="229d55aa-8806-f3bd-32c0-ac01e0981a2a" executionId="4637a1b7-a1a9-4265-9f49-3c6dc436ebb3" testListId="8c84fa94-04c1-424b-9868-57a2d4851a1d" />
    <TestEntry testId="73dd54d0-0367-0532-7d22-9da39a5fea12" executionId="19bb545b-ab34-4285-9acc-001803461f6d" testListId="8c84fa94-04c1-424b-9868-57a2d4851a1d" />
    <TestEntry testId="1c3e4512-1a62-38d1-73d4-1aa15470d92f" executionId="e2fb4480-d924-4651-8902-9b756ea57ecf" testListId="8c84fa94-04c1-424b-9868-57a2d4851a1d" />
    <TestEntry testId="c880c8e0-00b2-4e93-16a4-220546774966" executionId="7d973edc-136e-44fa-8ce0-e4ffc97be887" testListId="8c84fa94-04c1-424b-9868-57a2d4851a1d" />
    <TestEntry testId="2c5225d8-72e2-f0dd-b2e9-806536a34018" executionId="357e72bf-be0e-4b40-acc3-2ea6d9892c4e" testListId="8c84fa94-04c1-424b-9868-57a2d4851a1d" />
    <TestEntry testId="1e9c6a20-7200-ffe4-1bd3-2e5e59114afb" executionId="3b4fa8d9-e2c9-46ae-9a9d-de484df348dd" testListId="8c84fa94-04c1-424b-9868-57a2d4851a1d" />
    <TestEntry testId="b37d88af-0938-85a3-b332-dfaf3b6ef183" executionId="98463494-e03a-45f2-94ef-5dcf4125804f" testListId="8c84fa94-04c1-424b-9868-57a2d4851a1d" />
    <TestEntry testId="86514b41-afdc-0b52-5691-a140e24bc0b7" executionId="093da391-096d-4dc1-8c5f-486cddb3fd83" testListId="8c84fa94-04c1-424b-9868-57a2d4851a1d" />
    <TestEntry testId="ec805671-4434-6af4-e651-cf7e0de4794f" executionId="efa0c227-fd14-43d0-a023-0c4ad5103143" testListId="8c84fa94-04c1-424b-9868-57a2d4851a1d" />
    <TestEntry testId="74fe55b5-a754-7ad1-ac1f-28ca9253c70c" executionId="c4341446-2908-4101-a4b1-a542be5199e9" testListId="8c84fa94-04c1-424b-9868-57a2d4851a1d" />
    <TestEntry testId="bcd8b28a-3622-50b6-fe48-0191981722fd" executionId="4158b7e3-0674-4b71-b6c6-50b16295c659" testListId="8c84fa94-04c1-424b-9868-57a2d4851a1d" />
    <TestEntry testId="2b66ac65-eb40-cbe7-ea4b-d72b0aba53b6" executionId="db3ef7ee-07a3-41c6-a96d-b9396e49209c" testListId="8c84fa94-04c1-424b-9868-57a2d4851a1d" />
    <TestEntry testId="d7b038f4-8726-8418-0ef3-fe01d43a559f" executionId="f75b662c-ab97-4c03-b83e-8acdc5424ec0" testListId="8c84fa94-04c1-424b-9868-57a2d4851a1d" />
    <TestEntry testId="d436b409-77cc-e233-77ea-c56d1b7add97" executionId="991aeb00-bc51-4ade-af71-2367c22a29ea" testListId="8c84fa94-04c1-424b-9868-57a2d4851a1d" />
    <TestEntry testId="1535b0a6-eba6-5e03-ebb4-513d7d899c3d" executionId="077ddda8-a0bd-44d4-b044-d44a3270286e" testListId="8c84fa94-04c1-424b-9868-57a2d4851a1d" />
    <TestEntry testId="4cedab83-dfc3-598b-3012-778ea1df4dc7" executionId="ab6ee5d2-ce12-41a9-981b-62815b5bb009" testListId="8c84fa94-04c1-424b-9868-57a2d4851a1d" />
    <TestEntry testId="2c33ec3d-3c5f-1359-3ab7-00009d0a3431" executionId="eebc816c-1127-40f8-abde-e14568cc9fb5" testListId="8c84fa94-04c1-424b-9868-57a2d4851a1d" />
    <TestEntry testId="1acac50b-1d8d-aa05-3961-a6e3a05ba8e7" executionId="107c500e-645f-4e25-8c06-3922f0fb86fb" testListId="8c84fa94-04c1-424b-9868-57a2d4851a1d" />
    <TestEntry testId="97ee4f7d-5caa-3dc2-c850-9dda56e8b90c" executionId="b3cfca80-efa5-4f33-878f-cb9c532f03fa" testListId="8c84fa94-04c1-424b-9868-57a2d4851a1d" />
    <TestEntry testId="a153be53-e975-af58-3f08-59e95762531a" executionId="f6080a53-e9e0-4c17-ae94-1a061d2b3c08" testListId="8c84fa94-04c1-424b-9868-57a2d4851a1d" />
    <TestEntry testId="f7b3fc18-95d6-d73a-61b3-ee5491422ac9" executionId="4d55c794-ae77-41b0-b96a-c6b34a05b9cf" testListId="8c84fa94-04c1-424b-9868-57a2d4851a1d" />
    <TestEntry testId="6d5a33d5-9ae8-9831-7da7-2f4c46c7e84f" executionId="6c4afb17-ae4b-47c8-826b-1a00d3143883" testListId="8c84fa94-04c1-424b-9868-57a2d4851a1d" />
    <TestEntry testId="1e31ee7f-1b95-b91f-191e-cc9c59327413" executionId="66c8ba2f-c900-4f9d-be22-a900ea80778a" testListId="8c84fa94-04c1-424b-9868-57a2d4851a1d" />
    <TestEntry testId="0a58e389-8848-051d-44a9-f42d81cdf869" executionId="61c29e2c-706e-4518-926a-be6c6126af87" testListId="8c84fa94-04c1-424b-9868-57a2d4851a1d" />
    <TestEntry testId="61ee2aab-bf8c-86e4-a855-afbd74b62766" executionId="e3228eb4-fbb1-4063-a3b8-4c60c892682a" testListId="8c84fa94-04c1-424b-9868-57a2d4851a1d" />
    <TestEntry testId="6d860dec-10da-7ea4-360f-5f482938c103" executionId="e40984ec-c896-40d1-aff3-755fdd730e9f" testListId="8c84fa94-04c1-424b-9868-57a2d4851a1d" />
    <TestEntry testId="278857ff-de1e-aa3f-2f3e-dc56f7c3c5ec" executionId="5186c848-4cdf-4359-9ab7-62a577f1ba6c" testListId="8c84fa94-04c1-424b-9868-57a2d4851a1d" />
    <TestEntry testId="25e82b58-2069-367c-4f29-064cacc0517b" executionId="900ab6d3-0739-49b6-86a7-5b53f8977358" testListId="8c84fa94-04c1-424b-9868-57a2d4851a1d" />
    <TestEntry testId="eef9922f-1456-f2e9-aa12-4fc635a5b0c7" executionId="817ab297-b3e9-4d52-ac20-2e1e3f66a4ed" testListId="8c84fa94-04c1-424b-9868-57a2d4851a1d" />
    <TestEntry testId="c12dcf40-0979-5554-0cff-e203e1a37890" executionId="17b3bdcb-ce99-4886-861d-62e9abb3afee" testListId="8c84fa94-04c1-424b-9868-57a2d4851a1d" />
    <TestEntry testId="8d1542c4-5103-4c33-83f0-35086344596e" executionId="e15645af-4df9-470b-82b5-3b0a101b5b75" testListId="8c84fa94-04c1-424b-9868-57a2d4851a1d" />
    <TestEntry testId="ed6124c8-4bb6-e1aa-5bc0-edfe996e962a" executionId="961ed243-d8b1-4a0d-8f17-763520ea4ad1" testListId="8c84fa94-04c1-424b-9868-57a2d4851a1d" />
    <TestEntry testId="a40fae56-de59-a0a8-5ee7-95f15784c898" executionId="d8e2adeb-e530-4dfa-b766-59fef3d3d54c" testListId="8c84fa94-04c1-424b-9868-57a2d4851a1d" />
    <TestEntry testId="d275bbbf-d828-e7e0-199c-d8f920df05c2" executionId="2b973e56-225f-4484-87d5-5a2c2f5738dd" testListId="8c84fa94-04c1-424b-9868-57a2d4851a1d" />
    <TestEntry testId="57a46360-af63-6e43-e1d9-9f0f0877adc8" executionId="ca37be8b-3d53-4fe7-89a3-4419d434780f" testListId="8c84fa94-04c1-424b-9868-57a2d4851a1d" />
    <TestEntry testId="94e580fa-da6a-55dd-4b48-1891491c5cb4" executionId="3f1563fe-2143-41a8-8150-6e86342e92f6" testListId="8c84fa94-04c1-424b-9868-57a2d4851a1d" />
    <TestEntry testId="fcf414d9-a713-d5bd-dce6-eef01bdb3d9d" executionId="ba451d58-c317-4ab9-80f8-d66e3bb6fe79" testListId="8c84fa94-04c1-424b-9868-57a2d4851a1d" />
    <TestEntry testId="6f590e69-a57d-c445-873c-4a77baed2358" executionId="3edf5703-3278-4f7b-b02c-dabe1d40a0d1" testListId="8c84fa94-04c1-424b-9868-57a2d4851a1d" />
    <TestEntry testId="186817fc-e9cc-1f6b-68d4-f2a2b3a320f1" executionId="3630ecfc-76f1-419f-a3f4-ae9fc11bcc5f" testListId="8c84fa94-04c1-424b-9868-57a2d4851a1d" />
    <TestEntry testId="fe37e301-337a-c2c4-0bbb-babdb9f758b4" executionId="b7d260b0-dd9a-47ea-9938-4ecdcfa11939" testListId="8c84fa94-04c1-424b-9868-57a2d4851a1d" />
    <TestEntry testId="e2a6c2ff-52f4-2517-a1d6-90d14e51a850" executionId="290f0388-2b45-48aa-aa0e-af292eef075a" testListId="8c84fa94-04c1-424b-9868-57a2d4851a1d" />
    <TestEntry testId="3be57ab9-9bde-d8fc-a320-3cd5de9225f9" executionId="cd483d5f-191c-4863-b4e3-a46614c89fda" testListId="8c84fa94-04c1-424b-9868-57a2d4851a1d" />
    <TestEntry testId="5d3c3cca-a6ad-8fbd-3d14-c01b1242b3a0" executionId="a76ec33c-2f02-4843-829e-452413975970" testListId="8c84fa94-04c1-424b-9868-57a2d4851a1d" />
    <TestEntry testId="7c4f9e8f-e89d-ef4a-9808-32283e44ac10" executionId="11da7ac8-23f5-42c0-b88c-591f9a2af055" testListId="8c84fa94-04c1-424b-9868-57a2d4851a1d" />
    <TestEntry testId="81dd398f-8554-7abe-167a-892e7b226342" executionId="029b6131-6849-4c5d-9034-5ba0f1fb0065" testListId="8c84fa94-04c1-424b-9868-57a2d4851a1d" />
    <TestEntry testId="dc97bb9b-538a-4e08-bbe1-acc0c4a494ef" executionId="cd94f580-d816-4b3b-9e64-5445a3efd6da" testListId="8c84fa94-04c1-424b-9868-57a2d4851a1d" />
    <TestEntry testId="ca115f48-fd25-6886-2faf-5fe32abedecf" executionId="36357fb8-6788-4796-8e89-fe1a4da7a3bf" testListId="8c84fa94-04c1-424b-9868-57a2d4851a1d" />
    <TestEntry testId="2e32e68c-08d8-87b5-da58-a4997a026cfd" executionId="4844960b-f60f-4e8f-9f92-5734ad10e508" testListId="8c84fa94-04c1-424b-9868-57a2d4851a1d" />
    <TestEntry testId="4ee732a7-637e-2771-6499-701e80ac592b" executionId="710bfeec-463b-4ac4-ba3a-9cd04598fe05" testListId="8c84fa94-04c1-424b-9868-57a2d4851a1d" />
    <TestEntry testId="82a7130c-2795-50ea-b827-8b07a210a3bd" executionId="adce2660-9178-4884-827e-6a7dc9b9896e" testListId="8c84fa94-04c1-424b-9868-57a2d4851a1d" />
    <TestEntry testId="d71b22a9-fd84-5769-c6ab-f3de8990dbe3" executionId="ad40699a-5394-46f7-88b0-ae4d4306200f" testListId="8c84fa94-04c1-424b-9868-57a2d4851a1d" />
    <TestEntry testId="133279b3-d8d7-2e44-0973-337b9044863b" executionId="841cafca-464d-4c19-a747-3d054892b578" testListId="8c84fa94-04c1-424b-9868-57a2d4851a1d" />
    <TestEntry testId="13ce7bf4-677f-8d4b-827f-c5d2fd1d6c8c" executionId="3e743a56-073d-42f0-bce6-1201fa26b509" testListId="8c84fa94-04c1-424b-9868-57a2d4851a1d" />
    <TestEntry testId="d389cce5-7246-1e9c-661a-90bf8376a3cc" executionId="44b7eb23-2afd-42fa-9349-54e3d1db232d" testListId="8c84fa94-04c1-424b-9868-57a2d4851a1d" />
    <TestEntry testId="114fb65f-d7b0-64f9-04dc-aea846d199ec" executionId="94cbd46d-0342-4a0e-a1f4-6c710ffedf64" testListId="8c84fa94-04c1-424b-9868-57a2d4851a1d" />
    <TestEntry testId="46b76693-f78a-4110-05c4-183781a038a5" executionId="36222dec-b8a7-489b-a0b9-4d42b153afb2" testListId="8c84fa94-04c1-424b-9868-57a2d4851a1d" />
    <TestEntry testId="80ce5a93-367a-2dff-6243-cc4179c20fef" executionId="26186561-8d24-4e63-bf9d-88d56ac5b8c0" testListId="8c84fa94-04c1-424b-9868-57a2d4851a1d" />
    <TestEntry testId="5ca476d0-a229-e549-c9f5-b80977197149" executionId="6be75e1e-0867-485d-85a7-cddf5bf2057f" testListId="8c84fa94-04c1-424b-9868-57a2d4851a1d" />
    <TestEntry testId="cb096fc5-efc3-9c01-902d-513c03fa67a0" executionId="d0a6598a-7559-4705-b0c3-b4d03d01db74" testListId="8c84fa94-04c1-424b-9868-57a2d4851a1d" />
    <TestEntry testId="ce086947-4ad6-cf2a-b4e3-0f76e3ca7fe1" executionId="fc77b3f0-2014-4c4b-8939-06620695fe9a" testListId="8c84fa94-04c1-424b-9868-57a2d4851a1d" />
    <TestEntry testId="b0d4453c-5d9f-ba35-8575-3557f56194ae" executionId="0dead4c2-b244-4684-9bff-1086f3702896" testListId="8c84fa94-04c1-424b-9868-57a2d4851a1d" />
    <TestEntry testId="b2ef71ab-eda2-dd6f-d644-30083d754a7a" executionId="1a6f5dbc-e5d4-43fb-9370-f06c37893c89" testListId="8c84fa94-04c1-424b-9868-57a2d4851a1d" />
    <TestEntry testId="3f36f7d3-50f6-091f-79de-0ab1540cdad8" executionId="785ac175-6e93-48c0-b987-e2f20809a85d" testListId="8c84fa94-04c1-424b-9868-57a2d4851a1d" />
    <TestEntry testId="326ba115-59ab-65dc-9819-9581965ee11c" executionId="fd0d4963-a88e-4d0c-95f5-b6b3b213c197" testListId="8c84fa94-04c1-424b-9868-57a2d4851a1d" />
    <TestEntry testId="98da289a-04e7-9fef-472c-d75fa6d968af" executionId="5d6a2a79-c23e-4098-b362-fa39d6caac9b" testListId="8c84fa94-04c1-424b-9868-57a2d4851a1d" />
    <TestEntry testId="78819d2c-c79f-7d84-6bf5-54d7c8de6c96" executionId="ae692bb0-3c60-46db-87bc-f7533e134a6d" testListId="8c84fa94-04c1-424b-9868-57a2d4851a1d" />
    <TestEntry testId="7521b243-e97d-6fa9-17d7-bd8fe328a150" executionId="b01c22ac-2c7f-4ec2-9758-ccd4914de418" testListId="8c84fa94-04c1-424b-9868-57a2d4851a1d" />
    <TestEntry testId="afdfd505-1183-1ee8-4243-91bef5031253" executionId="3a3c1b84-1f04-4d31-ab92-f6e0648820fe" testListId="8c84fa94-04c1-424b-9868-57a2d4851a1d" />
  </TestEntries>
  <TestLists>
    <TestList name="Results Not in a List" id="8c84fa94-04c1-424b-9868-57a2d4851a1d" />
    <TestList name="All Loaded Results" id="19431567-8539-422a-85d7-44ee4e166bda" />
  </TestLists>
  <ResultSummary outcome="Completed">
    <Counters total="179" executed="179" passed="179" failed="0" error="0" timeout="0" aborted="0" inconclusive="0" passedButRunAborted="0" notRunnable="0" notExecuted="0" disconnected="0" warning="0" completed="0" inProgress="0" pending="0" />
    <Output>
      <StdOut>[xUnit.net 00:00:00.00] xUnit.net VSTest Adapter v4.0.0+05679a7ab5 (64-bit .NET 8.0.31)&#xD;
[xUnit.net 00:00:00.10]   Discovering: DevBox.Tests&#xD;
[xUnit.net 00:00:00.17]   Discovered:  DevBox.Tests&#xD;
[xUnit.net 00:00:00.22]   Starting:    DevBox.Tests&#xD;
[xUnit.net 00:00:06.23]   Finished:    DevBox.Tests&#xD;
</StdOut>
    </Output>
  </ResultSummary>
</TestRun>