<?xml version="1.0" encoding="utf-8"?>
<TestRun id="490baf2b-fb37-4a5f-a782-3b7fab35df07" name="runneradmin@runnervmvmocb 2026-09-11 14:31:51" runUser="runnervmvmocb\runneradmin" xmlns="http://microsoft.com/schemas/VisualStudio/TeamTest/2010">
  <Times creation="2026-09-11T14:31:51.1980852+00:00" queuing="2026-09-11T14:31:51.1980856+00:00" start="2026-09-11T14:31:50.3450503+00:00" finish="2026-09-11T14:31:55.8842436+00:00" />
  <TestSettings name="default" id="59c1962a-614b-4be7-8a87-e0352780a212">
    <Deployment runDeploymentRoot="runneradmin_runnervmvmocb_2026-09-11_14_31_51" />
  </TestSettings>
  <Results>
    <UnitTestResult executionId="aaedebca-0408-40a0-bfcf-6ea13b9f8dfc" testId="b3581289-0f72-c683-9663-8b3385d6ef3a" testName="DevBox.Tests.OptionalRuntimeCatalogTests.RedisDefinitionUsesPinnedGarnetWindowsPackage" computerName="runnervmvmocb" duration="00:00:00.0003647" startTime="2026-09-11T14:31:52.4362804+00:00" endTime="2026-09-11T14:31:52.4367836+00:00" testType="13cdc9d9-ddb5-4fa4-a97d-d965ccfc6d4b" outcome="Passed" testListId="8c84fa94-04c1-424b-9868-57a2d4851a1d" relativeResultsDirectory="aaedebca-0408-40a0-bfcf-6ea13b9f8dfc" />
    <UnitTestResult executionId="da1d435e-77e5-4747-b635-0788f3d2b531" testId="29d0969d-16bf-5a00-0e74-a1a2b7c8c4be" testName="DevBox.Tests.AddonCatalogTests.PhpMyAdmin_IsInstalledOnlyWhenRealEntryPointExists" computerName="runnervmvmocb" duration="00:00:00.0212838" startTime="2026-09-11T14:31:52.4152324+00:00" endTime="2026-09-11T14:31:52.4363877+00:00" testType="13cdc9d9-ddb5-4fa4-a97d-d965ccfc6d4b" outcome="Passed" testListId="8c84fa94-04c1-424b-9868-57a2d4851a1d" relativeResultsDirectory="da1d435e-77e5-4747-b635-0788f3d2b531" />
    <UnitTestResult executionId="920105ed-af1d-4906-8299-3ae29cde22d2" testId="517217fb-3d73-bae3-4c69-cd2cdda46d21" testName="DevBox.Tests.PhpRuntimePoolManagerTests.BuildVersionIni_RejectsRuntimeDirectoryForDifferentVersion" computerName="runnervmvmocb" duration="00:00:00.0045346" startTime="2026-09-11T14:31:52.3290170+00:00" endTime="2026-09-11T14:31:52.3315782+00:00" testType="13cdc9d9-ddb5-4fa4-a97d-d965ccfc6d4b" outcome="Passed" testListId="8c84fa94-04c1-424b-9868-57a2d4851a1d" relativeResultsDirectory="920105ed-af1d-4906-8299-3ae29cde22d2" />
    <UnitTestResult executionId="d7f1e927-6dbb-4046-8d11-734e2395151c" testId="6f590e69-a57d-c445-873c-4a77baed2358" testName="DevBox.Tests.SiteManagerTests.SetPhpVersion_RejectsUnsafeVersion" computerName="runnervmvmocb" duration="00:00:00.0073499" startTime="2026-09-11T14:31:53.4096289+00:00" endTime="2026-09-11T14:31:53.4153437+00:00" testType="13cdc9d9-ddb5-4fa4-a97d-d965ccfc6d4b" outcome="Passed" testListId="8c84fa94-04c1-424b-9868-57a2d4851a1d" relativeResultsDirectory="d7f1e927-6dbb-4046-8d11-734e2395151c" />
    <UnitTestResult executionId="9e713eb8-55fd-4129-977a-72a4dba38298" testId="114fb65f-d7b0-64f9-04dc-aea846d199ec" testName="DevBox.Tests.PostMergeAuditRound2Tests.EnvironmentLock_SiteCollision_RollsBackManifestActionsAndSite" computerName="runnervmvmocb" duration="00:00:00.0686404" startTime="2026-09-11T14:31:52.4917523+00:00" endTime="2026-09-11T14:31:52.5606067+00:00" testType="13cdc9d9-ddb5-4fa4-a97d-d965ccfc6d4b" outcome="Passed" testListId="8c84fa94-04c1-424b-9868-57a2d4851a1d" relativeResultsDirectory="9e713eb8-55fd-4129-977a-72a4dba38298" />
    <UnitTestResult executionId="a4ac4531-2fa6-4b7e-a48a-3f3717fdaed8" testId="a83c2314-01eb-2ff3-daa0-6a9e9a6c1e36" testName="DevBox.Tests.ProcessManagerTests.StopAsync_BrokenGracefulStopCommand_FallsBackToManagedTermination" computerName="runnervmvmocb" duration="00:00:00.0937721" startTime="2026-09-11T14:31:53.1921566+00:00" endTime="2026-09-11T14:31:53.2864460+00:00" testType="13cdc9d9-ddb5-4fa4-a97d-d965ccfc6d4b" outcome="Passed" testListId="8c84fa94-04c1-424b-9868-57a2d4851a1d" relativeResultsDirectory="a4ac4531-2fa6-4b7e-a48a-3f3717fdaed8" />
    <UnitTestResult executionId="d260407d-d299-4577-b6cc-b8aec3d39844" testId="8da41082-77d2-f6ac-db24-112c29ba5e87" testName="DevBox.Tests.DatabaseManagerTests.ValidateDatabaseName_RejectsUnsafeNames(value: &quot;app-test&quot;)" computerName="runnervmvmocb" duration="00:00:00.0000451" startTime="2026-09-11T14:31:52.3411180+00:00" endTime="2026-09-11T14:31:52.3412143+00:00" testType="13cdc9d9-ddb5-4fa4-a97d-d965ccfc6d4b" outcome="Passed" testListId="8c84fa94-04c1-424b-9868-57a2d4851a1d" relativeResultsDirectory="d260407d-d299-4577-b6cc-b8aec3d39844" />
    <UnitTestResult executionId="02d222c7-c7dc-44dd-b259-7fec453c8f3c" testId="4792a317-115c-da09-da87-7e9483d72fe6" testName="DevBox.Tests.DatabaseManagerTests.ValidateDatabaseName_AcceptsSafeNames(value: &quot;app&quot;)" computerName="runnervmvmocb" duration="00:00:00.0000105" startTime="2026-09-11T14:31:52.3431713+00:00" endTime="2026-09-11T14:31:52.3432632+00:00" testType="13cdc9d9-ddb5-4fa4-a97d-d965ccfc6d4b" outcome="Passed" testListId="8c84fa94-04c1-424b-9868-57a2d4851a1d" relativeResultsDirectory="02d222c7-c7dc-44dd-b259-7fec453c8f3c" />
    <UnitTestResult executionId="b02b2dcf-7cee-48ed-a1be-3ed3ca7eb04a" testId="8a358e5c-0945-6122-2ce6-0fc45bc7a89e" testName="DevBox.Tests.DeveloperToolsServiceTests.ResolveCommand_ReturnsExistingAbsoluteCandidate" computerName="runnervmvmocb" duration="00:00:00.0021010" startTime="2026-09-11T14:31:53.4637078+00:00" endTime="2026-09-11T14:31:53.4643415+00:00" testType="13cdc9d9-ddb5-4fa4-a97d-d965ccfc6d4b" outcome="Passed" testListId="8c84fa94-04c1-424b-9868-57a2d4851a1d" relativeResultsDirectory="b02b2dcf-7cee-48ed-a1be-3ed3ca7eb04a" />
    <UnitTestResult executionId="eccba89e-ed2f-455c-ab00-e4d26e2490ec" testId="2b985e99-e544-b07b-848c-9ccd45a9e22a" testName="DevBox.Tests.PhpExtensionInspectorTests.EnsureConfigured_DoesNotTreatExtensionDirAsConfiguredExtension" computerName="runnervmvmocb" duration="00:00:00.0052302" startTime="2026-09-11T14:31:52.5201738+00:00" endTime="2026-09-11T14:31:52.5252342+00:00" testType="13cdc9d9-ddb5-4fa4-a97d-d965ccfc6d4b" outcome="Passed" testListId="8c84fa94-04c1-424b-9868-57a2d4851a1d" relativeResultsDirectory="eccba89e-ed2f-455c-ab00-e4d26e2490ec" />
    <UnitTestResult executionId="ffd182cd-dc5f-4e4b-9c56-01a4f68a4b40" testId="4e61e85e-45b9-46ed-5960-97b250468b1d" testName="DevBox.Tests.RuntimeManagerTests.InstallAsync_RejectsPackageWithWrongHash" computerName="runnervmvmocb" duration="00:00:00.1061745" startTime="2026-09-11T14:31:52.9622487+00:00" endTime="2026-09-11T14:31:53.0762109+00:00" testType="13cdc9d9-ddb5-4fa4-a97d-d965ccfc6d4b" outcome="Passed" testListId="8c84fa94-04c1-424b-9868-57a2d4851a1d" relativeResultsDirectory="ffd182cd-dc5f-4e4b-9c56-01a4f68a4b40" />
    <UnitTestResult executionId="f182e6cf-ea2f-4db5-a5fa-264bad874c4a" testId="b8407b91-18e7-39b4-208e-eae8bfb62968" testName="DevBox.Tests.ApplicationUpdateServiceTests.ParseReleaseVersion_UnsupportedTag_Throws(tag: &quot;v1.2&quot;)" computerName="runnervmvmocb" duration="00:00:00.0002383" startTime="2026-09-11T14:31:52.3534383+00:00" endTime="2026-09-11T14:31:52.3535483+00:00" testType="13cdc9d9-ddb5-4fa4-a97d-d965ccfc6d4b" outcome="Passed" testListId="8c84fa94-04c1-424b-9868-57a2d4851a1d" relativeResultsDirectory="f182e6cf-ea2f-4db5-a5fa-264bad874c4a" />
    <UnitTestResult executionId="87d68dcb-436b-4bf6-8c87-9f60a74ee316" testId="a40fae56-de59-a0a8-5ee7-95f15784c898" testName="DevBox.Tests.LocalCaEdgeCaseTests.RemoveAuthority_AllowsCorruptPemOnlyPartialState" computerName="runnervmvmocb" duration="00:00:00.0101218" startTime="2026-09-11T14:31:52.5474828+00:00" endTime="2026-09-11T14:31:52.5563728+00:00" testType="13cdc9d9-ddb5-4fa4-a97d-d965ccfc6d4b" outcome="Passed" testListId="8c84fa94-04c1-424b-9868-57a2d4851a1d" relativeResultsDirectory="87d68dcb-436b-4bf6-8c87-9f60a74ee316" />
    <UnitTestResult executionId="d3f0197d-9f83-46bb-8c1c-c6b3866964ce" testId="9dbf1b1f-0099-cafa-7d3d-7675b65bb790" testName="DevBox.Tests.ArchiveSafetyTests.ExtractZipSafely_RejectsSuspiciousCompressionRatioBeforeExtraction" computerName="runnervmvmocb" duration="00:00:00.0169085" startTime="2026-09-11T14:31:53.4406214+00:00" endTime="2026-09-11T14:31:53.4574214+00:00" testType="13cdc9d9-ddb5-4fa4-a97d-d965ccfc6d4b" outcome="Passed" testListId="8c84fa94-04c1-424b-9868-57a2d4851a1d" relativeResultsDirectory="d3f0197d-9f83-46bb-8c1c-c6b3866964ce" />
    <UnitTestResult executionId="31e9b109-a410-46c9-9b90-dc7e4bd5b684" testId="73dd54d0-0367-0532-7d22-9da39a5fea12" testName="DevBox.Tests.AppSettingsServiceTests.IsStartupCommandForExecutable_RejectsLookalikeCommands(command: &quot;\&quot;C:\\Apps\\DevBox.exe\&quot; --startup --unexpected&quot;)" computerName="runnervmvmocb" duration="00:00:00.0010464" startTime="2026-09-11T14:31:52.3547707+00:00" endTime="2026-09-11T14:31:52.3552768+00:00" testType="13cdc9d9-ddb5-4fa4-a97d-d965ccfc6d4b" outcome="Passed" testListId="8c84fa94-04c1-424b-9868-57a2d4851a1d" relativeResultsDirectory="31e9b109-a410-46c9-9b90-dc7e4bd5b684" />
    <UnitTestResult executionId="5a7c4881-2e01-4f36-9521-dd1f2e60d751" testId="a9089216-5045-7065-cf6c-4f1d5d0a0ce0" testName="DevBox.Tests.ApplicationSelfUpdateServiceTests.ParseChecksum_RejectsMissingInstaller" computerName="runnervmvmocb" duration="00:00:00.0008138" startTime="2026-09-11T14:31:52.9589904+00:00" endTime="2026-09-11T14:31:52.9597501+00:00" testType="13cdc9d9-ddb5-4fa4-a97d-d965ccfc6d4b" outcome="Passed" testListId="8c84fa94-04c1-424b-9868-57a2d4851a1d" relativeResultsDirectory="5a7c4881-2e01-4f36-9521-dd1f2e60d751" />
    <UnitTestResult executionId="60bd2336-f813-40b2-af95-8537dd43b10c" testId="4e7e5147-cb00-ad11-828b-fdfb16e73efa" testName="DevBox.Tests.RegressionTests.PhpMyAdminRepairValidator_RejectsIncompleteConfig" computerName="runnervmvmocb" duration="00:00:00.0004182" startTime="2026-09-11T14:31:51.1172916+00:00" endTime="2026-09-11T14:31:51.1175078+00:00" testType="13cdc9d9-ddb5-4fa4-a97d-d965ccfc6d4b" outcome="Passed" testListId="8c84fa94-04c1-424b-9868-57a2d4851a1d" relativeResultsDirectory="60bd2336-f813-40b2-af95-8537dd43b10c" />
    <UnitTestResult executionId="3cef8052-b024-4107-b042-5c3b0f78dbd5" testId="df31489d-4f17-be62-843f-6f15d28dbeb5" testName="DevBox.Tests.PhpRuntimePoolManagerTests.GetPort_RejectsUnsupportedVersion(version: &quot;8.5.10-rc1&quot;)" computerName="runnervmvmocb" duration="00:00:00.0000458" startTime="2026-09-11T14:31:52.3286653+00:00" endTime="2026-09-11T14:31:52.3287458+00:00" testType="13cdc9d9-ddb5-4fa4-a97d-d965ccfc6d4b" outcome="Passed" testListId="8c84fa94-04c1-424b-9868-57a2d4851a1d" relativeResultsDirectory="3cef8052-b024-4107-b042-5c3b0f78dbd5" />
    <UnitTestResult executionId="d457cc93-ee2f-4615-ab8c-6935e368cd7f" testId="c880c8e0-00b2-4e93-16a4-220546774966" testName="DevBox.Tests.EnvironmentPlatformRegressionTests.RuntimeImport_AcceptsFlatArchiveWithoutArchiveRoot" computerName="runnervmvmocb" duration="00:00:00.7170691" startTime="2026-09-11T14:31:53.4177815+00:00" endTime="2026-09-11T14:31:54.1353998+00:00" testType="13cdc9d9-ddb5-4fa4-a97d-d965ccfc6d4b" outcome="Passed" testListId="8c84fa94-04c1-424b-9868-57a2d4851a1d" relativeResultsDirectory="d457cc93-ee2f-4615-ab8c-6935e368cd7f" />
    <UnitTestResult executionId="63bd0425-bd9e-49c4-895f-7ebc7d0c1f35" testId="9d4a21fd-276f-e9e7-857d-c05e8a738567" testName="DevBox.Tests.PostMergeAuditRound2Tests.LocalCertificateManager_Ensure_ReplacesWrongDomainMaterial" computerName="runnervmvmocb" duration="00:00:00.8186101" startTime="2026-09-11T14:31:53.2562397+00:00" endTime="2026-09-11T14:31:54.0745910+00:00" testType="13cdc9d9-ddb5-4fa4-a97d-d965ccfc6d4b" outcome="Passed" testListId="8c84fa94-04c1-424b-9868-57a2d4851a1d" relativeResultsDirectory="63bd0425-bd9e-49c4-895f-7ebc7d0c1f35" />
    <UnitTestResult executionId="deab7949-42dd-4d81-92cb-04f192ca11fe" testId="fcf414d9-a713-d5bd-dce6-eef01bdb3d9d" testName="DevBox.Tests.SiteMetadataIntegrityTests.GetSites_DuplicateDomain_IsQuarantined" computerName="runnervmvmocb" duration="00:00:00.0072939" startTime="2026-09-11T14:31:52.9516233+00:00" endTime="2026-09-11T14:31:52.9585974+00:00" testType="13cdc9d9-ddb5-4fa4-a97d-d965ccfc6d4b" outcome="Passed" testListId="8c84fa94-04c1-424b-9868-57a2d4851a1d" relativeResultsDirectory="deab7949-42dd-4d81-92cb-04f192ca11fe" />
    <UnitTestResult executionId="2fd23c3d-d6c7-46a6-a349-d2866aa48a94" testId="0b9ca123-7f7a-8aa3-2738-09f4dfce1ade" testName="DevBox.Tests.PostMergeAuditRound2Tests.ProjectProvisioning_FailureAfterCreate_RollsBackSiteAndPreservesEmptyRoot" computerName="runnervmvmocb" duration="00:00:00.0418285" startTime="2026-09-11T14:31:53.2141755+00:00" endTime="2026-09-11T14:31:53.2558784+00:00" testType="13cdc9d9-ddb5-4fa4-a97d-d965ccfc6d4b" outcome="Passed" testListId="8c84fa94-04c1-424b-9868-57a2d4851a1d" relativeResultsDirectory="2fd23c3d-d6c7-46a6-a349-d2866aa48a94" />
    <UnitTestResult executionId="a38711fe-14e4-46f5-b186-07dd44b3928d" testId="b2dd6bfc-be9f-aee0-305d-1d1fb9d09c8b" testName="DevBox.Tests.AddonCatalogTests.Manifest_PhpExtensionNames_AreNormalized" computerName="runnervmvmocb" duration="00:00:00.0040208" startTime="2026-09-11T14:31:52.4076307+00:00" endTime="2026-09-11T14:31:52.4114989+00:00" testType="13cdc9d9-ddb5-4fa4-a97d-d965ccfc6d4b" outcome="Passed" testListId="8c84fa94-04c1-424b-9868-57a2d4851a1d" relativeResultsDirectory="a38711fe-14e4-46f5-b186-07dd44b3928d" />
    <UnitTestResult executionId="fb860852-d9c9-4da2-bbd3-19862267828e" testId="c52374e3-4254-c106-417f-9539e96e86dc" testName="DevBox.Tests.LogReaderTests.ReadTail_RejectsTraversal" computerName="runnervmvmocb" duration="00:00:00.0030587" startTime="2026-09-11T14:31:51.2078223+00:00" endTime="2026-09-11T14:31:51.2107334+00:00" testType="13cdc9d9-ddb5-4fa4-a97d-d965ccfc6d4b" outcome="Passed" testListId="8c84fa94-04c1-424b-9868-57a2d4851a1d" relativeResultsDirectory="fb860852-d9c9-4da2-bbd3-19862267828e" />
    <UnitTestResult executionId="bce79063-06c9-404f-9191-e43bd13384fa" testId="186817fc-e9cc-1f6b-68d4-f2a2b3a320f1" testName="DevBox.Tests.PhpRuntimePoolManagerTests.EnsureRunningAsync_InvalidPhpCgi_ReportsControlledError" computerName="runnervmvmocb" duration="00:00:00.1474620" startTime="2026-09-11T14:31:52.1781843+00:00" endTime="2026-09-11T14:31:52.3257129+00:00" testType="13cdc9d9-ddb5-4fa4-a97d-d965ccfc6d4b" outcome="Passed" testListId="8c84fa94-04c1-424b-9868-57a2d4851a1d" relativeResultsDirectory="bce79063-06c9-404f-9191-e43bd13384fa" />
    <UnitTestResult executionId="1bfd4279-b381-49a2-a8f0-b8383a23cdbf" testId="326ba115-59ab-65dc-9819-9581965ee11c" testName="DevBox.Tests.XdebugConfigurationServiceTests.Configure_DisablesAndCollapsesDuplicateXdebugDirectives" computerName="runnervmvmocb" duration="00:00:00.0235090" startTime="2026-09-11T14:31:52.1302591+00:00" endTime="2026-09-11T14:31:52.1539179+00:00" testType="13cdc9d9-ddb5-4fa4-a97d-d965ccfc6d4b" outcome="Passed" testListId="8c84fa94-04c1-424b-9868-57a2d4851a1d" relativeResultsDirectory="1bfd4279-b381-49a2-a8f0-b8383a23cdbf" />
    <UnitTestResult executionId="9b4abb24-47ea-4fb3-a873-ecea360b9f29" testId="1e31ee7f-1b95-b91f-191e-cc9c59327413" testName="DevBox.Tests.EnvironmentPlatformFollowupTests.LocalCa_ReplacesCorruptExistingLeafPem" computerName="runnervmvmocb" duration="00:00:01.2582834" startTime="2026-09-11T14:31:51.4840377+00:00" endTime="2026-09-11T14:31:52.7422447+00:00" testType="13cdc9d9-ddb5-4fa4-a97d-d965ccfc6d4b" outcome="Passed" testListId="8c84fa94-04c1-424b-9868-57a2d4851a1d" relativeResultsDirectory="9b4abb24-47ea-4fb3-a873-ecea360b9f29" />
    <UnitTestResult executionId="e62f82a9-678a-41c6-adf3-1cb3e2eb2f39" testId="629de822-084c-34da-e341-dab2dda9c195" testName="DevBox.Tests.PhpExtensionInspectorTests.CheckAsync_InvalidPhpExecutable_ReportsRuntimeUnavailableInsteadOfThrowing" computerName="runnervmvmocb" duration="00:00:00.0488148" startTime="2026-09-11T14:31:52.4709566+00:00" endTime="2026-09-11T14:31:52.5130236+00:00" testType="13cdc9d9-ddb5-4fa4-a97d-d965ccfc6d4b" outcome="Passed" testListId="8c84fa94-04c1-424b-9868-57a2d4851a1d" relativeResultsDirectory="e62f82a9-678a-41c6-adf3-1cb3e2eb2f39" />
    <UnitTestResult executionId="10455496-ee1f-4db2-9aef-36b04ffa63c6" testId="e2a6c2ff-52f4-2517-a1d6-90d14e51a850" testName="DevBox.Tests.EnvironmentPlatformRegressionTests.RemoteEnvironment_OmitsActionsAndSensitiveArgumentValues" computerName="runnervmvmocb" duration="00:00:00.0386405" startTime="2026-09-11T14:31:53.2783827+00:00" endTime="2026-09-11T14:31:53.3173655+00:00" testType="13cdc9d9-ddb5-4fa4-a97d-d965ccfc6d4b" outcome="Passed" testListId="8c84fa94-04c1-424b-9868-57a2d4851a1d" relativeResultsDirectory="10455496-ee1f-4db2-9aef-36b04ffa63c6" />
    <UnitTestResult executionId="967d3c56-8e03-4405-8b67-31d3a3edb496" testId="8d1542c4-5103-4c33-83f0-35086344596e" testName="DevBox.Tests.LocalCertificateManagerTests.Ensure_RejectsNonTestDomain" computerName="runnervmvmocb" duration="00:00:00.0017680" startTime="2026-09-11T14:31:52.5568155+00:00" endTime="2026-09-11T14:31:52.5584687+00:00" testType="13cdc9d9-ddb5-4fa4-a97d-d965ccfc6d4b" outcome="Passed" testListId="8c84fa94-04c1-424b-9868-57a2d4851a1d" relativeResultsDirectory="967d3c56-8e03-4405-8b67-31d3a3edb496" />
    <UnitTestResult executionId="3e7a739b-b3f5-41b6-ac13-f99aac38341d" testId="9e218de8-42f9-a1e3-e4eb-ca768bbc229f" testName="DevBox.Tests.ProcessManagerTests.StartAsync_InvalidExecutable_ReportsControlledError" computerName="runnervmvmocb" duration="00:00:00.0430209" startTime="2026-09-11T14:31:53.2867130+00:00" endTime="2026-09-11T14:31:53.3296525+00:00" testType="13cdc9d9-ddb5-4fa4-a97d-d965ccfc6d4b" outcome="Passed" testListId="8c84fa94-04c1-424b-9868-57a2d4851a1d" relativeResultsDirectory="3e7a739b-b3f5-41b6-ac13-f99aac38341d" />
    <UnitTestResult executionId="32b7472b-5363-4483-bf9d-4c9a9a45f99c" testId="04ce479f-e18e-57e4-6437-5b4d80ef73c8" testName="DevBox.Tests.EnvironmentPlatformFollowupTests.ExportProjectLock_ReportsWhenActionsWereOmitted" computerName="runnervmvmocb" duration="00:00:00.0343698" startTime="2026-09-11T14:31:51.4495491+00:00" endTime="2026-09-11T14:31:51.4837637+00:00" testType="13cdc9d9-ddb5-4fa4-a97d-d965ccfc6d4b" outcome="Passed" testListId="8c84fa94-04c1-424b-9868-57a2d4851a1d" relativeResultsDirectory="32b7472b-5363-4483-bf9d-4c9a9a45f99c" />
    <UnitTestResult executionId="7c005dc5-51a3-45db-8859-72152c7ce434" testId="02d4f925-101c-2415-c0ca-856cf0bceca7" testName="DevBox.Tests.PostMergeAuditRound3Tests.ConfigurationRestore_RejectsBackupFromAnotherConfigurationKind" computerName="runnervmvmocb" duration="00:00:00.0068415" startTime="2026-09-11T14:31:51.0899020+00:00" endTime="2026-09-11T14:31:51.0900344+00:00" testType="13cdc9d9-ddb5-4fa4-a97d-d965ccfc6d4b" outcome="Passed" testListId="8c84fa94-04c1-424b-9868-57a2d4851a1d" relativeResultsDirectory="7c005dc5-51a3-45db-8859-72152c7ce434" />
    <UnitTestResult executionId="774a9043-5819-45a9-bc2b-626c7b70fbe1" testId="97ee4f7d-5caa-3dc2-c850-9dda56e8b90c" testName="DevBox.Tests.DatabaseManagerTests.ValidateDatabaseName_AcceptsSafeNames(value: &quot;app_test_2026&quot;)" computerName="runnervmvmocb" duration="00:00:00.0000611" startTime="2026-09-11T14:31:52.3414610+00:00" endTime="2026-09-11T14:31:52.3415709+00:00" testType="13cdc9d9-ddb5-4fa4-a97d-d965ccfc6d4b" outcome="Passed" testListId="8c84fa94-04c1-424b-9868-57a2d4851a1d" relativeResultsDirectory="774a9043-5819-45a9-bc2b-626c7b70fbe1" />
    <UnitTestResult executionId="543ec1b9-9660-45e9-b9e2-d6129f330c0e" testId="ca8829f2-f3ef-41ec-9cd4-9e644442cf9f" testName="DevBox.Tests.AddonCatalogTests.Manifest_PhpExtensionDirectiveInjection_IsRejected" computerName="runnervmvmocb" duration="00:00:00.0030665" startTime="2026-09-11T14:31:52.4366817+00:00" endTime="2026-09-11T14:31:52.4394858+00:00" testType="13cdc9d9-ddb5-4fa4-a97d-d965ccfc6d4b" outcome="Passed" testListId="8c84fa94-04c1-424b-9868-57a2d4851a1d" relativeResultsDirectory="543ec1b9-9660-45e9-b9e2-d6129f330c0e" />
    <UnitTestResult executionId="9c9b448c-7d21-43b5-9c0c-b91551e455c6" testId="2e32e68c-08d8-87b5-da58-a4997a026cfd" testName="DevBox.Tests.EnvironmentPlatformFollowupTests.SiteRegistration_RemovesVhostWhenMetadataPersistenceFails" computerName="runnervmvmocb" duration="00:00:00.0124473" startTime="2026-09-11T14:31:52.8523233+00:00" endTime="2026-09-11T14:31:52.8645170+00:00" testType="13cdc9d9-ddb5-4fa4-a97d-d965ccfc6d4b" outcome="Passed" testListId="8c84fa94-04c1-424b-9868-57a2d4851a1d" relativeResultsDirectory="9c9b448c-7d21-43b5-9c0c-b91551e455c6" />
    <UnitTestResult executionId="f7cab6c8-5823-4672-ab31-e6286ed7a0b5" testId="1b622819-1d8b-5c84-fe2b-2dd2e7c74f9b" testName="DevBox.Tests.EnvironmentPlatformRegressionTests.ProjectActions_PreserveManifestDeclarationOrder" computerName="runnervmvmocb" duration="00:00:00.0210849" startTime="2026-09-11T14:31:53.3440511+00:00" endTime="2026-09-11T14:31:53.3649592+00:00" testType="13cdc9d9-ddb5-4fa4-a97d-d965ccfc6d4b" outcome="Passed" testListId="8c84fa94-04c1-424b-9868-57a2d4851a1d" relativeResultsDirectory="f7cab6c8-5823-4672-ab31-e6286ed7a0b5" />
    <UnitTestResult executionId="226a4eef-71f0-4a76-b3d0-eb96b905a64d" testId="d91f5c36-5fe8-0360-2844-906210fe9454" testName="DevBox.Tests.DatabaseManagerTests.ValidateDatabaseName_RejectsUnsafeNames(value: &quot;app;DROP DATABASE mysql&quot;)" computerName="runnervmvmocb" duration="00:00:00.0002710" startTime="2026-09-11T14:31:52.3402494+00:00" endTime="2026-09-11T14:31:52.3403437+00:00" testType="13cdc9d9-ddb5-4fa4-a97d-d965ccfc6d4b" outcome="Passed" testListId="8c84fa94-04c1-424b-9868-57a2d4851a1d" relativeResultsDirectory="226a4eef-71f0-4a76-b3d0-eb96b905a64d" />
    <UnitTestResult executionId="7153b4ee-7c5f-4e5c-bbf7-43cbd800b00c" testId="d436b409-77cc-e233-77ea-c56d1b7add97" testName="DevBox.Tests.ApplicationSelfUpdateServiceTests.VerifySha256_AcceptsMatchingFileAndRejectsMismatch" computerName="runnervmvmocb" duration="00:00:00.0018721" startTime="2026-09-11T14:31:52.9603801+00:00" endTime="2026-09-11T14:31:52.9618721+00:00" testType="13cdc9d9-ddb5-4fa4-a97d-d965ccfc6d4b" outcome="Passed" testListId="8c84fa94-04c1-424b-9868-57a2d4851a1d" relativeResultsDirectory="7153b4ee-7c5f-4e5c-bbf7-43cbd800b00c" />
    <UnitTestResult executionId="fc62a0a2-0b4d-45d5-abe2-e68c64c7c4c0" testId="afdfd505-1183-1ee8-4243-91bef5031253" testName="DevBox.Tests.ProjectDatabaseProvisionerTests.EscapePgPass_EscapesReservedCharacters(value: &quot;a:b&quot;, expected: &quot;a\\:b&quot;)" computerName="runnervmvmocb" duration="00:00:00.0000071" startTime="2026-09-11T14:31:51.8787800+00:00" endTime="2026-09-11T14:31:51.8788820+00:00" testType="13cdc9d9-ddb5-4fa4-a97d-d965ccfc6d4b" outcome="Passed" testListId="8c84fa94-04c1-424b-9868-57a2d4851a1d" relativeResultsDirectory="fc62a0a2-0b4d-45d5-abe2-e68c64c7c4c0" />
    <UnitTestResult executionId="0740c667-b833-4624-b07c-86e60c9575e2" testId="c5e87dc4-8ae2-f6e4-2944-c523b0ae8d96" testName="DevBox.Tests.PhpManagerTests.SetExtensionEnabled_RecognizesInlineCommentAndCanonicalizesEntry" computerName="runnervmvmocb" duration="00:00:00.0138634" startTime="2026-09-11T14:31:52.4656595+00:00" endTime="2026-09-11T14:31:52.4711256+00:00" testType="13cdc9d9-ddb5-4fa4-a97d-d965ccfc6d4b" outcome="Passed" testListId="8c84fa94-04c1-424b-9868-57a2d4851a1d" relativeResultsDirectory="0740c667-b833-4624-b07c-86e60c9575e2" />
    <UnitTestResult executionId="1019025a-fbcf-492d-bfc2-d73e19ec2765" testId="133279b3-d8d7-2e44-0973-337b9044863b" testName="DevBox.Tests.PhpExtensionInspectorTests.EnsureConfigured_AddsMissingExtensionsWithoutDuplicatingConfiguredOnes" computerName="runnervmvmocb" duration="00:00:00.0056374" startTime="2026-09-11T14:31:52.5133138+00:00" endTime="2026-09-11T14:31:52.5187645+00:00" testType="13cdc9d9-ddb5-4fa4-a97d-d965ccfc6d4b" outcome="Passed" testListId="8c84fa94-04c1-424b-9868-57a2d4851a1d" relativeResultsDirectory="1019025a-fbcf-492d-bfc2-d73e19ec2765" />
    <UnitTestResult executionId="0015c17f-2967-45d5-9334-2d9f1088b34e" testId="e888f9d6-422e-c443-03e6-93bb962ce9d4" testName="DevBox.Tests.EnvironmentPlatformRegressionTests.MarketplaceSync_RemovesWithdrawnRemoteEntries" computerName="runnervmvmocb" duration="00:00:00.2548654" startTime="2026-09-11T14:31:52.8805686+00:00" endTime="2026-09-11T14:31:53.1356192+00:00" testType="13cdc9d9-ddb5-4fa4-a97d-d965ccfc6d4b" outcome="Passed" testListId="8c84fa94-04c1-424b-9868-57a2d4851a1d" relativeResultsDirectory="0015c17f-2967-45d5-9334-2d9f1088b34e" />
    <UnitTestResult executionId="c2be68d6-28b3-461d-9aba-861e717d2ed1" testId="eef9922f-1456-f2e9-aa12-4fc635a5b0c7" testName="DevBox.Tests.EnvironmentPlatformFollowupTests.LocalCa_RemoveAuthorityCleansTrustWhenOnlyPemRemains" computerName="runnervmvmocb" duration="00:00:01.0223178" startTime="2026-09-11T14:31:53.0455258+00:00" endTime="2026-09-11T14:31:54.0664338+00:00" testType="13cdc9d9-ddb5-4fa4-a97d-d965ccfc6d4b" outcome="Passed" testListId="8c84fa94-04c1-424b-9868-57a2d4851a1d" relativeResultsDirectory="c2be68d6-28b3-461d-9aba-861e717d2ed1" />
    <UnitTestResult executionId="145d1046-eed2-42cd-b6a9-6ef1cf3c31db" testId="e8e12d1b-ba23-6fcc-3e69-f753c8676bf7" testName="DevBox.Tests.XdebugConfigurationServiceTests.Configure_RejectsInvalidPort(port: 0)" computerName="runnervmvmocb" duration="00:00:00.0424019" startTime="2026-09-11T14:31:52.0267877+00:00" endTime="2026-09-11T14:31:52.0693575+00:00" testType="13cdc9d9-ddb5-4fa4-a97d-d965ccfc6d4b" outcome="Passed" testListId="8c84fa94-04c1-424b-9868-57a2d4851a1d" relativeResultsDirectory="145d1046-eed2-42cd-b6a9-6ef1cf3c31db" />
    <UnitTestResult executionId="4074d619-393f-4abc-95f7-e857653065b9" testId="5ca476d0-a229-e549-c9f5-b80977197149" testName="DevBox.Tests.PostMergeRegressionTests.SelfUpdater_UsesArchitectureSpecificInstallerAsset" computerName="runnervmvmocb" duration="00:00:00.0004811" startTime="2026-09-11T14:31:54.1446851+00:00" endTime="2026-09-11T14:31:54.1449222+00:00" testType="13cdc9d9-ddb5-4fa4-a97d-d965ccfc6d4b" outcome="Passed" testListId="8c84fa94-04c1-424b-9868-57a2d4851a1d" relativeResultsDirectory="4074d619-393f-4abc-95f7-e857653065b9" />
    <UnitTestResult executionId="eaa1d64c-86b7-4149-9128-fd56dd0df5b3" testId="4a6f0ca5-2736-a8fa-243e-b135db1ab610" testName="DevBox.Tests.PhpRuntimePoolManagerTests.GetPort_IsStableAndInDedicatedRange" computerName="runnervmvmocb" duration="00:00:00.0009539" startTime="2026-09-11T14:31:52.3517231+00:00" endTime="2026-09-11T14:31:52.3540417+00:00" testType="13cdc9d9-ddb5-4fa4-a97d-d965ccfc6d4b" outcome="Passed" testListId="8c84fa94-04c1-424b-9868-57a2d4851a1d" relativeResultsDirectory="eaa1d64c-86b7-4149-9128-fd56dd0df5b3" />
    <UnitTestResult executionId="3f0f2335-dd6a-48ba-a44b-d5c4c1eeef1e" testId="94e580fa-da6a-55dd-4b48-1891491c5cb4" testName="DevBox.Tests.NodeRuntimeCatalogTests.RecommendedNodeRuntimeIsPinnedAndVersioned" computerName="runnervmvmocb" duration="00:00:00.0003455" startTime="2026-09-11T14:31:51.4488076+00:00" endTime="2026-09-11T14:31:51.4491491+00:00" testType="13cdc9d9-ddb5-4fa4-a97d-d965ccfc6d4b" outcome="Passed" testListId="8c84fa94-04c1-424b-9868-57a2d4851a1d" relativeResultsDirectory="3f0f2335-dd6a-48ba-a44b-d5c4c1eeef1e" />
    <UnitTestResult executionId="334d5449-f3a5-414a-aa7e-f3ad5ed1d486" testId="3c058e36-f46a-7d24-bdbf-fb6fea8c53d6" testName="DevBox.Tests.HostsFileManagerTests.EnsureMapping_AddsMappingWithoutDuplicatingIt" computerName="runnervmvmocb" duration="00:00:00.0080815" startTime="2026-09-11T14:31:54.1446172+00:00" endTime="2026-09-11T14:31:54.1521416+00:00" testType="13cdc9d9-ddb5-4fa4-a97d-d965ccfc6d4b" outcome="Passed" testListId="8c84fa94-04c1-424b-9868-57a2d4851a1d" relativeResultsDirectory="334d5449-f3a5-414a-aa7e-f3ad5ed1d486" />
    <UnitTestResult executionId="cd91f3b6-204d-43bf-b68c-0047e61a5cb9" testId="ca115f48-fd25-6886-2faf-5fe32abedecf" testName="DevBox.Tests.SiteManagerTests.Delete_RemovesMetadataAndVhostButKeepsFilesByDefault" computerName="runnervmvmocb" duration="00:00:00.0158162" startTime="2026-09-11T14:31:53.3548028+00:00" endTime="2026-09-11T14:31:53.3704977+00:00" testType="13cdc9d9-ddb5-4fa4-a97d-d965ccfc6d4b" outcome="Passed" testListId="8c84fa94-04c1-424b-9868-57a2d4851a1d" relativeResultsDirectory="cd91f3b6-204d-43bf-b68c-0047e61a5cb9" />
    <UnitTestResult executionId="6b0962a8-a988-4a61-b407-f8208f1c78c6" testId="82a7130c-2795-50ea-b827-8b07a210a3bd" testName="DevBox.Tests.DatabaseManagerTests.ShutdownUsingLastSuccessfulCredentialsAsync_WithoutSuccessfulConnection_ReturnsFalse" computerName="runnervmvmocb" duration="00:00:00.0023092" startTime="2026-09-11T14:31:52.3394517+00:00" endTime="2026-09-11T14:31:52.3399118+00:00" testType="13cdc9d9-ddb5-4fa4-a97d-d965ccfc6d4b" outcome="Passed" testListId="8c84fa94-04c1-424b-9868-57a2d4851a1d" relativeResultsDirectory="6b0962a8-a988-4a61-b407-f8208f1c78c6" />
    <UnitTestResult executionId="7c4218ff-c570-4efc-8f74-3d3838ae7d40" testId="06dba620-e459-985a-cedb-af96d7751986" testName="DevBox.Tests.ProcessManagerTests.StartAsync_RunningService_DoesNotCreateSecondInstance" computerName="runnervmvmocb" duration="00:00:00.0241685" startTime="2026-09-11T14:31:53.1622033+00:00" endTime="2026-09-11T14:31:53.1867885+00:00" testType="13cdc9d9-ddb5-4fa4-a97d-d965ccfc6d4b" outcome="Passed" testListId="8c84fa94-04c1-424b-9868-57a2d4851a1d" relativeResultsDirectory="7c4218ff-c570-4efc-8f74-3d3838ae7d40" />
    <UnitTestResult executionId="5701c556-74d3-43a2-989e-2fc87dffba25" testId="1e9c6a20-7200-ffe4-1bd3-2e5e59114afb" testName="DevBox.Tests.ProjectDatabaseProvisionerTests.EscapePgPass_EscapesReservedCharacters(value: &quot;plain&quot;, expected: &quot;plain&quot;)" computerName="runnervmvmocb" duration="00:00:00.0002224" startTime="2026-09-11T14:31:51.8785057+00:00" endTime="2026-09-11T14:31:51.8785945+00:00" testType="13cdc9d9-ddb5-4fa4-a97d-d965ccfc6d4b" outcome="Passed" testListId="8c84fa94-04c1-424b-9868-57a2d4851a1d" relativeResultsDirectory="5701c556-74d3-43a2-989e-2fc87dffba25" />
    <UnitTestResult executionId="172d02f5-0ff4-44ed-a635-a583f28f674e" testId="2b66ac65-eb40-cbe7-ea4b-d72b0aba53b6" testName="DevBox.Tests.PhpRuntimePoolManagerTests.BuildVersionIni_RewritesExtensionDirectoryToRequestedRuntime" computerName="runnervmvmocb" duration="00:00:00.0188698" startTime="2026-09-11T14:31:52.3321590+00:00" endTime="2026-09-11T14:31:52.3513985+00:00" testType="13cdc9d9-ddb5-4fa4-a97d-d965ccfc6d4b" outcome="Passed" testListId="8c84fa94-04c1-424b-9868-57a2d4851a1d" relativeResultsDirectory="172d02f5-0ff4-44ed-a635-a583f28f674e" />
    <UnitTestResult executionId="3c7ba9ae-89bf-4a04-b05f-6f12fe35a6f1" testId="df3d330c-165c-98c1-24b8-df956e872d52" testName="DevBox.Tests.PostMergeRegressionTests.SecureSecretStore_ConcurrentInstances_PreserveAllKeys" computerName="runnervmvmocb" duration="00:00:00.2103645" startTime="2026-09-11T14:31:54.1453197+00:00" endTime="2026-09-11T14:31:54.3549979+00:00" testType="13cdc9d9-ddb5-4fa4-a97d-d965ccfc6d4b" outcome="Passed" testListId="8c84fa94-04c1-424b-9868-57a2d4851a1d" relativeResultsDirectory="3c7ba9ae-89bf-4a04-b05f-6f12fe35a6f1" />
    <UnitTestResult executionId="652e47fe-1062-4b7d-a1f0-741ac1295c58" testId="9d889ca3-0e5e-ec06-c81d-ef10b040c4a4" testName="DevBox.Tests.EnvironmentPlatformFollowupTests.SiteUpdate_RestoresVhostsWhenMetadataPersistenceFails" computerName="runnervmvmocb" duration="00:00:00.0174150" startTime="2026-09-11T14:31:54.0667886+00:00" endTime="2026-09-11T14:31:54.0839355+00:00" testType="13cdc9d9-ddb5-4fa4-a97d-d965ccfc6d4b" outcome="Passed" testListId="8c84fa94-04c1-424b-9868-57a2d4851a1d" relativeResultsDirectory="652e47fe-1062-4b7d-a1f0-741ac1295c58" />
    <UnitTestResult executionId="288881f7-007c-4f2d-ae3d-05a9d4db59e0" testId="719bb473-f3f8-e90e-c51f-20e1a2bcac1d" testName="DevBox.Tests.ApplicationUpdateServiceTests.ParseReleaseVersion_StableTag_ReturnsVersion(tag: &quot;2.0.1&quot;, major: 2, minor: 0, patch: 1)" computerName="runnervmvmocb" duration="00:00:00.0003624" startTime="2026-09-11T14:31:52.3451116+00:00" endTime="2026-09-11T14:31:52.3452192+00:00" testType="13cdc9d9-ddb5-4fa4-a97d-d965ccfc6d4b" outcome="Passed" testListId="8c84fa94-04c1-424b-9868-57a2d4851a1d" relativeResultsDirectory="288881f7-007c-4f2d-ae3d-05a9d4db59e0" />
    <UnitTestResult executionId="c7f68c62-b233-454e-baad-580a097db8e4" testId="755ee5d6-0148-45dc-ac68-2900e34bea1f" testName="DevBox.Tests.PhpManagerTests.SetExtensionEnabled_RejectsUnsafeName" computerName="runnervmvmocb" duration="00:00:00.0032965" startTime="2026-09-11T14:31:52.4877361+00:00" endTime="2026-09-11T14:31:52.4908256+00:00" testType="13cdc9d9-ddb5-4fa4-a97d-d965ccfc6d4b" outcome="Passed" testListId="8c84fa94-04c1-424b-9868-57a2d4851a1d" relativeResultsDirectory="c7f68c62-b233-454e-baad-580a097db8e4" />
    <UnitTestResult executionId="e25a5ed1-5921-462f-a653-8c2e60e72fd4" testId="5d3c3cca-a6ad-8fbd-3d14-c01b1242b3a0" testName="DevBox.Tests.PhpExtensionInspectorTests.EnsureConfigured_RecognizesInlineCommentWithoutAddingDuplicate" computerName="runnervmvmocb" duration="00:00:00.0038165" startTime="2026-09-11T14:31:52.4705204+00:00" endTime="2026-09-11T14:31:52.4706405+00:00" testType="13cdc9d9-ddb5-4fa4-a97d-d965ccfc6d4b" outcome="Passed" testListId="8c84fa94-04c1-424b-9868-57a2d4851a1d" relativeResultsDirectory="e25a5ed1-5921-462f-a653-8c2e60e72fd4" />
    <UnitTestResult executionId="e251a8a4-ec09-4228-8464-d2016a70248b" testId="74fe55b5-a754-7ad1-ac1f-28ca9253c70c" testName="DevBox.Tests.ProjectWorkspaceServiceTests.Create_LaravelProjectUsesPublicDocumentRootAndWritesManifest" computerName="runnervmvmocb" duration="00:00:00.0397276" startTime="2026-09-11T14:31:51.2102500+00:00" endTime="2026-09-11T14:31:51.2499801+00:00" testType="13cdc9d9-ddb5-4fa4-a97d-d965ccfc6d4b" outcome="Passed" testListId="8c84fa94-04c1-424b-9868-57a2d4851a1d" relativeResultsDirectory="e251a8a4-ec09-4228-8464-d2016a70248b" />
    <UnitTestResult executionId="677df7bc-a505-4fc4-81df-11a78259deaa" testId="3e0c7f0c-e21a-af38-6936-bcb0b7c58000" testName="DevBox.Tests.PostMergeAuditRound3Tests.RuntimeArchitecture_AllowsX64FallbackOnWindowsArm64" computerName="runnervmvmocb" duration="00:00:00.0003010" startTime="2026-09-11T14:31:51.1496160+00:00" endTime="2026-09-11T14:31:51.1497120+00:00" testType="13cdc9d9-ddb5-4fa4-a97d-d965ccfc6d4b" outcome="Passed" testListId="8c84fa94-04c1-424b-9868-57a2d4851a1d" relativeResultsDirectory="677df7bc-a505-4fc4-81df-11a78259deaa" />
    <UnitTestResult executionId="685b5f74-6063-461c-92d5-0b0c2579cbc2" testId="e6c309b5-3a4d-997f-780f-692b6799f096" testName="DevBox.Tests.AddonCatalogTests.Manifest_MissingSha256_IsRejectedAsInvalidData" computerName="runnervmvmocb" duration="00:00:00.0028258" startTime="2026-09-11T14:31:52.4396980+00:00" endTime="2026-09-11T14:31:52.4424344+00:00" testType="13cdc9d9-ddb5-4fa4-a97d-d965ccfc6d4b" outcome="Passed" testListId="8c84fa94-04c1-424b-9868-57a2d4851a1d" relativeResultsDirectory="685b5f74-6063-461c-92d5-0b0c2579cbc2" />
    <UnitTestResult executionId="61bcfb39-324c-4db0-a6ef-5e42fd762c33" testId="7c4f9e8f-e89d-ef4a-9808-32283e44ac10" testName="DevBox.Tests.DatabaseManagerTests.ValidateDatabaseName_RejectsUnsafeNames(value: &quot;&quot;)" computerName="runnervmvmocb" duration="00:00:00.0000592" startTime="2026-09-11T14:31:52.3408308+00:00" endTime="2026-09-11T14:31:52.3409327+00:00" testType="13cdc9d9-ddb5-4fa4-a97d-d965ccfc6d4b" outcome="Passed" testListId="8c84fa94-04c1-424b-9868-57a2d4851a1d" relativeResultsDirectory="61bcfb39-324c-4db0-a6ef-5e42fd762c33" />
    <UnitTestResult executionId="1fc608ad-84fd-468e-9607-afe175eb1fc2" testId="d389cce5-7246-1e9c-661a-90bf8376a3cc" testName="DevBox.Tests.EnvironmentPlatformRegressionTests.ApplyLock_ClearsUnlockedProjectStateAndSynchronizesSite" computerName="runnervmvmocb" duration="00:00:00.0524894" startTime="2026-09-11T14:31:53.3653258+00:00" endTime="2026-09-11T14:31:53.4175626+00:00" testType="13cdc9d9-ddb5-4fa4-a97d-d965ccfc6d4b" outcome="Passed" testListId="8c84fa94-04c1-424b-9868-57a2d4851a1d" relativeResultsDirectory="1fc608ad-84fd-468e-9607-afe175eb1fc2" />
    <UnitTestResult executionId="20b2e188-269e-4c31-ad6c-e2f483ad0b00" testId="81dd398f-8554-7abe-167a-892e7b226342" testName="DevBox.Tests.ProcessManagerTests.StartAsync_MissingExecutable_ThrowsFileNotFoundException" computerName="runnervmvmocb" duration="00:00:00.0022029" startTime="2026-09-11T14:31:53.1871626+00:00" endTime="2026-09-11T14:31:53.1890939+00:00" testType="13cdc9d9-ddb5-4fa4-a97d-d965ccfc6d4b" outcome="Passed" testListId="8c84fa94-04c1-424b-9868-57a2d4851a1d" relativeResultsDirectory="20b2e188-269e-4c31-ad6c-e2f483ad0b00" />
    <UnitTestResult executionId="f36eb909-7686-4bc4-8ae5-9d7a7bc0741b" testId="5da855be-0ae3-7202-54f9-893f8d4b9a93" testName="DevBox.Tests.DatabaseManagerTests.ValidateDatabaseName_AcceptsSafeNames(value: &quot;A1&quot;)" computerName="runnervmvmocb" duration="00:00:00.0001366" startTime="2026-09-11T14:31:52.3417572+00:00" endTime="2026-09-11T14:31:52.3418287+00:00" testType="13cdc9d9-ddb5-4fa4-a97d-d965ccfc6d4b" outcome="Passed" testListId="8c84fa94-04c1-424b-9868-57a2d4851a1d" relativeResultsDirectory="f36eb909-7686-4bc4-8ae5-9d7a7bc0741b" />
    <UnitTestResult executionId="3af4b90d-268d-405b-a034-a2e39df0f954" testId="deb64315-532c-be1e-d8a1-23aeff9d1d1e" testName="DevBox.Tests.XdebugBinaryInstallerTests.InstallFromFile_RejectsWrongChecksumWithoutReplacingExistingBinary" computerName="runnervmvmocb" duration="00:00:00.0223819" startTime="2026-09-11T14:31:52.3797888+00:00" endTime="2026-09-11T14:31:52.4020959+00:00" testType="13cdc9d9-ddb5-4fa4-a97d-d965ccfc6d4b" outcome="Passed" testListId="8c84fa94-04c1-424b-9868-57a2d4851a1d" relativeResultsDirectory="3af4b90d-268d-405b-a034-a2e39df0f954" />
    <UnitTestResult executionId="9dc06edb-a2a1-47f5-88e8-0a4ba8a55f7d" testId="d59005ed-630a-c542-781a-0b9c7fed5afa" testName="DevBox.Tests.SiteManagerTests.Create_RejectsDocumentRootOutsideDevBox" computerName="runnervmvmocb" duration="00:00:00.0142132" startTime="2026-09-11T14:31:53.4231939+00:00" endTime="2026-09-11T14:31:53.4373351+00:00" testType="13cdc9d9-ddb5-4fa4-a97d-d965ccfc6d4b" outcome="Passed" testListId="8c84fa94-04c1-424b-9868-57a2d4851a1d" relativeResultsDirectory="9dc06edb-a2a1-47f5-88e8-0a4ba8a55f7d" />
    <UnitTestResult executionId="ca6d39c4-c35c-4791-bd65-6d37e69fdf6c" testId="a7ad8c5f-cfee-56e1-32ec-04c09ddba7ce" testName="DevBox.Tests.ApplicationUpdateServiceTests.CheckAsync_NewerRelease_ReturnsUpdateAvailable" computerName="runnervmvmocb" duration="00:00:00.0012746" startTime="2026-09-11T14:31:52.3551628+00:00" endTime="2026-09-11T14:31:52.3559728+00:00" testType="13cdc9d9-ddb5-4fa4-a97d-d965ccfc6d4b" outcome="Passed" testListId="8c84fa94-04c1-424b-9868-57a2d4851a1d" relativeResultsDirectory="ca6d39c4-c35c-4791-bd65-6d37e69fdf6c" />
    <UnitTestResult executionId="e0496be1-e6c1-4726-aaaf-3471432c35d4" testId="7e5a3c88-0a72-8436-9dc4-f9678f65fa89" testName="DevBox.Tests.AppSettingsServiceTests.IsStartupCommandForExecutable_RejectsLookalikeCommands(command: &quot;cmd.exe /c \&quot;C:\\Apps\\DevBox.exe\&quot; --startup&quot;)" computerName="runnervmvmocb" duration="00:00:00.0000124" startTime="2026-09-11T14:31:52.3558985+00:00" endTime="2026-09-11T14:31:52.3561988+00:00" testType="13cdc9d9-ddb5-4fa4-a97d-d965ccfc6d4b" outcome="Passed" testListId="8c84fa94-04c1-424b-9868-57a2d4851a1d" relativeResultsDirectory="e0496be1-e6c1-4726-aaaf-3471432c35d4" />
    <UnitTestResult executionId="1d0ea05c-1951-40a2-87f4-fd78f12cfd91" testId="ec805671-4434-6af4-e651-cf7e0de4794f" testName="DevBox.Tests.AppSettingsServiceTests.IsStartupCommandForExecutable_AcceptsExactGeneratedCommand" computerName="runnervmvmocb" duration="00:00:00.0005553" startTime="2026-09-11T14:31:52.3565280+00:00" endTime="2026-09-11T14:31:52.3581562+00:00" testType="13cdc9d9-ddb5-4fa4-a97d-d965ccfc6d4b" outcome="Passed" testListId="8c84fa94-04c1-424b-9868-57a2d4851a1d" relativeResultsDirectory="1d0ea05c-1951-40a2-87f4-fd78f12cfd91" />
    <UnitTestResult executionId="669a3dd5-a4cb-4b30-bf6b-5076073f05c6" testId="d275bbbf-d828-e7e0-199c-d8f920df05c2" testName="DevBox.Tests.PhpManagerTests.GetExtensions_IgnoresExtensionDirDirective" computerName="runnervmvmocb" duration="00:00:00.0062327" startTime="2026-09-11T14:31:52.4771692+00:00" endTime="2026-09-11T14:31:52.4818460+00:00" testType="13cdc9d9-ddb5-4fa4-a97d-d965ccfc6d4b" outcome="Passed" testListId="8c84fa94-04c1-424b-9868-57a2d4851a1d" relativeResultsDirectory="669a3dd5-a4cb-4b30-bf6b-5076073f05c6" />
    <UnitTestResult executionId="f7e220ab-6f9a-4e99-9cdd-a2c9f181b814" testId="aff299fa-fd83-b965-54db-542ab9c64198" testName="DevBox.Tests.SiteManagerTests.SetPhpVersion_UpdatesMetadataAndRoutesToDedicatedFastCgiPort" computerName="runnervmvmocb" duration="00:00:00.0219617" startTime="2026-09-11T14:31:53.3327692+00:00" endTime="2026-09-11T14:31:53.3545606+00:00" testType="13cdc9d9-ddb5-4fa4-a97d-d965ccfc6d4b" outcome="Passed" testListId="8c84fa94-04c1-424b-9868-57a2d4851a1d" relativeResultsDirectory="f7e220ab-6f9a-4e99-9cdd-a2c9f181b814" />
    <UnitTestResult executionId="c13fe4f0-3827-4dbf-928b-8897dda87fa7" testId="c12dcf40-0979-5554-0cff-e203e1a37890" testName="DevBox.Tests.DatabaseManagerTests.ValidateDatabaseName_RejectsUnsafeNames(value: &quot;../mysql&quot;)" computerName="runnervmvmocb" duration="00:00:00.0001852" startTime="2026-09-11T14:31:52.3405399+00:00" endTime="2026-09-11T14:31:52.3406347+00:00" testType="13cdc9d9-ddb5-4fa4-a97d-d965ccfc6d4b" outcome="Passed" testListId="8c84fa94-04c1-424b-9868-57a2d4851a1d" relativeResultsDirectory="c13fe4f0-3827-4dbf-928b-8897dda87fa7" />
    <UnitTestResult executionId="4b87f691-ae91-4f08-92d5-e5cdf80c35fd" testId="d71b22a9-fd84-5769-c6ab-f3de8990dbe3" testName="DevBox.Tests.EnvironmentReadinessTests.Check_MarksVerifiedMissingRuntimesAsAutomaticallyInstallable" computerName="runnervmvmocb" duration="00:00:00.0202027" startTime="2026-09-11T14:31:52.5255148+00:00" endTime="2026-09-11T14:31:52.5458547+00:00" testType="13cdc9d9-ddb5-4fa4-a97d-d965ccfc6d4b" outcome="Passed" testListId="8c84fa94-04c1-424b-9868-57a2d4851a1d" relativeResultsDirectory="4b87f691-ae91-4f08-92d5-e5cdf80c35fd" />
    <UnitTestResult executionId="ca4cf885-a442-43b7-b991-576e738367e4" testId="655ad4f4-e433-1a8c-9783-babea0e2924f" testName="DevBox.Tests.PostMergeAuditRound4Tests.EnvironmentProfiles_ConcurrentWritersDoNotLoseUpdates" computerName="runnervmvmocb" duration="00:00:00.0531713" startTime="2026-09-11T14:31:51.1502638+00:00" endTime="2026-09-11T14:31:51.2030632+00:00" testType="13cdc9d9-ddb5-4fa4-a97d-d965ccfc6d4b" outcome="Passed" testListId="8c84fa94-04c1-424b-9868-57a2d4851a1d" relativeResultsDirectory="ca4cf885-a442-43b7-b991-576e738367e4" />
    <UnitTestResult executionId="c29eed41-4d93-40b8-9f5a-4048a24e79cb" testId="cca63c8f-8263-6629-e605-419fd02a3590" testName="DevBox.Tests.ProjectDatabaseProvisionerTests.EscapePgPass_RejectsLineBreaks" computerName="runnervmvmocb" duration="00:00:00.0002620" startTime="2026-09-11T14:31:51.8791503+00:00" endTime="2026-09-11T14:31:51.8792533+00:00" testType="13cdc9d9-ddb5-4fa4-a97d-d965ccfc6d4b" outcome="Passed" testListId="8c84fa94-04c1-424b-9868-57a2d4851a1d" relativeResultsDirectory="c29eed41-4d93-40b8-9f5a-4048a24e79cb" />
    <UnitTestResult executionId="25b12f94-c489-44b5-b43b-81415793743e" testId="f8e422a6-cd07-b558-0689-baf3f1ad2327" testName="DevBox.Tests.SiteManagerTests.Create_RejectsNonTestDomain" computerName="runnervmvmocb" duration="00:00:00.0022485" startTime="2026-09-11T14:31:53.3314334+00:00" endTime="2026-09-11T14:31:53.3324976+00:00" testType="13cdc9d9-ddb5-4fa4-a97d-d965ccfc6d4b" outcome="Passed" testListId="8c84fa94-04c1-424b-9868-57a2d4851a1d" relativeResultsDirectory="25b12f94-c489-44b5-b43b-81415793743e" />
    <UnitTestResult executionId="218738c1-6ac3-4035-9ffa-67baa0f9f007" testId="dc97bb9b-538a-4e08-bbe1-acc0c4a494ef" testName="DevBox.Tests.EnvironmentPlatformRegressionTests.TransferOverwrite_RollsBackSiteWhenDatabaseBackupMoveFails" computerName="runnervmvmocb" duration="00:00:00.5130741" startTime="2026-09-11T14:31:52.3373809+00:00" endTime="2026-09-11T14:31:52.8763960+00:00" testType="13cdc9d9-ddb5-4fa4-a97d-d965ccfc6d4b" outcome="Passed" testListId="8c84fa94-04c1-424b-9868-57a2d4851a1d" relativeResultsDirectory="218738c1-6ac3-4035-9ffa-67baa0f9f007" />
    <UnitTestResult executionId="68dc3a7d-fd26-47c7-897e-b9a471ec1b42" testId="229d55aa-8806-f3bd-32c0-ac01e0981a2a" testName="DevBox.Tests.RegressionTests.MySqlDataDirectory_RequiresSystemDatabase" computerName="runnervmvmocb" duration="00:00:00.0037743" startTime="2026-09-11T14:31:51.1009520+00:00" endTime="2026-09-11T14:31:51.1046283+00:00" testType="13cdc9d9-ddb5-4fa4-a97d-d965ccfc6d4b" outcome="Passed" testListId="8c84fa94-04c1-424b-9868-57a2d4851a1d" relativeResultsDirectory="68dc3a7d-fd26-47c7-897e-b9a471ec1b42" />
    <UnitTestResult executionId="1467e89a-dfad-477f-b7a9-365f9552ece9" testId="14a2c7b9-6e5a-42e5-11c8-c135aa46f6fe" testName="DevBox.Tests.ApplicationSelfUpdateServiceTests.ParseChecksum_ReturnsHashForExactInstallerName" computerName="runnervmvmocb" duration="00:00:00.0000906" startTime="2026-09-11T14:31:52.9600262+00:00" endTime="2026-09-11T14:31:52.9601167+00:00" testType="13cdc9d9-ddb5-4fa4-a97d-d965ccfc6d4b" outcome="Passed" testListId="8c84fa94-04c1-424b-9868-57a2d4851a1d" relativeResultsDirectory="1467e89a-dfad-477f-b7a9-365f9552ece9" />
    <UnitTestResult executionId="d6bdb74d-001e-499c-b363-46195e80899d" testId="1eb59eaa-76ec-8c24-c982-47e2802ab57b" testName="DevBox.Tests.OptionalRuntimeCatalogTests.ManagedServiceTemplatesMatchOptionalRuntimeLayout" computerName="runnervmvmocb" duration="00:00:00.0006509" startTime="2026-09-11T14:31:52.4353568+00:00" endTime="2026-09-11T14:31:52.4360150+00:00" testType="13cdc9d9-ddb5-4fa4-a97d-d965ccfc6d4b" outcome="Passed" testListId="8c84fa94-04c1-424b-9868-57a2d4851a1d" relativeResultsDirectory="d6bdb74d-001e-499c-b363-46195e80899d" />
    <UnitTestResult executionId="652f2679-cace-42a4-8b35-33587475f063" testId="a6e5d08c-bb72-128d-85a5-90d82d70280d" testName="DevBox.Tests.AsyncRelayCommandTests.ExecuteAsync_DisablesCommandUntilActionCompletes" computerName="runnervmvmocb" duration="00:00:00.0127716" startTime="2026-09-11T14:31:52.3580446+00:00" endTime="2026-09-11T14:31:52.3678782+00:00" testType="13cdc9d9-ddb5-4fa4-a97d-d965ccfc6d4b" outcome="Passed" testListId="8c84fa94-04c1-424b-9868-57a2d4851a1d" relativeResultsDirectory="652f2679-cace-42a4-8b35-33587475f063" />
    <UnitTestResult executionId="3f6d8410-06b2-4a40-9e0b-9437104f28f5" testId="729a321c-4e7d-ab51-3260-3d6be9d14627" testName="DevBox.Tests.EnvironmentPlatformFollowupTests.SiteUpdate_RejectsPhpRuntimePortCollisionBeforePersistence" computerName="runnervmvmocb" duration="00:00:00.0370406" startTime="2026-09-11T14:31:55.1594554+00:00" endTime="2026-09-11T14:31:55.1962608+00:00" testType="13cdc9d9-ddb5-4fa4-a97d-d965ccfc6d4b" outcome="Passed" testListId="8c84fa94-04c1-424b-9868-57a2d4851a1d" relativeResultsDirectory="3f6d8410-06b2-4a40-9e0b-9437104f28f5" />
    <UnitTestResult executionId="89c4465e-61cd-4432-adba-6dfe861630d8" testId="85d2c53c-b756-3556-5ecb-a8371bb3557a" testName="DevBox.Tests.ProjectCommandServiceTests.ResolveTool_UsesNodeVersionPinnedByProjectManifest" computerName="runnervmvmocb" duration="00:00:00.0248101" startTime="2026-09-11T14:31:51.9528124+00:00" endTime="2026-09-11T14:31:51.9774939+00:00" testType="13cdc9d9-ddb5-4fa4-a97d-d965ccfc6d4b" outcome="Passed" testListId="8c84fa94-04c1-424b-9868-57a2d4851a1d" relativeResultsDirectory="89c4465e-61cd-4432-adba-6dfe861630d8" />
    <UnitTestResult executionId="14961222-9844-4c35-bd0c-900c4ef43bd9" testId="be5bf9b1-deb2-c10f-1194-67e524a0220b" testName="DevBox.Tests.ArchiveSafetyTests.ExtractZipSafely_RejectsAlternateDataStreamSyntax" computerName="runnervmvmocb" duration="00:00:00.0026584" startTime="2026-09-11T14:31:53.4377368+00:00" endTime="2026-09-11T14:31:53.4403362+00:00" testType="13cdc9d9-ddb5-4fa4-a97d-d965ccfc6d4b" outcome="Passed" testListId="8c84fa94-04c1-424b-9868-57a2d4851a1d" relativeResultsDirectory="14961222-9844-4c35-bd0c-900c4ef43bd9" />
    <UnitTestResult executionId="4f088045-d5ba-4c13-b731-1abdf8ae27be" testId="d6d3a757-79b5-8ccc-858f-dd43496a28c9" testName="DevBox.Tests.LogReaderTests.ReadTail_ReturnsRequestedLastLines" computerName="runnervmvmocb" duration="00:00:00.0037205" startTime="2026-09-11T14:31:51.2121976+00:00" endTime="2026-09-11T14:31:51.2145415+00:00" testType="13cdc9d9-ddb5-4fa4-a97d-d965ccfc6d4b" outcome="Passed" testListId="8c84fa94-04c1-424b-9868-57a2d4851a1d" relativeResultsDirectory="4f088045-d5ba-4c13-b731-1abdf8ae27be" />
    <UnitTestResult executionId="93238b34-cb4c-4215-9041-69b18284b087" testId="83516319-995f-1d80-1fde-241833ad60f1" testName="DevBox.Tests.ApplicationUpdateServiceTests.ParseReleaseVersion_UnsupportedTag_Throws(tag: &quot;v1.2.3-beta.1&quot;)" computerName="runnervmvmocb" duration="00:00:00.0003914" startTime="2026-09-11T14:31:52.3539281+00:00" endTime="2026-09-11T14:31:52.3543556+00:00" testType="13cdc9d9-ddb5-4fa4-a97d-d965ccfc6d4b" outcome="Passed" testListId="8c84fa94-04c1-424b-9868-57a2d4851a1d" relativeResultsDirectory="93238b34-cb4c-4215-9041-69b18284b087" />
    <UnitTestResult executionId="59576972-8388-4193-aba5-61b53651c807" testId="28209eef-d1a2-d7d2-179b-8431bd1b9990" testName="DevBox.Tests.EnvironmentPlatformRegressionTests.DatabaseRuntime_ReregisterWithoutPortPreservesExistingPort" computerName="runnervmvmocb" duration="00:00:00.0262531" startTime="2026-09-11T14:31:53.3177276+00:00" endTime="2026-09-11T14:31:53.3437429+00:00" testType="13cdc9d9-ddb5-4fa4-a97d-d965ccfc6d4b" outcome="Passed" testListId="8c84fa94-04c1-424b-9868-57a2d4851a1d" relativeResultsDirectory="59576972-8388-4193-aba5-61b53651c807" />
    <UnitTestResult executionId="bbdc7d76-92f8-4908-b9b0-ec99b9fb94ed" testId="d03a8e7b-83a0-c277-4243-eb66ad8dc328" testName="DevBox.Tests.DatabaseManagerTests.ValidateMutableDatabaseName_ProtectsSystemDatabases(value: &quot;mysql&quot;)" computerName="runnervmvmocb" duration="00:00:00.0002308" startTime="2026-09-11T14:31:52.3374382+00:00" endTime="2026-09-11T14:31:52.3375299+00:00" testType="13cdc9d9-ddb5-4fa4-a97d-d965ccfc6d4b" outcome="Passed" testListId="8c84fa94-04c1-424b-9868-57a2d4851a1d" relativeResultsDirectory="bbdc7d76-92f8-4908-b9b0-ec99b9fb94ed" />
    <UnitTestResult executionId="093cefa5-5660-48c6-8848-42bd8a60b073" testId="57a46360-af63-6e43-e1d9-9f0f0877adc8" testName="DevBox.Tests.RuntimeManagerTests.GetInstalled_IgnoresRollbackBackupDirectories" computerName="runnervmvmocb" duration="00:00:00.0085105" startTime="2026-09-11T14:31:53.0765404+00:00" endTime="2026-09-11T14:31:53.0848392+00:00" testType="13cdc9d9-ddb5-4fa4-a97d-d965ccfc6d4b" outcome="Passed" testListId="8c84fa94-04c1-424b-9868-57a2d4851a1d" relativeResultsDirectory="093cefa5-5660-48c6-8848-42bd8a60b073" />
    <UnitTestResult executionId="790bd026-25db-4131-8a2d-1228b37c8296" testId="0e66f654-46ac-3f0e-f8cc-4c7e2c774bc2" testName="DevBox.Tests.SiteManagerTests.Create_WritesMetadataDocumentRootAndNginxConfig" computerName="runnervmvmocb" duration="00:00:00.0074932" startTime="2026-09-11T14:31:53.4155935+00:00" endTime="2026-09-11T14:31:53.4229685+00:00" testType="13cdc9d9-ddb5-4fa4-a97d-d965ccfc6d4b" outcome="Passed" testListId="8c84fa94-04c1-424b-9868-57a2d4851a1d" relativeResultsDirectory="790bd026-25db-4131-8a2d-1228b37c8296" />
    <UnitTestResult executionId="06c50322-002c-4f1d-920a-a6240d563411" testId="2c5225d8-72e2-f0dd-b2e9-806536a34018" testName="DevBox.Tests.PostMergeAuditRound3Tests.SiteManager_ConcurrentWritersDoNotLoseSites" computerName="runnervmvmocb" duration="00:00:00.0640088" startTime="2026-09-11T14:31:51.0905516+00:00" endTime="2026-09-11T14:31:51.1492417+00:00" testType="13cdc9d9-ddb5-4fa4-a97d-d965ccfc6d4b" outcome="Passed" testListId="8c84fa94-04c1-424b-9868-57a2d4851a1d" relativeResultsDirectory="06c50322-002c-4f1d-920a-a6240d563411" />
    <UnitTestResult executionId="482ee1e9-e0f9-4ab3-95c2-e4ef664ba7fa" testId="13ce7bf4-677f-8d4b-827f-c5d2fd1d6c8c" testName="DevBox.Tests.PostMergeRegressionTests.DatabaseRuntime_RegisterAcrossInstances_DoesNotLoseRegistrations" computerName="runnervmvmocb" duration="00:00:00.1199327" startTime="2026-09-11T14:31:54.3553616+00:00" endTime="2026-09-11T14:31:54.4751542+00:00" testType="13cdc9d9-ddb5-4fa4-a97d-d965ccfc6d4b" outcome="Passed" testListId="8c84fa94-04c1-424b-9868-57a2d4851a1d" relativeResultsDirectory="482ee1e9-e0f9-4ab3-95c2-e4ef664ba7fa" />
    <UnitTestResult executionId="37311581-380b-4232-8c6c-69215df7ca59" testId="903ec948-82c8-866f-52b0-a870e6aad203" testName="DevBox.Tests.ProjectCommandServiceTests.RunAsync_RejectsUnknownPresetBeforeProcessStart" computerName="runnervmvmocb" duration="00:00:00.0262400" startTime="2026-09-11T14:31:51.8998952+00:00" endTime="2026-09-11T14:31:51.9262228+00:00" testType="13cdc9d9-ddb5-4fa4-a97d-d965ccfc6d4b" outcome="Passed" testListId="8c84fa94-04c1-424b-9868-57a2d4851a1d" relativeResultsDirectory="37311581-380b-4232-8c6c-69215df7ca59" />
    <UnitTestResult executionId="c4e239ef-d0ca-4d30-b0f3-b95d35f3d624" testId="d586e30d-e27f-f432-c457-64822892371b" testName="DevBox.Tests.ProjectStackProfileServiceTests.CustomProfileCanOverrideBuiltInProfile" computerName="runnervmvmocb" duration="00:00:00.0132347" startTime="2026-09-11T14:31:52.4375245+00:00" endTime="2026-09-11T14:31:52.4502285+00:00" testType="13cdc9d9-ddb5-4fa4-a97d-d965ccfc6d4b" outcome="Passed" testListId="8c84fa94-04c1-424b-9868-57a2d4851a1d" relativeResultsDirectory="c4e239ef-d0ca-4d30-b0f3-b95d35f3d624" />
    <UnitTestResult executionId="ef30d0b3-ee65-4834-a8b2-355529dcefdb" testId="2d1dce2f-858b-45ca-367a-74eab051c355" testName="DevBox.Tests.AsyncRelayCommandTests.ExecuteAsync_FaultedAction_IsReportedWithoutEscapingToDispatcher" computerName="runnervmvmocb" duration="00:00:00.0072499" startTime="2026-09-11T14:31:52.3683636+00:00" endTime="2026-09-11T14:31:52.3753865+00:00" testType="13cdc9d9-ddb5-4fa4-a97d-d965ccfc6d4b" outcome="Passed" testListId="8c84fa94-04c1-424b-9868-57a2d4851a1d" relativeResultsDirectory="ef30d0b3-ee65-4834-a8b2-355529dcefdb" />
    <UnitTestResult executionId="a0fb1b4d-2b77-4340-b89c-a871f6e73249" testId="78819d2c-c79f-7d84-6bf5-54d7c8de6c96" testName="DevBox.Tests.AddonInstallerTests.InstallAsync_WrongHash_DoesNotInstallAddon" computerName="runnervmvmocb" duration="00:00:00.0262543" startTime="2026-09-11T14:31:52.1748195+00:00" endTime="2026-09-11T14:31:52.2016290+00:00" testType="13cdc9d9-ddb5-4fa4-a97d-d965ccfc6d4b" outcome="Passed" testListId="8c84fa94-04c1-424b-9868-57a2d4851a1d" relativeResultsDirectory="a0fb1b4d-2b77-4340-b89c-a871f6e73249" />
    <UnitTestResult executionId="2ba7981f-17fa-40a9-9a01-894c0eef63cc" testId="b0d4453c-5d9f-ba35-8575-3557f56194ae" testName="DevBox.Tests.RegressionTests.SiteManager_RejectsDocumentRootOutsideWww" computerName="runnervmvmocb" duration="00:00:00.0263828" startTime="2026-09-11T14:31:51.0898585+00:00" endTime="2026-09-11T14:31:51.1006884+00:00" testType="13cdc9d9-ddb5-4fa4-a97d-d965ccfc6d4b" outcome="Passed" testListId="8c84fa94-04c1-424b-9868-57a2d4851a1d" relativeResultsDirectory="2ba7981f-17fa-40a9-9a01-894c0eef63cc" />
    <UnitTestResult executionId="7cfb72a2-7f8d-4090-bae7-e4eb7341a2f0" testId="2b65be37-f6fb-abe2-6978-2d3691e6c0cd" testName="DevBox.Tests.AddonCatalogTests.Manifest_WwwRootInstallPath_IsRejected" computerName="runnervmvmocb" duration="00:00:00.0032905" startTime="2026-09-11T14:31:52.4131447+00:00" endTime="2026-09-11T14:31:52.4149287+00:00" testType="13cdc9d9-ddb5-4fa4-a97d-d965ccfc6d4b" outcome="Passed" testListId="8c84fa94-04c1-424b-9868-57a2d4851a1d" relativeResultsDirectory="7cfb72a2-7f8d-4090-bae7-e4eb7341a2f0" />
    <UnitTestResult executionId="fc910cdc-0b53-4331-9fe0-5f832faaafd0" testId="d60494f2-c6cf-ccc8-bb4f-188de49b0b5a" testName="DevBox.Tests.ProjectStackProfileServiceTests.BuiltInLaravelProfileProducesCreateRequest" computerName="runnervmvmocb" duration="00:00:00.0014078" startTime="2026-09-11T14:31:52.4699697+00:00" endTime="2026-09-11T14:31:52.4701072+00:00" testType="13cdc9d9-ddb5-4fa4-a97d-d965ccfc6d4b" outcome="Passed" testListId="8c84fa94-04c1-424b-9868-57a2d4851a1d" relativeResultsDirectory="fc910cdc-0b53-4331-9fe0-5f832faaafd0" />
    <UnitTestResult executionId="c97ef219-5d92-4d04-a5f5-9c9484b6efd2" testId="2aa280df-1f61-2565-b5e9-b20035e9f874" testName="DevBox.Tests.ProjectDatabaseProvisionerTests.EscapePgPass_EscapesReservedCharacters(value: &quot;a\\b&quot;, expected: &quot;a\\\\b&quot;)" computerName="runnervmvmocb" duration="00:00:00.0002565" startTime="2026-09-11T14:31:51.8781933+00:00" endTime="2026-09-11T14:31:51.8783225+00:00" testType="13cdc9d9-ddb5-4fa4-a97d-d965ccfc6d4b" outcome="Passed" testListId="8c84fa94-04c1-424b-9868-57a2d4851a1d" relativeResultsDirectory="c97ef219-5d92-4d04-a5f5-9c9484b6efd2" />
    <UnitTestResult executionId="b15699d5-860e-4e2e-b2a2-6dcfa4390ba9" testId="a1efa50c-7231-3ac6-4cf9-3dbab3acf05f" testName="DevBox.Tests.SiteManagerTests.GetSites_UnsafeDocumentRoot_IsQuarantinedInsteadOfLoaded" computerName="runnervmvmocb" duration="00:00:00.0041415" startTime="2026-09-11T14:31:53.3707680+00:00" endTime="2026-09-11T14:31:53.3747442+00:00" testType="13cdc9d9-ddb5-4fa4-a97d-d965ccfc6d4b" outcome="Passed" testListId="8c84fa94-04c1-424b-9868-57a2d4851a1d" relativeResultsDirectory="b15699d5-860e-4e2e-b2a2-6dcfa4390ba9" />
    <UnitTestResult executionId="71605664-1a9f-40d0-a667-1c94b7b3f56a" testId="61ee2aab-bf8c-86e4-a855-afbd74b62766" testName="DevBox.Tests.AddonCatalogTests.Manifest_MissingKey_IsRejectedAsInvalidData" computerName="runnervmvmocb" duration="00:00:00.0029548" startTime="2026-09-11T14:31:52.4439739+00:00" endTime="2026-09-11T14:31:52.4454886+00:00" testType="13cdc9d9-ddb5-4fa4-a97d-d965ccfc6d4b" outcome="Passed" testListId="8c84fa94-04c1-424b-9868-57a2d4851a1d" relativeResultsDirectory="71605664-1a9f-40d0-a667-1c94b7b3f56a" />
    <UnitTestResult executionId="1a2ff29f-084b-4eb5-8f20-3782947cdd4c" testId="1a40ae9b-407b-24c1-8b15-9b79fbd3a927" testName="DevBox.Tests.AddonInstallerTests.InstallAsync_VerifiedArchive_InstallsAndConfiguresPhpMyAdmin" computerName="runnervmvmocb" duration="00:00:00.1312118" startTime="2026-09-11T14:31:52.2020523+00:00" endTime="2026-09-11T14:31:52.3341702+00:00" testType="13cdc9d9-ddb5-4fa4-a97d-d965ccfc6d4b" outcome="Passed" testListId="8c84fa94-04c1-424b-9868-57a2d4851a1d" relativeResultsDirectory="1a2ff29f-084b-4eb5-8f20-3782947cdd4c" />
    <UnitTestResult executionId="2bd9cc49-967e-4df5-a1f4-eafb5775d944" testId="50f5a84a-716e-f379-9837-cbcd9fdfed22" testName="DevBox.Tests.XdebugConfigurationServiceTests.Configure_RequiresXdebugBinaryWhenEnabling" computerName="runnervmvmocb" duration="00:00:00.0236268" startTime="2026-09-11T14:31:52.1543256+00:00" endTime="2026-09-11T14:31:52.1776392+00:00" testType="13cdc9d9-ddb5-4fa4-a97d-d965ccfc6d4b" outcome="Passed" testListId="8c84fa94-04c1-424b-9868-57a2d4851a1d" relativeResultsDirectory="2bd9cc49-967e-4df5-a1f4-eafb5775d944" />
    <UnitTestResult executionId="0401c347-deda-4c48-bb34-fb0f13e02d82" testId="bcd8b28a-3622-50b6-fe48-0191981722fd" testName="DevBox.Tests.PhpExtensionInspectorTests.CheckAsync_MissingPhpRuntime_ReportsRequiredExtensionsAsMissing" computerName="runnervmvmocb" duration="00:00:00.0010323" startTime="2026-09-11T14:31:52.5190823+00:00" endTime="2026-09-11T14:31:52.5199079+00:00" testType="13cdc9d9-ddb5-4fa4-a97d-d965ccfc6d4b" outcome="Passed" testListId="8c84fa94-04c1-424b-9868-57a2d4851a1d" relativeResultsDirectory="0401c347-deda-4c48-bb34-fb0f13e02d82" />
    <UnitTestResult executionId="197cda84-98d7-47a4-8ac5-f60dbe8a4c7f" testId="7b4d9e9d-0e54-5ae0-f9c8-1200dd3f80cf" testName="DevBox.Tests.ProjectWorkspaceServiceTests.Import_CopiesExternalProjectAndDetectsFramework" computerName="runnervmvmocb" duration="00:00:00.0397305" startTime="2026-09-11T14:31:51.2502224+00:00" endTime="2026-09-11T14:31:51.2898885+00:00" testType="13cdc9d9-ddb5-4fa4-a97d-d965ccfc6d4b" outcome="Passed" testListId="8c84fa94-04c1-424b-9868-57a2d4851a1d" relativeResultsDirectory="197cda84-98d7-47a4-8ac5-f60dbe8a4c7f" />
    <UnitTestResult executionId="2688c628-b8d5-4de0-be6b-aba9fdf78966" testId="503dfa1d-13b2-2060-3fe6-8ff5b36279c4" testName="DevBox.Tests.PostMergeAuditRound3Tests.PhpMyAdminPort_PrefersRunningRegisteredDatabase" computerName="runnervmvmocb" duration="00:00:00.0117056" startTime="2026-09-11T14:31:51.0519170+00:00" endTime="2026-09-11T14:31:51.0781893+00:00" testType="13cdc9d9-ddb5-4fa4-a97d-d965ccfc6d4b" outcome="Passed" testListId="8c84fa94-04c1-424b-9868-57a2d4851a1d" relativeResultsDirectory="2688c628-b8d5-4de0-be6b-aba9fdf78966" />
    <UnitTestResult executionId="0119acee-b69b-435f-9fe0-2bba3e78859e" testId="830d074f-bc78-8e5c-41cb-4ab03fbc4ee7" testName="DevBox.Tests.ProcessManagerTests.StartAsync_OccupiedPort_RefusesToStartProcess" computerName="runnervmvmocb" duration="00:00:00.0023515" startTime="2026-09-11T14:31:53.1909251+00:00" endTime="2026-09-11T14:31:53.1919024+00:00" testType="13cdc9d9-ddb5-4fa4-a97d-d965ccfc6d4b" outcome="Passed" testListId="8c84fa94-04c1-424b-9868-57a2d4851a1d" relativeResultsDirectory="0119acee-b69b-435f-9fe0-2bba3e78859e" />
    <UnitTestResult executionId="8d368cb7-692f-4a66-b5f0-d9a0f4126198" testId="1acac50b-1d8d-aa05-3961-a6e3a05ba8e7" testName="DevBox.Tests.BundledRuntimeTests.InstallAsync_ActivatesBundledRuntimeWithoutNetworkRequest" computerName="runnervmvmocb" duration="00:00:00.0117334" startTime="2026-09-11T14:31:51.2297345+00:00" endTime="2026-09-11T14:31:51.2412852+00:00" testType="13cdc9d9-ddb5-4fa4-a97d-d965ccfc6d4b" outcome="Passed" testListId="8c84fa94-04c1-424b-9868-57a2d4851a1d" relativeResultsDirectory="8d368cb7-692f-4a66-b5f0-d9a0f4126198" />
    <UnitTestResult executionId="fb7d8d51-3f88-41fa-a97d-0d82d41d3142" testId="b8c1deb1-8024-5a55-346d-629cb87f37cf" testName="DevBox.Tests.PostMergeAuditRound3Tests.ApplyProfile_DoesNotWriteLockWhenPrerequisiteFails" computerName="runnervmvmocb" duration="00:00:00.0639089" startTime="2026-09-11T14:31:51.1499433+00:00" endTime="2026-09-11T14:31:51.2095143+00:00" testType="13cdc9d9-ddb5-4fa4-a97d-d965ccfc6d4b" outcome="Passed" testListId="8c84fa94-04c1-424b-9868-57a2d4851a1d" relativeResultsDirectory="fb7d8d51-3f88-41fa-a97d-0d82d41d3142" />
    <UnitTestResult executionId="d1f0d4b8-921d-48a3-b81e-808cdf5d63f0" testId="d7cb3608-7cbc-40dd-a009-bdc6e2f2b5e3" testName="DevBox.Tests.SiteManagerTests.GetSites_CorruptMetadata_IsQuarantinedInsteadOfThrowing" computerName="runnervmvmocb" duration="00:00:00.0040849" startTime="2026-09-11T14:31:53.3750209+00:00" endTime="2026-09-11T14:31:53.3789303+00:00" testType="13cdc9d9-ddb5-4fa4-a97d-d965ccfc6d4b" outcome="Passed" testListId="8c84fa94-04c1-424b-9868-57a2d4851a1d" relativeResultsDirectory="d1f0d4b8-921d-48a3-b81e-808cdf5d63f0" />
    <UnitTestResult executionId="29d85e47-83ea-4a92-b5f4-cbc6c88a0676" testId="86514b41-afdc-0b52-5691-a140e24bc0b7" testName="DevBox.Tests.AppSettingsServiceTests.IsStartupCommandForExecutable_RejectsLookalikeCommands(command: &quot;\&quot;C:\\Apps\\DevBox.exe.bak\&quot; --startup&quot;)" computerName="runnervmvmocb" duration="00:00:00.0001427" startTime="2026-09-11T14:31:52.3555081+00:00" endTime="2026-09-11T14:31:52.3556230+00:00" testType="13cdc9d9-ddb5-4fa4-a97d-d965ccfc6d4b" outcome="Passed" testListId="8c84fa94-04c1-424b-9868-57a2d4851a1d" relativeResultsDirectory="29d85e47-83ea-4a92-b5f4-cbc6c88a0676" />
    <UnitTestResult executionId="c8322a93-d264-4629-8d69-1d3b3f5c3786" testId="869c6ae8-14d3-77fa-efe0-74f156582fcd" testName="DevBox.Tests.DatabaseManagerTests.ValidateMutableDatabaseName_AllowsApplicationDatabase" computerName="runnervmvmocb" duration="00:00:00.0000719" startTime="2026-09-11T14:31:52.3439476+00:00" endTime="2026-09-11T14:31:52.3440883+00:00" testType="13cdc9d9-ddb5-4fa4-a97d-d965ccfc6d4b" outcome="Passed" testListId="8c84fa94-04c1-424b-9868-57a2d4851a1d" relativeResultsDirectory="c8322a93-d264-4629-8d69-1d3b3f5c3786" />
    <UnitTestResult executionId="d9fe1913-bc7b-4707-b612-61ba88e8997a" testId="cbfed4d4-5320-fe7e-31b5-1c811c64a36d" testName="DevBox.Tests.PhpRuntimePoolManagerTests.GetPort_RejectsUnsupportedVersion(version: &quot;../../8.5.10&quot;)" computerName="runnervmvmocb" duration="00:00:00.0000477" startTime="2026-09-11T14:31:52.3284008+00:00" endTime="2026-09-11T14:31:52.3284970+00:00" testType="13cdc9d9-ddb5-4fa4-a97d-d965ccfc6d4b" outcome="Passed" testListId="8c84fa94-04c1-424b-9868-57a2d4851a1d" relativeResultsDirectory="d9fe1913-bc7b-4707-b612-61ba88e8997a" />
    <UnitTestResult executionId="0b21036c-ae44-4704-ba12-7c6bae74a2aa" testId="4f73cd03-fe43-8dac-e8f9-25c4b8f3366b" testName="DevBox.Tests.RuntimeManagerTests.InstallAsync_VerifiesInstallsAndActivatesRuntime" computerName="runnervmvmocb" duration="00:00:00.0539241" startTime="2026-09-11T14:31:53.0875887+00:00" endTime="2026-09-11T14:31:53.1427210+00:00" testType="13cdc9d9-ddb5-4fa4-a97d-d965ccfc6d4b" outcome="Passed" testListId="8c84fa94-04c1-424b-9868-57a2d4851a1d" relativeResultsDirectory="0b21036c-ae44-4704-ba12-7c6bae74a2aa" />
    <UnitTestResult executionId="f2c08a65-98b9-4991-8827-5fa68022ac2c" testId="3f36f7d3-50f6-091f-79de-0ab1540cdad8" testName="DevBox.Tests.EnvironmentPlatformFollowupTests.SnapshotRestore_DoesNotScaffoldPhpInfoIntoStaticProject" computerName="runnervmvmocb" duration="00:00:00.1685112" startTime="2026-09-11T14:31:52.8649190+00:00" endTime="2026-09-11T14:31:53.0438864+00:00" testType="13cdc9d9-ddb5-4fa4-a97d-d965ccfc6d4b" outcome="Passed" testListId="8c84fa94-04c1-424b-9868-57a2d4851a1d" relativeResultsDirectory="f2c08a65-98b9-4991-8827-5fa68022ac2c" />
    <UnitTestResult executionId="1dd3f53d-3a86-4a36-b161-f6e005ea0af1" testId="ce086947-4ad6-cf2a-b4e3-0f76e3ca7fe1" testName="DevBox.Tests.SiteManagerTests.SetHttps_UpdatesMetadataAndWritesTlsVhost" computerName="runnervmvmocb" duration="00:00:00.0287753" startTime="2026-09-11T14:31:53.3792455+00:00" endTime="2026-09-11T14:31:53.4078704+00:00" testType="13cdc9d9-ddb5-4fa4-a97d-d965ccfc6d4b" outcome="Passed" testListId="8c84fa94-04c1-424b-9868-57a2d4851a1d" relativeResultsDirectory="1dd3f53d-3a86-4a36-b161-f6e005ea0af1" />
    <UnitTestResult executionId="c24b25a7-bab9-4a05-a9bc-7963de47f81e" testId="25e82b58-2069-367c-4f29-064cacc0517b" testName="DevBox.Tests.PhpManagerTests.SetExtensionEnabled_TogglesConfiguredExtensionAtomically" computerName="runnervmvmocb" duration="00:00:00.0079805" startTime="2026-09-11T14:31:52.4714026+00:00" endTime="2026-09-11T14:31:52.4754979+00:00" testType="13cdc9d9-ddb5-4fa4-a97d-d965ccfc6d4b" outcome="Passed" testListId="8c84fa94-04c1-424b-9868-57a2d4851a1d" relativeResultsDirectory="c24b25a7-bab9-4a05-a9bc-7963de47f81e" />
    <UnitTestResult executionId="a407f67b-73a2-4351-a4dc-03201fc9cad7" testId="feeb2574-463c-6fe5-0ba4-a19b41b1ca59" testName="DevBox.Tests.BundledRuntimeTests.InstallAsync_BundledOnlyRuntimeMissing_FailsWithoutNetworkFallback" computerName="runnervmvmocb" duration="00:00:00.0082387" startTime="2026-09-11T14:31:51.2213792+00:00" endTime="2026-09-11T14:31:51.2294818+00:00" testType="13cdc9d9-ddb5-4fa4-a97d-d965ccfc6d4b" outcome="Passed" testListId="8c84fa94-04c1-424b-9868-57a2d4851a1d" relativeResultsDirectory="a407f67b-73a2-4351-a4dc-03201fc9cad7" />
    <UnitTestResult executionId="2341118b-5cb8-4015-86c6-0006ba902429" testId="c64341eb-503d-8856-fdae-fa9c0a998b74" testName="DevBox.Tests.RollbackFinalTests.LocalCa_RemoveAuthorityRemovesPfxOnlyWithoutStoredPassword" computerName="runnervmvmocb" duration="00:00:00.6330657" startTime="2026-09-11T14:31:51.2429270+00:00" endTime="2026-09-11T14:31:51.8760149+00:00" testType="13cdc9d9-ddb5-4fa4-a97d-d965ccfc6d4b" outcome="Passed" testListId="8c84fa94-04c1-424b-9868-57a2d4851a1d" relativeResultsDirectory="2341118b-5cb8-4015-86c6-0006ba902429" />
    <UnitTestResult executionId="c58ddf21-6625-4a59-8eae-0c6decd2dd60" testId="5b5e6caa-cdac-42dc-42bd-edfaf9fc941f" testName="DevBox.Tests.PostMergeAuditRound4Tests.DatabaseRuntime_RegisterRejectsExplicitPortUsedByAnotherProcess" computerName="runnervmvmocb" duration="00:00:00.0164908" startTime="2026-09-11T14:31:51.1491194+00:00" endTime="2026-09-11T14:31:51.1500281+00:00" testType="13cdc9d9-ddb5-4fa4-a97d-d965ccfc6d4b" outcome="Passed" testListId="8c84fa94-04c1-424b-9868-57a2d4851a1d" relativeResultsDirectory="c58ddf21-6625-4a59-8eae-0c6decd2dd60" />
    <UnitTestResult executionId="b11b23fe-c24e-4e83-8907-69390094ffd6" testId="f7b3fc18-95d6-d73a-61b3-ee5491422ac9" testName="DevBox.Tests.AddonInstallerTests.RepairAsync_LegacyNoPasswordFalse_RegeneratesPasswordlessConfig" computerName="runnervmvmocb" duration="00:00:00.0188024" startTime="2026-09-11T14:31:52.1368219+00:00" endTime="2026-09-11T14:31:52.1554325+00:00" testType="13cdc9d9-ddb5-4fa4-a97d-d965ccfc6d4b" outcome="Passed" testListId="8c84fa94-04c1-424b-9868-57a2d4851a1d" relativeResultsDirectory="b11b23fe-c24e-4e83-8907-69390094ffd6" />
    <UnitTestResult executionId="651e6abc-2db3-4f66-b0d4-340745907d64" testId="37780ad8-5a18-3c69-756e-a4867c876a4e" testName="DevBox.Tests.RollbackFinalTests.RollbackExecutor_ContinuesAfterFailureAndAggregatesErrors" computerName="runnervmvmocb" duration="00:00:00.0012269" startTime="2026-09-11T14:31:51.2415579+00:00" endTime="2026-09-11T14:31:51.2427370+00:00" testType="13cdc9d9-ddb5-4fa4-a97d-d965ccfc6d4b" outcome="Passed" testListId="8c84fa94-04c1-424b-9868-57a2d4851a1d" relativeResultsDirectory="651e6abc-2db3-4f66-b0d4-340745907d64" />
    <UnitTestResult executionId="245fb584-4786-41f7-a303-e8d71dd1e4ae" testId="b2ef71ab-eda2-dd6f-d644-30083d754a7a" testName="DevBox.Tests.AddonCatalogTests.RuntimeLayout_DoesNotCreateAddonOwnedVhost" computerName="runnervmvmocb" duration="00:00:00.0200192" startTime="2026-09-11T14:31:52.3875016+00:00" endTime="2026-09-11T14:31:52.4073057+00:00" testType="13cdc9d9-ddb5-4fa4-a97d-d965ccfc6d4b" outcome="Passed" testListId="8c84fa94-04c1-424b-9868-57a2d4851a1d" relativeResultsDirectory="245fb584-4786-41f7-a303-e8d71dd1e4ae" />
    <UnitTestResult executionId="034edc54-67b0-4909-ae9b-e3bfe2c77fd6" testId="4cedab83-dfc3-598b-3012-778ea1df4dc7" testName="DevBox.Tests.HostsFileManagerTests.RemoveMapping_PreservesOtherHostnamesOnSameLine" computerName="runnervmvmocb" duration="00:00:00.0077494" startTime="2026-09-11T14:31:54.1376286+00:00" endTime="2026-09-11T14:31:54.1439473+00:00" testType="13cdc9d9-ddb5-4fa4-a97d-d965ccfc6d4b" outcome="Passed" testListId="8c84fa94-04c1-424b-9868-57a2d4851a1d" relativeResultsDirectory="034edc54-67b0-4909-ae9b-e3bfe2c77fd6" />
    <UnitTestResult executionId="69bef133-54b0-45fb-9e1a-e7f3e36c9d45" testId="a9dc90f2-b343-a790-faf2-91d380ecc2bf" testName="DevBox.Tests.ProjectStackProfileServiceTests.CustomProfilePersistsAndCanBeRemoved" computerName="runnervmvmocb" duration="00:00:00.0082113" startTime="2026-09-11T14:31:52.4505013+00:00" endTime="2026-09-11T14:31:52.4657440+00:00" testType="13cdc9d9-ddb5-4fa4-a97d-d965ccfc6d4b" outcome="Passed" testListId="8c84fa94-04c1-424b-9868-57a2d4851a1d" relativeResultsDirectory="69bef133-54b0-45fb-9e1a-e7f3e36c9d45" />
    <UnitTestResult executionId="d413d26d-61df-4339-a1da-89e967af8cc3" testId="facede80-a112-e32c-ce25-3aed6df9e79f" testName="DevBox.Tests.ProjectDatabaseProvisionerTests.IsAvailable_DetectsMariaDbAndPostgreSqlClientLayouts" computerName="runnervmvmocb" duration="00:00:00.0219383" startTime="2026-09-11T14:31:51.8795399+00:00" endTime="2026-09-11T14:31:51.8995153+00:00" testType="13cdc9d9-ddb5-4fa4-a97d-d965ccfc6d4b" outcome="Passed" testListId="8c84fa94-04c1-424b-9868-57a2d4851a1d" relativeResultsDirectory="d413d26d-61df-4339-a1da-89e967af8cc3" />
    <UnitTestResult executionId="1ef290a6-e3c1-46bd-8fbb-faaf289c573c" testId="cb096fc5-efc3-9c01-902d-513c03fa67a0" testName="DevBox.Tests.ProcessManagerTests.RuntimeLayout_CreatesExpectedConfigFiles" computerName="runnervmvmocb" duration="00:00:00.0179316" startTime="2026-09-11T14:31:53.1439536+00:00" endTime="2026-09-11T14:31:53.1619036+00:00" testType="13cdc9d9-ddb5-4fa4-a97d-d965ccfc6d4b" outcome="Passed" testListId="8c84fa94-04c1-424b-9868-57a2d4851a1d" relativeResultsDirectory="1ef290a6-e3c1-46bd-8fbb-faaf289c573c" />
    <UnitTestResult executionId="9abaf7c7-bb6a-4f80-9a38-01bf87b3db27" testId="d7b038f4-8726-8418-0ef3-fe01d43a559f" testName="DevBox.Tests.ProjectWorkspaceServiceTests.CheckHealthAndRepair_RecreatesMissingVhostAndManifest" computerName="runnervmvmocb" duration="00:00:00.0333967" startTime="2026-09-11T14:31:51.3145899+00:00" endTime="2026-09-11T14:31:51.3465221+00:00" testType="13cdc9d9-ddb5-4fa4-a97d-d965ccfc6d4b" outcome="Passed" testListId="8c84fa94-04c1-424b-9868-57a2d4851a1d" relativeResultsDirectory="9abaf7c7-bb6a-4f80-9a38-01bf87b3db27" />
    <UnitTestResult executionId="3c62a85e-032f-4fd3-8819-8c2df4e91793" testId="6d860dec-10da-7ea4-360f-5f482938c103" testName="DevBox.Tests.ApplicationUpdateServiceTests.CheckAsync_NonGithubUrl_IsRejected" computerName="runnervmvmocb" duration="00:00:00.0074530" startTime="2026-09-11T14:31:52.3454827+00:00" endTime="2026-09-11T14:31:52.3518365+00:00" testType="13cdc9d9-ddb5-4fa4-a97d-d965ccfc6d4b" outcome="Passed" testListId="8c84fa94-04c1-424b-9868-57a2d4851a1d" relativeResultsDirectory="3c62a85e-032f-4fd3-8819-8c2df4e91793" />
    <UnitTestResult executionId="7ebb6be8-80e4-463b-9b2e-096c9cd47604" testId="7e5227d4-23ca-a330-134a-3fd7106b5cde" testName="DevBox.Tests.DatabaseManagerTests.DatabaseConnectionOptions_RecordRetainsPasswordInMemory" computerName="runnervmvmocb" duration="00:00:00.0001985" startTime="2026-09-11T14:31:52.3435079+00:00" endTime="2026-09-11T14:31:52.3436196+00:00" testType="13cdc9d9-ddb5-4fa4-a97d-d965ccfc6d4b" outcome="Passed" testListId="8c84fa94-04c1-424b-9868-57a2d4851a1d" relativeResultsDirectory="7ebb6be8-80e4-463b-9b2e-096c9cd47604" />
    <UnitTestResult executionId="7a72ebdc-742f-4423-a86f-53d25c5a6f0e" testId="8ae8b513-b8e6-8f95-9b05-4e3b61d8d467" testName="DevBox.Tests.RegressionTests.DeveloperTool_CommandScript_UsesCommandProcessor" computerName="runnervmvmocb" duration="00:00:00.0117230" startTime="2026-09-11T14:31:51.0501272+00:00" endTime="2026-09-11T14:31:51.0734665+00:00" testType="13cdc9d9-ddb5-4fa4-a97d-d965ccfc6d4b" outcome="Passed" testListId="8c84fa94-04c1-424b-9868-57a2d4851a1d" relativeResultsDirectory="7a72ebdc-742f-4423-a86f-53d25c5a6f0e" />
    <UnitTestResult executionId="3085416e-385a-4497-9aea-5fa518c9ae8a" testId="c2ab07b1-9995-31f2-eb42-e448be1f646f" testName="DevBox.Tests.AddonInstallerTests.UninstallAsync_PathOutsideWww_IsRejected" computerName="runnervmvmocb" duration="00:00:00.0014197" startTime="2026-09-11T14:31:52.1711846+00:00" endTime="2026-09-11T14:31:52.1723891+00:00" testType="13cdc9d9-ddb5-4fa4-a97d-d965ccfc6d4b" outcome="Passed" testListId="8c84fa94-04c1-424b-9868-57a2d4851a1d" relativeResultsDirectory="3085416e-385a-4497-9aea-5fa518c9ae8a" />
    <UnitTestResult executionId="8996c220-596b-4be6-b361-9ab5734457ee" testId="233455ea-33d0-77d7-42da-0e9d731b299d" testName="DevBox.Tests.BundledRuntimeTests.Readiness_AllowsAutomaticMySqlActivationOnlyWhenBundleExists" computerName="runnervmvmocb" duration="00:00:00.0064252" startTime="2026-09-11T14:31:51.2148185+00:00" endTime="2026-09-11T14:31:51.2211679+00:00" testType="13cdc9d9-ddb5-4fa4-a97d-d965ccfc6d4b" outcome="Passed" testListId="8c84fa94-04c1-424b-9868-57a2d4851a1d" relativeResultsDirectory="8996c220-596b-4be6-b361-9ab5734457ee" />
    <UnitTestResult executionId="619f8ab2-a742-4064-9f37-4185352e85b8" testId="d2d748ee-ab4c-9943-7bbd-ca124e858e05" testName="DevBox.Tests.PostMergeAuditRound4Tests.PhpMyAdminConfig_RejectsStaleDatabasePort" computerName="runnervmvmocb" duration="00:00:00.0001120" startTime="2026-09-11T14:31:51.2073437+00:00" endTime="2026-09-11T14:31:51.2074239+00:00" testType="13cdc9d9-ddb5-4fa4-a97d-d965ccfc6d4b" outcome="Passed" testListId="8c84fa94-04c1-424b-9868-57a2d4851a1d" relativeResultsDirectory="619f8ab2-a742-4064-9f37-4185352e85b8" />
    <UnitTestResult executionId="fcb69eab-e77f-4b87-a400-72c36f2add35" testId="861539b8-5d76-fc23-54e4-bfd1acefd912" testName="DevBox.Tests.EnvironmentPlatformFollowupTests.LocalCa_RemoveAuthorityKeepsPasswordAndTrustWhenPfxDeletionFails" computerName="runnervmvmocb" duration="00:00:01.0747191" startTime="2026-09-11T14:31:54.0842686+00:00" endTime="2026-09-11T14:31:55.1589262+00:00" testType="13cdc9d9-ddb5-4fa4-a97d-d965ccfc6d4b" outcome="Passed" testListId="8c84fa94-04c1-424b-9868-57a2d4851a1d" relativeResultsDirectory="fcb69eab-e77f-4b87-a400-72c36f2add35" />
    <UnitTestResult executionId="31d9482b-68ec-4c31-beca-7dbee94c0ff3" testId="7521b243-e97d-6fa9-17d7-bd8fe328a150" testName="DevBox.Tests.PhpRuntimePoolManagerTests.GetPort_RejectsUnsupportedVersion(version: &quot;&quot;)" computerName="runnervmvmocb" duration="00:00:00.0003977" startTime="2026-09-11T14:31:52.3264381+00:00" endTime="2026-09-11T14:31:52.3267668+00:00" testType="13cdc9d9-ddb5-4fa4-a97d-d965ccfc6d4b" outcome="Passed" testListId="8c84fa94-04c1-424b-9868-57a2d4851a1d" relativeResultsDirectory="31d9482b-68ec-4c31-beca-7dbee94c0ff3" />
    <UnitTestResult executionId="276b29f9-dcdf-4b8e-b213-7da6a8e65c7d" testId="eb508664-7da4-ae2c-4983-0f31f021a6b1" testName="DevBox.Tests.SiteMetadataIntegrityTests.GetSites_CollidingPhpPorts_IsQuarantined" computerName="runnervmvmocb" duration="00:00:00.0177428" startTime="2026-09-11T14:31:52.9334189+00:00" endTime="2026-09-11T14:31:52.9511896+00:00" testType="13cdc9d9-ddb5-4fa4-a97d-d965ccfc6d4b" outcome="Passed" testListId="8c84fa94-04c1-424b-9868-57a2d4851a1d" relativeResultsDirectory="276b29f9-dcdf-4b8e-b213-7da6a8e65c7d" />
    <UnitTestResult executionId="fe5f1b3e-eed7-440e-ab4d-744b69744fe3" testId="46b76693-f78a-4110-05c4-183781a038a5" testName="DevBox.Tests.ProjectWorkspaceServiceTests.Detect_RecognizesWordPress" computerName="runnervmvmocb" duration="00:00:00.0182757" startTime="2026-09-11T14:31:51.3467236+00:00" endTime="2026-09-11T14:31:51.3649175+00:00" testType="13cdc9d9-ddb5-4fa4-a97d-d965ccfc6d4b" outcome="Passed" testListId="8c84fa94-04c1-424b-9868-57a2d4851a1d" relativeResultsDirectory="fe5f1b3e-eed7-440e-ab4d-744b69744fe3" />
    <UnitTestResult executionId="5ceba3e7-d2f3-4d45-ad65-e9af79828418" testId="1535b0a6-eba6-5e03-ebb4-513d7d899c3d" testName="DevBox.Tests.ProcessIdentityTests.GetStatus_RejectsMarkerForReusedPidWithWrongStartTime" computerName="runnervmvmocb" duration="00:00:00.0132154" startTime="2026-09-11T14:31:51.3840718+00:00" endTime="2026-09-11T14:31:51.3972742+00:00" testType="13cdc9d9-ddb5-4fa4-a97d-d965ccfc6d4b" outcome="Passed" testListId="8c84fa94-04c1-424b-9868-57a2d4851a1d" relativeResultsDirectory="5ceba3e7-d2f3-4d45-ad65-e9af79828418" />
    <UnitTestResult executionId="f2de7ce7-a296-4483-ae28-1d418cdbf8b2" testId="98da289a-04e7-9fef-472c-d75fa6d968af" testName="DevBox.Tests.AddonInstallerTests.InstallAsync_ZipSlipEntry_IsRejected" computerName="runnervmvmocb" duration="00:00:00.0911115" startTime="2026-09-11T14:31:52.0269691+00:00" endTime="2026-09-11T14:31:52.1364328+00:00" testType="13cdc9d9-ddb5-4fa4-a97d-d965ccfc6d4b" outcome="Passed" testListId="8c84fa94-04c1-424b-9868-57a2d4851a1d" relativeResultsDirectory="f2de7ce7-a296-4483-ae28-1d418cdbf8b2" />
    <UnitTestResult executionId="3f3b3eba-cbd2-4369-9f17-2105986157f1" testId="6e1c45c4-ca35-3dae-79e4-c7949d4aff2a" testName="DevBox.Tests.XdebugBinaryInstallerTests.InstallFromFile_CopiesValidPeAndRecordsChecksum" computerName="runnervmvmocb" duration="00:00:00.0326363" startTime="2026-09-11T14:31:52.4024833+00:00" endTime="2026-09-11T14:31:52.4349286+00:00" testType="13cdc9d9-ddb5-4fa4-a97d-d965ccfc6d4b" outcome="Passed" testListId="8c84fa94-04c1-424b-9868-57a2d4851a1d" relativeResultsDirectory="3f3b3eba-cbd2-4369-9f17-2105986157f1" />
[...]
    <TestEntry testId="a7ad8c5f-cfee-56e1-32ec-04c09ddba7ce" executionId="ca6d39c4-c35c-4791-bd65-6d37e69fdf6c" testListId="8c84fa94-04c1-424b-9868-57a2d4851a1d" />
    <TestEntry testId="7e5a3c88-0a72-8436-9dc4-f9678f65fa89" executionId="e0496be1-e6c1-4726-aaaf-3471432c35d4" testListId="8c84fa94-04c1-424b-9868-57a2d4851a1d" />
    <TestEntry testId="ec805671-4434-6af4-e651-cf7e0de4794f" executionId="1d0ea05c-1951-40a2-87f4-fd78f12cfd91" testListId="8c84fa94-04c1-424b-9868-57a2d4851a1d" />
    <TestEntry testId="d275bbbf-d828-e7e0-199c-d8f920df05c2" executionId="669a3dd5-a4cb-4b30-bf6b-5076073f05c6" testListId="8c84fa94-04c1-424b-9868-57a2d4851a1d" />
    <TestEntry testId="aff299fa-fd83-b965-54db-542ab9c64198" executionId="f7e220ab-6f9a-4e99-9cdd-a2c9f181b814" testListId="8c84fa94-04c1-424b-9868-57a2d4851a1d" />
    <TestEntry testId="c12dcf40-0979-5554-0cff-e203e1a37890" executionId="c13fe4f0-3827-4dbf-928b-8897dda87fa7" testListId="8c84fa94-04c1-424b-9868-57a2d4851a1d" />
    <TestEntry testId="d71b22a9-fd84-5769-c6ab-f3de8990dbe3" executionId="4b87f691-ae91-4f08-92d5-e5cdf80c35fd" testListId="8c84fa94-04c1-424b-9868-57a2d4851a1d" />
    <TestEntry testId="655ad4f4-e433-1a8c-9783-babea0e2924f" executionId="ca4cf885-a442-43b7-b991-576e738367e4" testListId="8c84fa94-04c1-424b-9868-57a2d4851a1d" />
    <TestEntry testId="cca63c8f-8263-6629-e605-419fd02a3590" executionId="c29eed41-4d93-40b8-9f5a-4048a24e79cb" testListId="8c84fa94-04c1-424b-9868-57a2d4851a1d" />
    <TestEntry testId="f8e422a6-cd07-b558-0689-baf3f1ad2327" executionId="25b12f94-c489-44b5-b43b-81415793743e" testListId="8c84fa94-04c1-424b-9868-57a2d4851a1d" />
    <TestEntry testId="dc97bb9b-538a-4e08-bbe1-acc0c4a494ef" executionId="218738c1-6ac3-4035-9ffa-67baa0f9f007" testListId="8c84fa94-04c1-424b-9868-57a2d4851a1d" />
    <TestEntry testId="229d55aa-8806-f3bd-32c0-ac01e0981a2a" executionId="68dc3a7d-fd26-47c7-897e-b9a471ec1b42" testListId="8c84fa94-04c1-424b-9868-57a2d4851a1d" />
    <TestEntry testId="14a2c7b9-6e5a-42e5-11c8-c135aa46f6fe" executionId="1467e89a-dfad-477f-b7a9-365f9552ece9" testListId="8c84fa94-04c1-424b-9868-57a2d4851a1d" />
    <TestEntry testId="1eb59eaa-76ec-8c24-c982-47e2802ab57b" executionId="d6bdb74d-001e-499c-b363-46195e80899d" testListId="8c84fa94-04c1-424b-9868-57a2d4851a1d" />
    <TestEntry testId="a6e5d08c-bb72-128d-85a5-90d82d70280d" executionId="652f2679-cace-42a4-8b35-33587475f063" testListId="8c84fa94-04c1-424b-9868-57a2d4851a1d" />
    <TestEntry testId="729a321c-4e7d-ab51-3260-3d6be9d14627" executionId="3f6d8410-06b2-4a40-9e0b-9437104f28f5" testListId="8c84fa94-04c1-424b-9868-57a2d4851a1d" />
    <TestEntry testId="85d2c53c-b756-3556-5ecb-a8371bb3557a" executionId="89c4465e-61cd-4432-adba-6dfe861630d8" testListId="8c84fa94-04c1-424b-9868-57a2d4851a1d" />
    <TestEntry testId="be5bf9b1-deb2-c10f-1194-67e524a0220b" executionId="14961222-9844-4c35-bd0c-900c4ef43bd9" testListId="8c84fa94-04c1-424b-9868-57a2d4851a1d" />
    <TestEntry testId="d6d3a757-79b5-8ccc-858f-dd43496a28c9" executionId="4f088045-d5ba-4c13-b731-1abdf8ae27be" testListId="8c84fa94-04c1-424b-9868-57a2d4851a1d" />
    <TestEntry testId="83516319-995f-1d80-1fde-241833ad60f1" executionId="93238b34-cb4c-4215-9041-69b18284b087" testListId="8c84fa94-04c1-424b-9868-57a2d4851a1d" />
    <TestEntry testId="28209eef-d1a2-d7d2-179b-8431bd1b9990" executionId="59576972-8388-4193-aba5-61b53651c807" testListId="8c84fa94-04c1-424b-9868-57a2d4851a1d" />
    <TestEntry testId="d03a8e7b-83a0-c277-4243-eb66ad8dc328" executionId="bbdc7d76-92f8-4908-b9b0-ec99b9fb94ed" testListId="8c84fa94-04c1-424b-9868-57a2d4851a1d" />
    <TestEntry testId="57a46360-af63-6e43-e1d9-9f0f0877adc8" executionId="093cefa5-5660-48c6-8848-42bd8a60b073" testListId="8c84fa94-04c1-424b-9868-57a2d4851a1d" />
    <TestEntry testId="0e66f654-46ac-3f0e-f8cc-4c7e2c774bc2" executionId="790bd026-25db-4131-8a2d-1228b37c8296" testListId="8c84fa94-04c1-424b-9868-57a2d4851a1d" />
    <TestEntry testId="2c5225d8-72e2-f0dd-b2e9-806536a34018" executionId="06c50322-002c-4f1d-920a-a6240d563411" testListId="8c84fa94-04c1-424b-9868-57a2d4851a1d" />
    <TestEntry testId="13ce7bf4-677f-8d4b-827f-c5d2fd1d6c8c" executionId="482ee1e9-e0f9-4ab3-95c2-e4ef664ba7fa" testListId="8c84fa94-04c1-424b-9868-57a2d4851a1d" />
    <TestEntry testId="903ec948-82c8-866f-52b0-a870e6aad203" executionId="37311581-380b-4232-8c6c-69215df7ca59" testListId="8c84fa94-04c1-424b-9868-57a2d4851a1d" />
    <TestEntry testId="d586e30d-e27f-f432-c457-64822892371b" executionId="c4e239ef-d0ca-4d30-b0f3-b95d35f3d624" testListId="8c84fa94-04c1-424b-9868-57a2d4851a1d" />
    <TestEntry testId="2d1dce2f-858b-45ca-367a-74eab051c355" executionId="ef30d0b3-ee65-4834-a8b2-355529dcefdb" testListId="8c84fa94-04c1-424b-9868-57a2d4851a1d" />
    <TestEntry testId="78819d2c-c79f-7d84-6bf5-54d7c8de6c96" executionId="a0fb1b4d-2b77-4340-b89c-a871f6e73249" testListId="8c84fa94-04c1-424b-9868-57a2d4851a1d" />
    <TestEntry testId="b0d4453c-5d9f-ba35-8575-3557f56194ae" executionId="2ba7981f-17fa-40a9-9a01-894c0eef63cc" testListId="8c84fa94-04c1-424b-9868-57a2d4851a1d" />
    <TestEntry testId="2b65be37-f6fb-abe2-6978-2d3691e6c0cd" executionId="7cfb72a2-7f8d-4090-bae7-e4eb7341a2f0" testListId="8c84fa94-04c1-424b-9868-57a2d4851a1d" />
    <TestEntry testId="d60494f2-c6cf-ccc8-bb4f-188de49b0b5a" executionId="fc910cdc-0b53-4331-9fe0-5f832faaafd0" testListId="8c84fa94-04c1-424b-9868-57a2d4851a1d" />
    <TestEntry testId="2aa280df-1f61-2565-b5e9-b20035e9f874" executionId="c97ef219-5d92-4d04-a5f5-9c9484b6efd2" testListId="8c84fa94-04c1-424b-9868-57a2d4851a1d" />
    <TestEntry testId="a1efa50c-7231-3ac6-4cf9-3dbab3acf05f" executionId="b15699d5-860e-4e2e-b2a2-6dcfa4390ba9" testListId="8c84fa94-04c1-424b-9868-57a2d4851a1d" />
    <TestEntry testId="61ee2aab-bf8c-86e4-a855-afbd74b62766" executionId="71605664-1a9f-40d0-a667-1c94b7b3f56a" testListId="8c84fa94-04c1-424b-9868-57a2d4851a1d" />
    <TestEntry testId="1a40ae9b-407b-24c1-8b15-9b79fbd3a927" executionId="1a2ff29f-084b-4eb5-8f20-3782947cdd4c" testListId="8c84fa94-04c1-424b-9868-57a2d4851a1d" />
    <TestEntry testId="50f5a84a-716e-f379-9837-cbcd9fdfed22" executionId="2bd9cc49-967e-4df5-a1f4-eafb5775d944" testListId="8c84fa94-04c1-424b-9868-57a2d4851a1d" />
    <TestEntry testId="bcd8b28a-3622-50b6-fe48-0191981722fd" executionId="0401c347-deda-4c48-bb34-fb0f13e02d82" testListId="8c84fa94-04c1-424b-9868-57a2d4851a1d" />
    <TestEntry testId="7b4d9e9d-0e54-5ae0-f9c8-1200dd3f80cf" executionId="197cda84-98d7-47a4-8ac5-f60dbe8a4c7f" testListId="8c84fa94-04c1-424b-9868-57a2d4851a1d" />
    <TestEntry testId="503dfa1d-13b2-2060-3fe6-8ff5b36279c4" executionId="2688c628-b8d5-4de0-be6b-aba9fdf78966" testListId="8c84fa94-04c1-424b-9868-57a2d4851a1d" />
    <TestEntry testId="830d074f-bc78-8e5c-41cb-4ab03fbc4ee7" executionId="0119acee-b69b-435f-9fe0-2bba3e78859e" testListId="8c84fa94-04c1-424b-9868-57a2d4851a1d" />
    <TestEntry testId="1acac50b-1d8d-aa05-3961-a6e3a05ba8e7" executionId="8d368cb7-692f-4a66-b5f0-d9a0f4126198" testListId="8c84fa94-04c1-424b-9868-57a2d4851a1d" />
    <TestEntry testId="b8c1deb1-8024-5a55-346d-629cb87f37cf" executionId="fb7d8d51-3f88-41fa-a97d-0d82d41d3142" testListId="8c84fa94-04c1-424b-9868-57a2d4851a1d" />
    <TestEntry testId="d7cb3608-7cbc-40dd-a009-bdc6e2f2b5e3" executionId="d1f0d4b8-921d-48a3-b81e-808cdf5d63f0" testListId="8c84fa94-04c1-424b-9868-57a2d4851a1d" />
    <TestEntry testId="86514b41-afdc-0b52-5691-a140e24bc0b7" executionId="29d85e47-83ea-4a92-b5f4-cbc6c88a0676" testListId="8c84fa94-04c1-424b-9868-57a2d4851a1d" />
    <TestEntry testId="869c6ae8-14d3-77fa-efe0-74f156582fcd" executionId="c8322a93-d264-4629-8d69-1d3b3f5c3786" testListId="8c84fa94-04c1-424b-9868-57a2d4851a1d" />
    <TestEntry testId="cbfed4d4-5320-fe7e-31b5-1c811c64a36d" executionId="d9fe1913-bc7b-4707-b612-61ba88e8997a" testListId="8c84fa94-04c1-424b-9868-57a2d4851a1d" />
    <TestEntry testId="4f73cd03-fe43-8dac-e8f9-25c4b8f3366b" executionId="0b21036c-ae44-4704-ba12-7c6bae74a2aa" testListId="8c84fa94-04c1-424b-9868-57a2d4851a1d" />
    <TestEntry testId="3f36f7d3-50f6-091f-79de-0ab1540cdad8" executionId="f2c08a65-98b9-4991-8827-5fa68022ac2c" testListId="8c84fa94-04c1-424b-9868-57a2d4851a1d" />
    <TestEntry testId="ce086947-4ad6-cf2a-b4e3-0f76e3ca7fe1" executionId="1dd3f53d-3a86-4a36-b161-f6e005ea0af1" testListId="8c84fa94-04c1-424b-9868-57a2d4851a1d" />
    <TestEntry testId="25e82b58-2069-367c-4f29-064cacc0517b" executionId="c24b25a7-bab9-4a05-a9bc-7963de47f81e" testListId="8c84fa94-04c1-424b-9868-57a2d4851a1d" />
    <TestEntry testId="feeb2574-463c-6fe5-0ba4-a19b41b1ca59" executionId="a407f67b-73a2-4351-a4dc-03201fc9cad7" testListId="8c84fa94-04c1-424b-9868-57a2d4851a1d" />
    <TestEntry testId="c64341eb-503d-8856-fdae-fa9c0a998b74" executionId="2341118b-5cb8-4015-86c6-0006ba902429" testListId="8c84fa94-04c1-424b-9868-57a2d4851a1d" />
    <TestEntry testId="5b5e6caa-cdac-42dc-42bd-edfaf9fc941f" executionId="c58ddf21-6625-4a59-8eae-0c6decd2dd60" testListId="8c84fa94-04c1-424b-9868-57a2d4851a1d" />
    <TestEntry testId="f7b3fc18-95d6-d73a-61b3-ee5491422ac9" executionId="b11b23fe-c24e-4e83-8907-69390094ffd6" testListId="8c84fa94-04c1-424b-9868-57a2d4851a1d" />
    <TestEntry testId="37780ad8-5a18-3c69-756e-a4867c876a4e" executionId="651e6abc-2db3-4f66-b0d4-340745907d64" testListId="8c84fa94-04c1-424b-9868-57a2d4851a1d" />
    <TestEntry testId="b2ef71ab-eda2-dd6f-d644-30083d754a7a" executionId="245fb584-4786-41f7-a303-e8d71dd1e4ae" testListId="8c84fa94-04c1-424b-9868-57a2d4851a1d" />
    <TestEntry testId="4cedab83-dfc3-598b-3012-778ea1df4dc7" executionId="034edc54-67b0-4909-ae9b-e3bfe2c77fd6" testListId="8c84fa94-04c1-424b-9868-57a2d4851a1d" />
    <TestEntry testId="a9dc90f2-b343-a790-faf2-91d380ecc2bf" executionId="69bef133-54b0-45fb-9e1a-e7f3e36c9d45" testListId="8c84fa94-04c1-424b-9868-57a2d4851a1d" />
    <TestEntry testId="facede80-a112-e32c-ce25-3aed6df9e79f" executionId="d413d26d-61df-4339-a1da-89e967af8cc3" testListId="8c84fa94-04c1-424b-9868-57a2d4851a1d" />
    <TestEntry testId="cb096fc5-efc3-9c01-902d-513c03fa67a0" executionId="1ef290a6-e3c1-46bd-8fbb-faaf289c573c" testListId="8c84fa94-04c1-424b-9868-57a2d4851a1d" />
    <TestEntry testId="d7b038f4-8726-8418-0ef3-fe01d43a559f" executionId="9abaf7c7-bb6a-4f80-9a38-01bf87b3db27" testListId="8c84fa94-04c1-424b-9868-57a2d4851a1d" />
    <TestEntry testId="6d860dec-10da-7ea4-360f-5f482938c103" executionId="3c62a85e-032f-4fd3-8819-8c2df4e91793" testListId="8c84fa94-04c1-424b-9868-57a2d4851a1d" />
    <TestEntry testId="7e5227d4-23ca-a330-134a-3fd7106b5cde" executionId="7ebb6be8-80e4-463b-9b2e-096c9cd47604" testListId="8c84fa94-04c1-424b-9868-57a2d4851a1d" />
    <TestEntry testId="8ae8b513-b8e6-8f95-9b05-4e3b61d8d467" executionId="7a72ebdc-742f-4423-a86f-53d25c5a6f0e" testListId="8c84fa94-04c1-424b-9868-57a2d4851a1d" />
    <TestEntry testId="c2ab07b1-9995-31f2-eb42-e448be1f646f" executionId="3085416e-385a-4497-9aea-5fa518c9ae8a" testListId="8c84fa94-04c1-424b-9868-57a2d4851a1d" />
    <TestEntry testId="233455ea-33d0-77d7-42da-0e9d731b299d" executionId="8996c220-596b-4be6-b361-9ab5734457ee" testListId="8c84fa94-04c1-424b-9868-57a2d4851a1d" />
    <TestEntry testId="d2d748ee-ab4c-9943-7bbd-ca124e858e05" executionId="619f8ab2-a742-4064-9f37-4185352e85b8" testListId="8c84fa94-04c1-424b-9868-57a2d4851a1d" />
    <TestEntry testId="861539b8-5d76-fc23-54e4-bfd1acefd912" executionId="fcb69eab-e77f-4b87-a400-72c36f2add35" testListId="8c84fa94-04c1-424b-9868-57a2d4851a1d" />
    <TestEntry testId="7521b243-e97d-6fa9-17d7-bd8fe328a150" executionId="31d9482b-68ec-4c31-beca-7dbee94c0ff3" testListId="8c84fa94-04c1-424b-9868-57a2d4851a1d" />
    <TestEntry testId="eb508664-7da4-ae2c-4983-0f31f021a6b1" executionId="276b29f9-dcdf-4b8e-b213-7da6a8e65c7d" testListId="8c84fa94-04c1-424b-9868-57a2d4851a1d" />
    <TestEntry testId="46b76693-f78a-4110-05c4-183781a038a5" executionId="fe5f1b3e-eed7-440e-ab4d-744b69744fe3" testListId="8c84fa94-04c1-424b-9868-57a2d4851a1d" />
    <TestEntry testId="1535b0a6-eba6-5e03-ebb4-513d7d899c3d" executionId="5ceba3e7-d2f3-4d45-ad65-e9af79828418" testListId="8c84fa94-04c1-424b-9868-57a2d4851a1d" />
    <TestEntry testId="98da289a-04e7-9fef-472c-d75fa6d968af" executionId="f2de7ce7-a296-4483-ae28-1d418cdbf8b2" testListId="8c84fa94-04c1-424b-9868-57a2d4851a1d" />
    <TestEntry testId="6e1c45c4-ca35-3dae-79e4-c7949d4aff2a" executionId="3f3b3eba-cbd2-4369-9f17-2105986157f1" testListId="8c84fa94-04c1-424b-9868-57a2d4851a1d" />
    <TestEntry testId="79a9467b-0b38-3ccd-c74c-7b30041c426b" executionId="de5fcefb-f20f-4537-8a3a-4c4430bc17e7" testListId="8c84fa94-04c1-424b-9868-57a2d4851a1d" />
    <TestEntry testId="44d6372d-0ef2-144b-e4db-3c5420e7a124" executionId="dd5b3df0-b637-4a9d-8a4b-c1174a1b8278" testListId="8c84fa94-04c1-424b-9868-57a2d4851a1d" />
    <TestEntry testId="2c33ec3d-3c5f-1359-3ab7-00009d0a3431" executionId="6459fd8e-5a83-4165-b20b-24979f537da8" testListId="8c84fa94-04c1-424b-9868-57a2d4851a1d" />
    <TestEntry testId="38908af2-ebb3-3ab6-c053-6bec4db03ea3" executionId="838874a6-e362-4092-b0a7-d364bea3b287" testListId="8c84fa94-04c1-424b-9868-57a2d4851a1d" />
    <TestEntry testId="1c3e4512-1a62-38d1-73d4-1aa15470d92f" executionId="69c6a1f0-7042-466c-a9de-f7fe7a89e56e" testListId="8c84fa94-04c1-424b-9868-57a2d4851a1d" />
    <TestEntry testId="e54f9061-6fed-ee77-07bb-1e36389723d2" executionId="5f540f56-b9a2-425d-8cc5-fb521b22e32b" testListId="8c84fa94-04c1-424b-9868-57a2d4851a1d" />
    <TestEntry testId="5098484d-d8a2-9531-f9f6-ca9ed4393490" executionId="54e4d28d-0e6f-4b6b-8e5f-0928c3f1ee4a" testListId="8c84fa94-04c1-424b-9868-57a2d4851a1d" />
    <TestEntry testId="3be57ab9-9bde-d8fc-a320-3cd5de9225f9" executionId="0d794d65-ecd5-4faa-a729-3bf348ea669c" testListId="8c84fa94-04c1-424b-9868-57a2d4851a1d" />
    <TestEntry testId="0918793d-fab4-9000-2fd3-6611e232be54" executionId="f87399d0-5e77-4e2d-a33f-4a33478bcfa5" testListId="8c84fa94-04c1-424b-9868-57a2d4851a1d" />
    <TestEntry testId="171e4570-2b23-e467-86ea-7f8976c94ae9" executionId="b18fab5f-62cc-4246-b505-e2339631c460" testListId="8c84fa94-04c1-424b-9868-57a2d4851a1d" />
    <TestEntry testId="8a71c8f3-e8a0-4104-705e-b5a3c66bb037" executionId="fe12fc17-c8c1-4164-a0a8-37de4e4243da" testListId="8c84fa94-04c1-424b-9868-57a2d4851a1d" />
    <TestEntry testId="3b1601aa-5d01-d18f-6ee6-40c80c9c2f50" executionId="55338166-5849-4767-8368-a5172336971f" testListId="8c84fa94-04c1-424b-9868-57a2d4851a1d" />
    <TestEntry testId="cc578efa-a966-6860-c407-b23027776ea2" executionId="970dfe15-48e3-408b-a726-b688a41e29aa" testListId="8c84fa94-04c1-424b-9868-57a2d4851a1d" />
    <TestEntry testId="77f8a3cf-2514-876e-f3bf-0cc767ba775a" executionId="0d35e35e-9a58-4c8a-a08e-ba03070ad507" testListId="8c84fa94-04c1-424b-9868-57a2d4851a1d" />
    <TestEntry testId="4ddac9c6-52f8-b1a1-7aac-4eea5c0aee6c" executionId="81875166-26c5-48a4-b9c9-ea75c8d20989" testListId="8c84fa94-04c1-424b-9868-57a2d4851a1d" />
    <TestEntry testId="80ce5a93-367a-2dff-6243-cc4179c20fef" executionId="983c0033-3b42-4323-8a25-a43f0d48acc3" testListId="8c84fa94-04c1-424b-9868-57a2d4851a1d" />
    <TestEntry testId="2de243a9-c4eb-38d2-a545-dee48bad0260" executionId="11cc89d2-442c-4bce-8afe-beffddf7c749" testListId="8c84fa94-04c1-424b-9868-57a2d4851a1d" />
    <TestEntry testId="fe37e301-337a-c2c4-0bbb-babdb9f758b4" executionId="7fae6c77-925b-4fae-8a54-b8f7d712e09f" testListId="8c84fa94-04c1-424b-9868-57a2d4851a1d" />
    <TestEntry testId="8b8af3fd-675d-5d33-8d26-bbd0ac7fd01a" executionId="cc7bfbcf-46f5-4577-b7e4-216f0b0b6da6" testListId="8c84fa94-04c1-424b-9868-57a2d4851a1d" />
    <TestEntry testId="0a58e389-8848-051d-44a9-f42d81cdf869" executionId="4d595caa-382a-4c65-a2ba-a56e219e33dd" testListId="8c84fa94-04c1-424b-9868-57a2d4851a1d" />
    <TestEntry testId="278857ff-de1e-aa3f-2f3e-dc56f7c3c5ec" executionId="9b785f95-2090-43f4-ba27-8161acebe78c" testListId="8c84fa94-04c1-424b-9868-57a2d4851a1d" />
    <TestEntry testId="b37d88af-0938-85a3-b332-dfaf3b6ef183" executionId="22381114-4537-4394-b1b7-5c3366bb00b8" testListId="8c84fa94-04c1-424b-9868-57a2d4851a1d" />
    <TestEntry testId="50e94035-1e9a-243e-7abf-8f5453fdae40" executionId="1aa5f598-0ca5-4966-bbcf-70e356b4b07c" testListId="8c84fa94-04c1-424b-9868-57a2d4851a1d" />
    <TestEntry testId="0a90a441-138a-8737-c1ab-5a8fd5d1689a" executionId="c76c71b6-487f-4791-a320-30ebc8257f09" testListId="8c84fa94-04c1-424b-9868-57a2d4851a1d" />
    <TestEntry testId="4ee732a7-637e-2771-6499-701e80ac592b" executionId="d62a5e6f-f114-43f0-8cc2-59ea61f1968d" testListId="8c84fa94-04c1-424b-9868-57a2d4851a1d" />
    <TestEntry testId="eb460bcb-e435-783c-1ec6-ea12deb19999" executionId="0fbed7d6-e30d-42a0-b8a3-edec11143cb0" testListId="8c84fa94-04c1-424b-9868-57a2d4851a1d" />
    <TestEntry testId="ed6124c8-4bb6-e1aa-5bc0-edfe996e962a" executionId="d914eb0d-72f6-473e-82bc-5f24d0ba98a5" testListId="8c84fa94-04c1-424b-9868-57a2d4851a1d" />
    <TestEntry testId="9c6c9501-4666-58a2-7f67-aec69a2884e5" executionId="ead29824-0842-4ded-81ba-652515760654" testListId="8c84fa94-04c1-424b-9868-57a2d4851a1d" />
    <TestEntry testId="a153be53-e975-af58-3f08-59e95762531a" executionId="c8a3c17f-9afb-41d7-970b-8f9f525c340a" testListId="8c84fa94-04c1-424b-9868-57a2d4851a1d" />
    <TestEntry testId="38944981-5b11-3bd3-6a9a-3ad2f3c52c22" executionId="305bfbd6-3ccc-4b6a-aeb4-2416269541f3" testListId="8c84fa94-04c1-424b-9868-57a2d4851a1d" />
    <TestEntry testId="dab6ad05-cee1-2563-0c4f-ce9f1050c99f" executionId="a626a7c5-4627-48b9-b7fd-cb2630091330" testListId="8c84fa94-04c1-424b-9868-57a2d4851a1d" />
    <TestEntry testId="ac263c4e-4fb3-4e83-d075-4b0adefdbd16" executionId="c28efe2f-bcbd-4591-b5d3-d8978c088ec6" testListId="8c84fa94-04c1-424b-9868-57a2d4851a1d" />
    <TestEntry testId="0a3b5d94-fd16-63e8-5f2a-a5263520b8a1" executionId="a398d6e0-dc55-42cb-be85-bfce5157cd39" testListId="8c84fa94-04c1-424b-9868-57a2d4851a1d" />
    <TestEntry testId="6fa77776-5b19-e228-9cd2-e4068a9c1383" executionId="02ecaff2-12f3-4fba-b4e7-227baa4fb003" testListId="8c84fa94-04c1-424b-9868-57a2d4851a1d" />
    <TestEntry testId="168ef436-4ced-387d-35ad-825364137939" executionId="63f9c139-ff09-41c5-801c-3ef3439a0015" testListId="8c84fa94-04c1-424b-9868-57a2d4851a1d" />
    <TestEntry testId="cdd38b56-3bb5-0d9f-de6b-880c9141a5b7" executionId="a7a3bce8-5aa2-4c9d-96d0-24ae6cbfc0d8" testListId="8c84fa94-04c1-424b-9868-57a2d4851a1d" />
    <TestEntry testId="4c99b994-430f-a822-f426-42c7dc1295ec" executionId="122f2736-d7d7-4be1-b8be-ffc0904b9e05" testListId="8c84fa94-04c1-424b-9868-57a2d4851a1d" />
    <TestEntry testId="3ab04371-c6d0-84be-d5b2-41245711269c" executionId="faad5fda-5c6d-4d81-bdfc-772fe982f1f9" testListId="8c84fa94-04c1-424b-9868-57a2d4851a1d" />
    <TestEntry testId="6d5a33d5-9ae8-9831-7da7-2f4c46c7e84f" executionId="185a9484-99cc-4121-90bb-8348c4bcfd48" testListId="8c84fa94-04c1-424b-9868-57a2d4851a1d" />
  </TestEntries>
  <TestLists>
    <TestList name="Results Not in a List" id="8c84fa94-04c1-424b-9868-57a2d4851a1d" />
    <TestList name="All Loaded Results" id="19431567-8539-422a-85d7-44ee4e166bda" />
  </TestLists>
  <ResultSummary outcome="Completed">
    <Counters total="183" executed="183" passed="183" failed="0" error="0" timeout="0" aborted="0" inconclusive="0" passedButRunAborted="0" notRunnable="0" notExecuted="0" disconnected="0" warning="0" completed="0" inProgress="0" pending="0" />
    <Output>
      <StdOut>[xUnit.net 00:00:00.00] xUnit.net VSTest Adapter v4.0.0+05679a7ab5 (64-bit .NET 8.0.31)&#xD;
[xUnit.net 00:00:00.10]   Discovering: DevBox.Tests&#xD;
[xUnit.net 00:00:00.18]   Discovered:  DevBox.Tests&#xD;
[xUnit.net 00:00:00.22]   Starting:    DevBox.Tests&#xD;
[xUnit.net 00:00:05.02]   Finished:    DevBox.Tests&#xD;
</StdOut>
    </Output>
  </ResultSummary>
</TestRun>